#
# A fatal error has been detected by the Java Runtime Environment:
#
#  Internal Error (0x40000015), pid=8500, tid=0x00000000000029a4
#
# JRE version: Java(TM) SE Runtime Environment (8.0_92-b14) (build 1.8.0_92-b14)
# Java VM: Java HotSpot(TM) 64-Bit Server VM (25.92-b14 mixed mode windows-amd64 compressed oops)
# Problematic frame:
# C  [KERNELBASE.dll+0x17788]
#
# Failed to write core dump. Minidumps are not enabled by default on client versions of Windows
#
# If you would like to submit a bug report, please visit:
#   http://bugreport.java.com/bugreport/crash.jsp
# The crash happened outside the Java Virtual Machine in native code.
# See problematic frame for where to report the bug.
#

---------------  T H R E A D  ---------------

Current thread (0x0000000017559800):  JavaThread "BBBHalRComp" [_thread_in_native, id=10660, stack(0x00000000226f0000,0x00000000227f0000)]

siginfo: ExceptionCode=0x40000015, ExceptionInformation=0x00007ffa1a0dcc08 

Registers:
RAX=0x00007ffa358bbe3c, RBX=0x00007ffa1a0dcc08, RCX=0x00000000227ce930, RDX=0x00000000227ce930
RSP=0x00000000227cedb0, RBP=0x0000000000000000, RSI=0x00000000227eefc0, RDI=0x0000000000000000
R8 =0x00000000227ce958, R9 =0x00000000227ce930, R10=0x00007ffa358ba423, R11=0x0000000000000000
R12=0x0000000000000000, R13=0x0000000002c7dad0, R14=0x00000000227ef0e0, R15=0x0000000017559800
RIP=0x00007ffa355c7788, EFLAGS=0x0000000000000202

Top of Stack: (sp=0x00000000227cedb0)
0x00000000227cedb0:   0000000000000002 00007ffa1a0dcc08
0x00000000227cedc0:   00000000227eefc0 0000000000000000
0x00000000227cedd0:   0000000140000015 0000000000000000
0x00000000227cede0:   00007ffa355c7788 0000000000000001
0x00000000227cedf0:   00007ffa1a0dcc08 00007ffa35848c8b
0x00000000227cee00:   00007ffa00000002 00007ffa35925510
0x00000000227cee10:   000000001eae6da0 00000000227cee20
0x00000000227cee20:   00000000227ceed0 00007ffa3585ce63
0x00000000227cee30:   00007ffa35925510 00000000227eefc0
0x00000000227cee40:   00000000227cee78 00000000227cee80
0x00000000227cee50:   00000000227ceec8 00007ffa3584dac5
0x00000000227cee60:   0000000000000000 00007ffa1a092f6d
0x00000000227cee70:   000079809e4f347f 0000000000000004
0x00000000227cee80:   0000000000000000 00007ffa1a09e691
0x00000000227cee90:   00007ffa1a0dcc08 00000000227eefc0
0x00000000227ceea0:   0000000000000000 00000000227ceec8 

Instructions: (pc=0x00007ffa355c7788)
0x00007ffa355c7768:   49 8b d1 44 0f 47 c0 44 89 44 24 38 49 c1 e0 03
0x00007ffa355c7778:   e8 57 54 06 00 48 8d 4c 24 20 ff 15 a0 08 13 00
0x00007ffa355c7788:   48 8b 8c 24 c0 00 00 00 48 33 cc e8 e8 19 06 00
0x00007ffa355c7798:   48 81 c4 d8 00 00 00 c3 83 64 24 38 00 eb d6 cc 


Register to memory mapping:

RAX=0x00007ffa358bbe3c is an unknown value
RBX=0x00007ffa1a0dcc08 is an unknown value
RCX=0x00000000227ce930 is pointing into the stack for thread: 0x0000000017559800
RDX=0x00000000227ce930 is pointing into the stack for thread: 0x0000000017559800
RSP=0x00000000227cedb0 is pointing into the stack for thread: 0x0000000017559800
RBP=0x0000000000000000 is an unknown value
RSI=0x00000000227eefc0 is pointing into the stack for thread: 0x0000000017559800
RDI=0x0000000000000000 is an unknown value
R8 =0x00000000227ce958 is pointing into the stack for thread: 0x0000000017559800
R9 =0x00000000227ce930 is pointing into the stack for thread: 0x0000000017559800
R10=0x00007ffa358ba423 is an unknown value
R11=0x0000000000000000 is an unknown value
R12=0x0000000000000000 is an unknown value
R13=0x0000000002c7dad0 is at entry_point+-432 in (nmethod*)0x0000000002c7dad0
R14=0x00000000227ef0e0 is pointing into the stack for thread: 0x0000000017559800
R15=0x0000000017559800 is a thread


Stack: [0x00000000226f0000,0x00000000227f0000],  sp=0x00000000227cedb0,  free space=891k
Native frames: (J=compiled Java code, j=interpreted, Vv=VM code, C=native code)

Java frames: (J=compiled Java code, j=interpreted, Vv=VM code)
J 1766  org.zeromq.ZMQ$Socket.recv(I)[B (0 bytes) @ 0x0000000002bd8d7b [0x0000000002bd8d40+0x3b]
J 1900% C2 com.kz.pipeCutter.BBB.BBBHalRComp.run()V (777 bytes) @ 0x0000000002c7dfbc [0x0000000002c7dc80+0x33c]
j  java.lang.Thread.run()V+11
v  ~StubRoutines::call_stub

---------------  P R O C E S S  ---------------

Java Threads: ( => current thread )
  0x00000000190da800 JavaThread "BBBStatus" [_thread_in_native, id=5996, stack(0x0000000025f90000,0x0000000026090000)]
  0x00000000190db800 JavaThread "BBBError" [_thread_in_native, id=10640, stack(0x0000000024ac0000,0x0000000024bc0000)]
  0x00000000190dd000 JavaThread "JmDNS(_machinekit._tcp.local.).State.Timer" [_thread_blocked, id=6564, stack(0x00000000237f0000,0x00000000238f0000)]
  0x00000000190d7800 JavaThread "JmDNS(_machinekit._tcp.local.).Timer" daemon [_thread_blocked, id=8988, stack(0x00000000236f0000,0x00000000237f0000)]
  0x00000000190da000 JavaThread "SocketListener(_machinekit._tcp.local.)" daemon [_thread_in_native, id=7908, stack(0x00000000235f0000,0x00000000236f0000)]
  0x00000000190d9000 JavaThread "SwingWorker-pool-4-thread-10" daemon [_thread_blocked, id=11156, stack(0x00000000234f0000,0x00000000235f0000)]
  0x00000000190d7000 JavaThread "SwingWorker-pool-4-thread-9" daemon [_thread_blocked, id=9920, stack(0x00000000233f0000,0x00000000234f0000)]
  0x00000000190d8800 JavaThread "SwingWorker-pool-4-thread-8" daemon [_thread_blocked, id=10268, stack(0x00000000232f0000,0x00000000233f0000)]
  0x000000001911a000 JavaThread "SwingWorker-pool-4-thread-7" daemon [_thread_blocked, id=2440, stack(0x00000000231f0000,0x00000000232f0000)]
  0x0000000019114800 JavaThread "SwingWorker-pool-4-thread-6" daemon [_thread_blocked, id=8536, stack(0x00000000230f0000,0x00000000231f0000)]
  0x0000000017560800 JavaThread "SwingWorker-pool-4-thread-5" daemon [_thread_blocked, id=5480, stack(0x0000000022ff0000,0x00000000230f0000)]
  0x000000001755f000 JavaThread "SwingWorker-pool-4-thread-4" daemon [_thread_blocked, id=10816, stack(0x0000000022df0000,0x0000000022ef0000)]
  0x000000001755e000 JavaThread "SwingWorker-pool-4-thread-3" daemon [_thread_blocked, id=9244, stack(0x0000000022cf0000,0x0000000022df0000)]
  0x000000001755d800 JavaThread "SwingWorker-pool-4-thread-2" daemon [_thread_blocked, id=3512, stack(0x0000000022bf0000,0x0000000022cf0000)]
  0x000000001755c800 JavaThread "SwingWorker-pool-4-thread-1" daemon [_thread_blocked, id=8400, stack(0x0000000022af0000,0x0000000022bf0000)]
=>0x0000000017559800 JavaThread "BBBHalRComp" [_thread_in_native, id=10660, stack(0x00000000226f0000,0x00000000227f0000)]
  0x0000000019117000 JavaThread "Thread-13" [_thread_blocked, id=1512, stack(0x00000000218f0000,0x00000000219f0000)]
  0x000000001911a800 JavaThread "BBBHalCommand" [_thread_blocked, id=1776, stack(0x00000000217f0000,0x00000000218f0000)]
  0x0000000018fdb800 JavaThread "TimerQueue" daemon [_thread_blocked, id=8172, stack(0x000000001f270000,0x000000001f370000)]
  0x0000000017842800 JavaThread "AWT-EventQueue-0-AWTAnimator#00" [_thread_blocked, id=10564, stack(0x000000001ef70000,0x000000001f070000)]
  0x00000000174c9800 JavaThread "AWT-EventQueue-0-SharedResourceRunner" daemon [_thread_blocked, id=10424, stack(0x0000000019e70000,0x0000000019f70000)]
  0x0000000017664800 JavaThread "BBBDiscoverer" [_thread_blocked, id=6824, stack(0x00000000181b0000,0x00000000182b0000)]
  0x0000000017661000 JavaThread "AWT-Windows" daemon [_thread_in_native, id=2328, stack(0x0000000017f00000,0x0000000018000000)]
  0x000000001765e800 JavaThread "AWT-Shutdown" [_thread_blocked, id=8836, stack(0x0000000017e00000,0x0000000017f00000)]
  0x0000000017658000 JavaThread "Java2D Disposer" daemon [_thread_blocked, id=8956, stack(0x0000000017d00000,0x0000000017e00000)]
  0x00000000024c4000 JavaThread "DestroyJavaVM" [_thread_blocked, id=7052, stack(0x0000000002360000,0x0000000002460000)]
  0x0000000016afb000 JavaThread "Service Thread" daemon [_thread_blocked, id=1684, stack(0x00000000170d0000,0x00000000171d0000)]
  0x0000000014d0a800 JavaThread "C1 CompilerThread2" daemon [_thread_blocked, id=10204, stack(0x0000000016fd0000,0x00000000170d0000)]
  0x0000000014d09800 JavaThread "C2 CompilerThread1" daemon [_thread_blocked, id=9536, stack(0x0000000016ed0000,0x0000000016fd0000)]
  0x0000000014cd8000 JavaThread "C2 CompilerThread0" daemon [_thread_blocked, id=10392, stack(0x00000000169d0000,0x0000000016ad0000)]
  0x0000000014ccc000 JavaThread "JDWP Command Reader" daemon [_thread_in_native, id=9948, stack(0x00000000168d0000,0x00000000169d0000)]
  0x0000000014cc5800 JavaThread "JDWP Event Helper Thread" daemon [_thread_blocked, id=8208, stack(0x00000000167d0000,0x00000000168d0000)]
  0x0000000014cb8000 JavaThread "JDWP Transport Listener: dt_socket" daemon [_thread_blocked, id=9548, stack(0x0000000016300000,0x0000000016400000)]
  0x0000000014cb1000 JavaThread "Attach Listener" daemon [_thread_blocked, id=10528, stack(0x0000000016200000,0x0000000016300000)]
  0x0000000014caf800 JavaThread "Signal Dispatcher" daemon [_thread_blocked, id=3220, stack(0x0000000016100000,0x0000000016200000)]
  0x0000000014c9a000 JavaThread "Finalizer" daemon [_thread_blocked, id=5920, stack(0x0000000015f10000,0x0000000016010000)]
  0x0000000014c79000 JavaThread "Reference Handler" daemon [_thread_blocked, id=8728, stack(0x0000000015e10000,0x0000000015f10000)]

Other Threads:
  0x0000000014c77000 VMThread [stack: 0x0000000015d10000,0x0000000015e10000] [id=7808]
  0x0000000016b30000 WatcherThread [stack: 0x00000000171d0000,0x00000000172d0000] [id=9048]

VM state:not at safepoint (normal execution)

VM Mutex/Monitor currently owned by a thread: None

Heap:
 PSYoungGen      total 253952K, used 119204K [0x00000000f0000000, 0x0000000100000000, 0x0000000100000000)
  eden space 245760K, 46% used [0x00000000f0000000,0x00000000f6f26d70,0x00000000ff000000)
  from space 8192K, 65% used [0x00000000ff800000,0x00000000ffd423b8,0x0000000100000000)
  to   space 8192K, 0% used [0x00000000ff000000,0x00000000ff000000,0x00000000ff800000)
 ParOldGen       total 786432K, used 8464K [0x00000000c0000000, 0x00000000f0000000, 0x00000000f0000000)
  object space 786432K, 1% used [0x00000000c0000000,0x00000000c08443a8,0x00000000f0000000)
 Metaspace       used 29377K, capacity 29556K, committed 30080K, reserved 1075200K
  class space    used 3370K, capacity 3442K, committed 3456K, reserved 1048576K

Card table byte_map: [0x0000000011980000,0x0000000011b90000] byte_map_base: 0x0000000011380000

Marking Bits: (ParMarkBitMap*) 0x00000000642d64f0
 Begin Bits: [0x0000000012110000, 0x0000000013110000)
 End Bits:   [0x0000000013110000, 0x0000000014110000)

Polling page: 0x0000000000800000

CodeCache: size=245760Kb used=8494Kb max_used=8699Kb free=237265Kb
 bounds [0x00000000025c0000, 0x0000000002e60000, 0x00000000115c0000]
 total_blobs=3375 nmethods=2434 adapters=860
 compilation: enabled

Compilation events (10 events):
Event: 57.206 Thread 0x0000000014d0a800 2694       1       javax.jmdns.impl.DNSCache$_CacheEntry::getValue (5 bytes)
Event: 57.206 Thread 0x0000000014d0a800 nmethod 2694 0x0000000002a17c10 code [0x0000000002a17d60, 0x0000000002a17e70]
Event: 57.215 Thread 0x0000000014d0a800 2695       3       javax.swing.text.DefaultCaret::access$100 (5 bytes)
Event: 57.216 Thread 0x0000000014d0a800 nmethod 2695 0x00000000028b5a10 code [0x00000000028b5b80, 0x00000000028b5d08]
Event: 57.216 Thread 0x0000000014d0a800 2696       3       javax.swing.text.DefaultCaret::ensureValidPosition (38 bytes)
Event: 57.216 Thread 0x0000000014d0a800 nmethod 2696 0x00000000027f2250 code [0x00000000027f2400, 0x00000000027f2c28]
Event: 57.275 Thread 0x0000000014d0a800 2697       3       javax.swing.text.Segment::<init> (8 bytes)
Event: 57.276 Thread 0x0000000014d0a800 nmethod 2697 0x000000000271d550 code [0x000000000271d6c0, 0x000000000271d8f0]
Event: 57.276 Thread 0x0000000014d0a800 2698       3       javax.swing.text.Segment::<init> (25 bytes)
Event: 57.276 Thread 0x0000000014d0a800 nmethod 2698 0x00000000029b9a10 code [0x00000000029b9b60, 0x00000000029b9d30]

GC Heap History (10 events):
Event: 47.356 GC heap before
{Heap before GC invocations=11 (full 1):
 PSYoungGen      total 252928K, used 249265K [0x00000000f0000000, 0x0000000100000000, 0x0000000100000000)
  eden space 243712K, 100% used [0x00000000f0000000,0x00000000fee00000,0x00000000fee00000)
  from space 9216K, 60% used [0x00000000fee00000,0x00000000ff36c790,0x00000000ff700000)
  to   space 9216K, 0% used [0x00000000ff700000,0x00000000ff700000,0x0000000100000000)
 ParOldGen       total 786432K, used 8448K [0x00000000c0000000, 0x00000000f0000000, 0x00000000f0000000)
  object space 786432K, 1% used [0x00000000c0000000,0x00000000c08403a8,0x00000000f0000000)
 Metaspace       used 29018K, capacity 29300K, committed 29824K, reserved 1075200K
  class space    used 3341K, capacity 3442K, committed 3456K, reserved 1048576K
Event: 47.362 GC heap after
Heap after GC invocations=11 (full 1):
 PSYoungGen      total 253440K, used 5405K [0x00000000f0000000, 0x0000000100000000, 0x0000000100000000)
  eden space 244224K, 0% used [0x00000000f0000000,0x00000000f0000000,0x00000000fee80000)
  from space 9216K, 58% used [0x00000000ff700000,0x00000000ffc47658,0x0000000100000000)
  to   space 8704K, 0% used [0x00000000fee80000,0x00000000fee80000,0x00000000ff700000)
 ParOldGen       total 786432K, used 8448K [0x00000000c0000000, 0x00000000f0000000, 0x00000000f0000000)
  object space 786432K, 1% used [0x00000000c0000000,0x00000000c08403a8,0x00000000f0000000)
 Metaspace       used 29018K, capacity 29300K, committed 29824K, reserved 1075200K
  class space    used 3341K, capacity 3442K, committed 3456K, reserved 1048576K
}
Event: 48.780 GC heap before
{Heap before GC invocations=12 (full 1):
 PSYoungGen      total 253440K, used 249629K [0x00000000f0000000, 0x0000000100000000, 0x0000000100000000)
  eden space 244224K, 100% used [0x00000000f0000000,0x00000000fee80000,0x00000000fee80000)
  from space 9216K, 58% used [0x00000000ff700000,0x00000000ffc47658,0x0000000100000000)
  to   space 8704K, 0% used [0x00000000fee80000,0x00000000fee80000,0x00000000ff700000)
 ParOldGen       total 786432K, used 8448K [0x00000000c0000000, 0x00000000f0000000, 0x00000000f0000000)
  object space 786432K, 1% used [0x00000000c0000000,0x00000000c08403a8,0x00000000f0000000)
 Metaspace       used 29230K, capacity 29492K, committed 29824K, reserved 1075200K
  class space    used 3364K, capacity 3442K, committed 3456K, reserved 1048576K
Event: 48.783 GC heap after
Heap after GC invocations=12 (full 1):
 PSYoungGen      total 252928K, used 5490K [0x00000000f0000000, 0x0000000100000000, 0x0000000100000000)
  eden space 244224K, 0% used [0x00000000f0000000,0x00000000f0000000,0x00000000fee80000)
  from space 8704K, 63% used [0x00000000fee80000,0x00000000ff3dc8f8,0x00000000ff700000)
  to   space 8704K, 0% used [0x00000000ff780000,0x00000000ff780000,0x0000000100000000)
 ParOldGen       total 786432K, used 8448K [0x00000000c0000000, 0x00000000f0000000, 0x00000000f0000000)
  object space 786432K, 1% used [0x00000000c0000000,0x00000000c08403a8,0x00000000f0000000)
 Metaspace       used 29230K, capacity 29492K, committed 29824K, reserved 1075200K
  class space    used 3364K, capacity 3442K, committed 3456K, reserved 1048576K
}
Event: 50.216 GC heap before
{Heap before GC invocations=13 (full 1):
 PSYoungGen      total 252928K, used 249714K [0x00000000f0000000, 0x0000000100000000, 0x0000000100000000)
  eden space 244224K, 100% used [0x00000000f0000000,0x00000000fee80000,0x00000000fee80000)
  from space 8704K, 63% used [0x00000000fee80000,0x00000000ff3dc8f8,0x00000000ff700000)
  to   space 8704K, 0% used [0x00000000ff780000,0x00000000ff780000,0x0000000100000000)
 ParOldGen       total 786432K, used 8448K [0x00000000c0000000, 0x00000000f0000000, 0x00000000f0000000)
  object space 786432K, 1% used [0x00000000c0000000,0x00000000c08403a8,0x00000000f0000000)
 Metaspace       used 29252K, capacity 29492K, committed 29824K, reserved 1075200K
  class space    used 3365K, capacity 3442K, committed 3456K, reserved 1048576K
Event: 50.219 GC heap after
Heap after GC invocations=13 (full 1):
 PSYoungGen      total 253440K, used 5405K [0x00000000f0000000, 0x0000000100000000, 0x0000000100000000)
  eden space 244736K, 0% used [0x00000000f0000000,0x00000000f0000000,0x00000000fef00000)
  from space 8704K, 62% used [0x00000000ff780000,0x00000000ffcc7658,0x0000000100000000)
  to   space 8704K, 0% used [0x00000000fef00000,0x00000000fef00000,0x00000000ff780000)
 ParOldGen       total 786432K, used 8448K [0x00000000c0000000, 0x00000000f0000000, 0x00000000f0000000)
  object space 786432K, 1% used [0x00000000c0000000,0x00000000c08403a8,0x00000000f0000000)
 Metaspace       used 29252K, capacity 29492K, committed 29824K, reserved 1075200K
  class space    used 3365K, capacity 3442K, committed 3456K, reserved 1048576K
}
Event: 51.905 GC heap before
{Heap before GC invocations=14 (full 1):
 PSYoungGen      total 253440K, used 250141K [0x00000000f0000000, 0x0000000100000000, 0x0000000100000000)
  eden space 244736K, 100% used [0x00000000f0000000,0x00000000fef00000,0x00000000fef00000)
  from space 8704K, 62% used [0x00000000ff780000,0x00000000ffcc7658,0x0000000100000000)
  to   space 8704K, 0% used [0x00000000fef00000,0x00000000fef00000,0x00000000ff780000)
 ParOldGen       total 786432K, used 8448K [0x00000000c0000000, 0x00000000f0000000, 0x00000000f0000000)
  object space 786432K, 1% used [0x00000000c0000000,0x00000000c08403a8,0x00000000f0000000)
 Metaspace       used 29296K, capacity 29556K, committed 30080K, reserved 1075200K
  class space    used 3365K, capacity 3442K, committed 3456K, reserved 1048576K
Event: 51.909 GC heap after
Heap after GC invocations=14 (full 1):
 PSYoungGen      total 253440K, used 5362K [0x00000000f0000000, 0x0000000100000000, 0x0000000100000000)
  eden space 244736K, 0% used [0x00000000f0000000,0x00000000f0000000,0x00000000fef00000)
  from space 8704K, 61% used [0x00000000fef00000,0x00000000ff43c8f8,0x00000000ff780000)
  to   space 8192K, 0% used [0x00000000ff800000,0x00000000ff800000,0x0000000100000000)
 ParOldGen       total 786432K, used 8456K [0x00000000c0000000, 0x00000000f0000000, 0x00000000f0000000)
  object space 786432K, 1% used [0x00000000c0000000,0x00000000c08423a8,0x00000000f0000000)
 Metaspace       used 29296K, capacity 29556K, committed 30080K, reserved 1075200K
  class space    used 3365K, capacity 3442K, committed 3456K, reserved 1048576K
}
Event: 53.685 GC heap before
{Heap before GC invocations=15 (full 1):
 PSYoungGen      total 253440K, used 250098K [0x00000000f0000000, 0x0000000100000000, 0x0000000100000000)
  eden space 244736K, 100% used [0x00000000f0000000,0x00000000fef00000,0x00000000fef00000)
  from space 8704K, 61% used [0x00000000fef00000,0x00000000ff43c8f8,0x00000000ff780000)
  to   space 8192K, 0% used [0x00000000ff800000,0x00000000ff800000,0x0000000100000000)
 ParOldGen       total 786432K, used 8456K [0x00000000c0000000, 0x00000000f0000000, 0x00000000f0000000)
  object space 786432K, 1% used [0x00000000c0000000,0x00000000c08423a8,0x00000000f0000000)
 Metaspace       used 29347K, capacity 29556K, committed 30080K, reserved 1075200K
  class space    used 3368K, capacity 3442K, committed 3456K, reserved 1048576K
Event: 53.689 GC heap after
Heap after GC invocations=15 (full 1):
 PSYoungGen      total 253952K, used 5384K [0x00000000f0000000, 0x0000000100000000, 0x0000000100000000)
  eden space 245760K, 0% used [0x00000000f0000000,0x00000000f0000000,0x00000000ff000000)
  from space 8192K, 65% used [0x00000000ff800000,0x00000000ffd423b8,0x0000000100000000)
  to   space 8192K, 0% used [0x00000000ff000000,0x00000000ff000000,0x00000000ff800000)
 ParOldGen       total 786432K, used 8464K [0x00000000c0000000, 0x00000000f0000000, 0x00000000f0000000)
  object space 786432K, 1% used [0x00000000c0000000,0x00000000c08443a8,0x00000000f0000000)
 Metaspace       used 29347K, capacity 29556K, committed 30080K, reserved 1075200K
  class space    used 3368K, capacity 3442K, committed 3456K, reserved 1048576K
}

Deoptimization events (10 events):
Event: 16.154 Thread 0x000000001911b800 Uncommon trap: reason=unstable_if action=reinterpret pc=0x0000000002bdae7c method=java.util.concurrent.ConcurrentHashMap.putVal(Ljava/lang/Object;Ljava/lang/Object;Z)Ljava/lang/Object; @ 98
Event: 18.536 Thread 0x000000001911a800 Uncommon trap: reason=unstable_if action=reinterpret pc=0x00000000027f2810 method=org.zeromq.ZFrame.recvFrame(Lorg/zeromq/ZMQ$Socket;I)Lorg/zeromq/ZFrame; @ 16
Event: 18.621 Thread 0x0000000017664800 Uncommon trap: reason=unstable_if action=reinterpret pc=0x0000000002b516b4 method=org.jzy3d.plot3d.primitives.pickable.PickablePoint.equals(Ljava/lang/Object;)Z @ 21
Event: 18.823 Thread 0x0000000017842800 Uncommon trap: reason=unstable_if action=reinterpret pc=0x000000000290de54 method=java.awt.Component.isDisplayable()Z @ 4
Event: 18.862 Thread 0x0000000017842800 Uncommon trap: reason=unstable_if action=reinterpret pc=0x000000000290f340 method=java.awt.Component.isDisplayable()Z @ 4
Event: 53.288 Thread 0x000000001911a000 Uncommon trap: reason=unstable_if action=reinterpret pc=0x0000000002acb2c4 method=java.util.regex.Pattern$Slice.match(Ljava/util/regex/Matcher;ILjava/lang/CharSequence;)Z @ 29
Event: 53.479 Thread 0x0000000019119000 Uncommon trap: reason=unstable_if action=reinterpret pc=0x0000000002c222c8 method=com.kz.pipeCutter.BBB.BBBError.run()V @ 279
Event: 54.011 Thread 0x0000000017664800 Uncommon trap: reason=unstable_if action=reinterpret pc=0x0000000002b194dc method=java.util.regex.Pattern$BitClass.isSatisfiedBy(I)Z @ 13
Event: 54.011 Thread 0x0000000017664800 Uncommon trap: reason=unstable_if action=reinterpret pc=0x0000000002b19be8 method=java.util.regex.Pattern.inRange(III)Z @ 2
Event: 54.418 Thread 0x0000000019116000 Uncommon trap: reason=unstable_if action=reinterpret pc=0x0000000002c7cfd8 method=com.kz.pipeCutter.BBB.BBBStatus.run()V @ 696

Internal exceptions (10 events):
Event: 15.839 Thread 0x0000000019118800 Exception <a 'java/lang/ArrayIndexOutOfBoundsException'> (0x00000000f2e391e0) thrown at [D:\re\workspace\8-2-build-windows-amd64-cygwin\jdk8u92\6642\hotspot\src\share\vm\runtime\sharedRuntime.cpp, line 605]
Event: 15.840 Thread 0x0000000019118800 Exception <a 'java/lang/ArrayIndexOutOfBoundsException'> (0x00000000f2e46880) thrown at [D:\re\workspace\8-2-build-windows-amd64-cygwin\jdk8u92\6642\hotspot\src\share\vm\runtime\sharedRuntime.cpp, line 605]
Event: 15.840 Thread 0x0000000019118800 Exception <a 'java/lang/ArrayIndexOutOfBoundsException'> (0x00000000f2e48568) thrown at [D:\re\workspace\8-2-build-windows-amd64-cygwin\jdk8u92\6642\hotspot\src\share\vm\runtime\sharedRuntime.cpp, line 605]
Event: 15.841 Thread 0x0000000019118800 Exception <a 'java/lang/ArrayIndexOutOfBoundsException'> (0x00000000f2e4fa38) thrown at [D:\re\workspace\8-2-build-windows-amd64-cygwin\jdk8u92\6642\hotspot\src\share\vm\runtime\sharedRuntime.cpp, line 605]
Event: 15.841 Thread 0x0000000019118800 Exception <a 'java/lang/ArrayIndexOutOfBoundsException'> (0x00000000f2e50c60) thrown at [D:\re\workspace\8-2-build-windows-amd64-cygwin\jdk8u92\6642\hotspot\src\share\vm\runtime\sharedRuntime.cpp, line 605]
Event: 15.841 Thread 0x0000000019118800 Exception <a 'java/lang/ArrayIndexOutOfBoundsException'> (0x00000000f2e524c0) thrown at [D:\re\workspace\8-2-build-windows-amd64-cygwin\jdk8u92\6642\hotspot\src\share\vm\runtime\sharedRuntime.cpp, line 605]
Event: 15.841 Thread 0x0000000019118800 Exception <a 'java/lang/ArrayIndexOutOfBoundsException'> (0x00000000f2e541d8) thrown at [D:\re\workspace\8-2-build-windows-amd64-cygwin\jdk8u92\6642\hotspot\src\share\vm\runtime\sharedRuntime.cpp, line 605]
Event: 15.841 Thread 0x0000000019118800 Exception <a 'java/lang/ArrayIndexOutOfBoundsException'> (0x00000000f2e55790) thrown at [D:\re\workspace\8-2-build-windows-amd64-cygwin\jdk8u92\6642\hotspot\src\share\vm\runtime\sharedRuntime.cpp, line 605]
Event: 37.169 Thread 0x000000001911b800 Exception <a 'java/net/ConnectException': Connection timed out: no further information> (0x00000000f4d86660) thrown at [D:\re\workspace\8-2-build-windows-amd64-cygwin\jdk8u92\6642\hotspot\src\share\vm\prims\jni.cpp, line 735]
Event: 37.379 Thread 0x000000001755f800 Exception <a 'java/net/ConnectException': Connection timed out: no further information> (0x00000000f5556bb0) thrown at [D:\re\workspace\8-2-build-windows-amd64-cygwin\jdk8u92\6642\hotspot\src\share\vm\prims\jni.cpp, line 735]

Events (10 events):
Event: 54.307 Thread 0x0000000017664800 DEOPT UNPACKING pc=0x000000000260787f sp=0x00000000182ab2e0 mode 1
Event: 54.418 Thread 0x0000000019116000 Uncommon trap: trap_request=0xffffff65 fr.pc=0x0000000002c7cfd8
Event: 54.418 Thread 0x0000000019116000 DEOPT PACKING pc=0x0000000002c7cfd8 sp=0x00000000213df000
Event: 54.418 Thread 0x0000000019116000 DEOPT UNPACKING pc=0x000000000260582a sp=0x00000000213df008 mode 2
Event: 54.420 Executing VM operation: RevokeBias
Event: 54.420 Executing VM operation: RevokeBias done
Event: 54.420 Thread 0x0000000019116000 Thread exited: 0x0000000019116000
Event: 54.696 Thread 0x00000000190db800 DEOPT PACKING pc=0x0000000002c2ffb2 sp=0x0000000024bbf4f0
Event: 54.696 Thread 0x00000000190db800 DEOPT UNPACKING pc=0x000000000260787f sp=0x0000000024bbf3a8 mode 0
Event: 57.211 Thread 0x00000000190da800 Thread added: 0x00000000190da800


Dynamic libraries:
0x00007ff7cc120000 - 0x00007ff7cc157000 	C:\Program Files\Java\jdk1.8.0_92\bin\javaw.exe
0x00007ffa38630000 - 0x00007ffa38801000 	C:\WINDOWS\SYSTEM32\ntdll.dll
0x00007ffa36080000 - 0x00007ffa3612b000 	C:\WINDOWS\System32\KERNEL32.DLL
0x00007ffa355b0000 - 0x00007ffa357cd000 	C:\WINDOWS\System32\KERNELBASE.dll
0x00007ffa37f50000 - 0x00007ffa37ff2000 	C:\WINDOWS\System32\ADVAPI32.dll
0x00007ffa35e20000 - 0x00007ffa35ebe000 	C:\WINDOWS\System32\msvcrt.dll
0x00007ffa38520000 - 0x00007ffa38579000 	C:\WINDOWS\System32\sechost.dll
0x00007ffa382e0000 - 0x00007ffa38401000 	C:\WINDOWS\System32\RPCRT4.dll
0x00007ffa368d0000 - 0x00007ffa36a35000 	C:\WINDOWS\System32\USER32.dll
0x00007ffa357d0000 - 0x00007ffa357ee000 	C:\WINDOWS\System32\win32u.dll
0x00007ffa385f0000 - 0x00007ffa38624000 	C:\WINDOWS\System32\GDI32.dll
0x00007ffa34cd0000 - 0x00007ffa34e52000 	C:\WINDOWS\System32\gdi32full.dll
0x00007ffa29f20000 - 0x00007ffa2a19a000 	C:\WINDOWS\WinSxS\amd64_microsoft.windows.common-controls_6595b64144ccf1df_6.0.14393.351_none_4213128bc687e6d3\COMCTL32.dll
0x00007ffa38010000 - 0x00007ffa382d7000 	C:\WINDOWS\System32\combase.dll
0x00007ffa35840000 - 0x00007ffa35935000 	C:\WINDOWS\System32\ucrtbase.dll
0x00007ffa34e60000 - 0x00007ffa34eca000 	C:\WINDOWS\System32\bcryptPrimitives.dll
0x00007ffa36840000 - 0x00007ffa3686e000 	C:\WINDOWS\System32\IMM32.DLL
0x0000000064360000 - 0x0000000064432000 	C:\Program Files\Java\jdk1.8.0_92\jre\bin\msvcr100.dll
0x0000000063ac0000 - 0x0000000064356000 	C:\Program Files\Java\jdk1.8.0_92\jre\bin\server\jvm.dll
0x00007ffa38000000 - 0x00007ffa38008000 	C:\WINDOWS\System32\PSAPI.DLL
0x00007ffa21290000 - 0x00007ffa21299000 	C:\WINDOWS\SYSTEM32\WSOCK32.dll
0x00007ffa38580000 - 0x00007ffa385ea000 	C:\WINDOWS\System32\WS2_32.dll
0x00007ffa33140000 - 0x00007ffa33163000 	C:\WINDOWS\SYSTEM32\WINMM.dll
0x00007ffa2a7c0000 - 0x00007ffa2a7ca000 	C:\WINDOWS\SYSTEM32\VERSION.dll
0x00000000007d0000 - 0x00000000007fb000 	C:\WINDOWS\SYSTEM32\WINMMBASE.dll
0x00007ffa357f0000 - 0x00007ffa35832000 	C:\WINDOWS\System32\cfgmgr32.dll
0x0000000063ab0000 - 0x0000000063abf000 	C:\Program Files\Java\jdk1.8.0_92\jre\bin\verify.dll
0x0000000063a80000 - 0x0000000063aa9000 	C:\Program Files\Java\jdk1.8.0_92\jre\bin\java.dll
0x0000000063710000 - 0x0000000063745000 	C:\Program Files\Java\jdk1.8.0_92\jre\bin\jdwp.dll
0x0000000063700000 - 0x0000000063708000 	C:\Program Files\Java\jdk1.8.0_92\jre\bin\npt.dll
0x0000000063a60000 - 0x0000000063a76000 	C:\Program Files\Java\jdk1.8.0_92\jre\bin\zip.dll
0x00007ffa36a40000 - 0x00007ffa37f49000 	C:\WINDOWS\System32\SHELL32.dll
0x00007ffa34ed0000 - 0x00007ffa355aa000 	C:\WINDOWS\System32\windows.storage.dll
0x00007ffa34ac0000 - 0x00007ffa34b0c000 	C:\WINDOWS\System32\powrprof.dll
0x00007ffa35ec0000 - 0x00007ffa35f12000 	C:\WINDOWS\System32\shlwapi.dll
0x00007ffa34a90000 - 0x00007ffa34a9f000 	C:\WINDOWS\System32\kernel.appcore.dll
0x00007ffa35b10000 - 0x00007ffa35bb9000 	C:\WINDOWS\System32\shcore.dll
0x00007ffa34aa0000 - 0x00007ffa34ab4000 	C:\WINDOWS\System32\profapi.dll
0x00000000636f0000 - 0x00000000636f9000 	C:\Program Files\Java\jdk1.8.0_92\jre\bin\dt_socket.dll
0x00007ffa31e10000 - 0x00007ffa31e26000 	C:\WINDOWS\system32\napinsp.dll
0x00007ffa31e50000 - 0x00007ffa31e6a000 	C:\WINDOWS\system32\pnrpnsp.dll
0x00007ffa329b0000 - 0x00007ffa329c8000 	C:\WINDOWS\system32\NLAapi.dll
0x00007ffa341e0000 - 0x00007ffa3423c000 	C:\WINDOWS\System32\mswsock.dll
0x00007ffa33fd0000 - 0x00007ffa34070000 	C:\WINDOWS\SYSTEM32\DNSAPI.dll
0x00007ffa36580000 - 0x00007ffa36588000 	C:\WINDOWS\System32\NSI.dll
0x00007ffa33f70000 - 0x00007ffa33fa8000 	C:\WINDOWS\SYSTEM32\IPHLPAPI.DLL
0x00007ffa31e70000 - 0x00007ffa31e7e000 	C:\WINDOWS\System32\winrnr.dll
0x00007ffa31e80000 - 0x00007ffa31e95000 	C:\WINDOWS\System32\wshbth.dll
0x0000000065320000 - 0x0000000065355000 	C:\Program Files\Bonjour\mdnsNSP.dll
0x00007ffa2b1e0000 - 0x00007ffa2b24a000 	C:\WINDOWS\System32\fwpuclnt.dll
0x00007ffa34670000 - 0x00007ffa3469b000 	C:\WINDOWS\SYSTEM32\bcrypt.dll
0x00007ffa2a7a0000 - 0x00007ffa2a7aa000 	C:\Windows\System32\rasadhlp.dll
0x00000000638a0000 - 0x0000000063a38000 	C:\Program Files\Java\jdk1.8.0_92\jre\bin\awt.dll
0x00007ffa35d60000 - 0x00007ffa35e1f000 	C:\WINDOWS\System32\OLEAUT32.dll
0x00007ffa34b80000 - 0x00007ffa34c1c000 	C:\WINDOWS\System32\msvcp_win.dll
0x00007ffa2dd50000 - 0x00007ffa2ddca000 	C:\WINDOWS\SYSTEM32\apphelp.dll
0x00007ffa332a0000 - 0x00007ffa33335000 	C:\WINDOWS\system32\uxtheme.dll
0x00007ffa36590000 - 0x00007ffa366eb000 	C:\WINDOWS\System32\MSCTF.dll
0x00007ffa1e570000 - 0x00007ffa1e608000 	C:\Program Files\Common Files\microsoft shared\ink\tiptsf.dll
0x00007ffa32df0000 - 0x00007ffa32e16000 	C:\WINDOWS\system32\dwmapi.dll
0x00007ffa366f0000 - 0x00007ffa36827000 	C:\WINDOWS\System32\ole32.dll
0x00007ffa34510000 - 0x00007ffa34527000 	C:\WINDOWS\SYSTEM32\CRYPTSP.dll
0x00007ffa343e0000 - 0x00007ffa34413000 	C:\WINDOWS\system32\rsaenh.dll
0x00007ffa33fb0000 - 0x00007ffa33fcf000 	C:\WINDOWS\SYSTEM32\USERENV.dll
0x00007ffa34500000 - 0x00007ffa3450b000 	C:\WINDOWS\SYSTEM32\CRYPTBASE.dll
0x0000000063a40000 - 0x0000000063a5a000 	C:\Program Files\Java\jdk1.8.0_92\jre\bin\net.dll
0x00007ffa2b7f0000 - 0x00007ffa2b806000 	C:\WINDOWS\SYSTEM32\dhcpcsvc6.DLL
0x00007ffa2b7d0000 - 0x00007ffa2b7ea000 	C:\WINDOWS\SYSTEM32\dhcpcsvc.DLL
0x00000000637f0000 - 0x0000000063801000 	C:\Program Files\Java\jdk1.8.0_92\jre\bin\nio.dll
0x00000000637c0000 - 0x00000000637cd000 	C:\Users\klemen\AppData\Local\Temp\jogamp_0000\file_cache\jln1636829557094493979\jln4518435515283046388\natives\windows-amd64\gluegen-rt.dll
0x00000000636d0000 - 0x00000000636d7000 	C:\Program Files\Java\jdk1.8.0_92\jre\bin\jawt.dll
0x000000006a440000 - 0x000000006a44d000 	C:\Users\klemen\AppData\Local\Temp\jogamp_0000\file_cache\jln1636829557094493979\jln4518435515283046388\natives\windows-amd64\nativewindow_awt.dll
0x000000006c100000 - 0x000000006c10f000 	C:\Users\klemen\AppData\Local\Temp\jogamp_0000\file_cache\jln1636829557094493979\jln4518435515283046388\natives\windows-amd64\nativewindow_win32.dll
0x00007ffa17ca0000 - 0x00007ffa17dc3000 	C:\WINDOWS\SYSTEM32\OpenGL32.dll
0x00007ffa12de0000 - 0x00007ffa12ed7000 	C:\WINDOWS\SYSTEM32\DDRAW.dll
0x00007ffa17c70000 - 0x00007ffa17c9d000 	C:\WINDOWS\SYSTEM32\GLU32.dll
0x00007ffa21630000 - 0x00007ffa21638000 	C:\WINDOWS\SYSTEM32\DCIMAN32.dll
0x0000000064500000 - 0x00000000645b1000 	C:\Users\klemen\AppData\Local\Temp\jogamp_0000\file_cache\jln1636829557094493979\jln4518435515283046388\natives\windows-amd64\jogl_desktop.dll
0x0000000016400000 - 0x0000000016462000 	C:\Users\klemen\AppData\Local\Temp\jogamp_0000\file_cache\jln1636829557094493979\jln4518435515283046388\natives\windows-amd64\jogl_mobile.dll
0x00007ff9f6720000 - 0x00007ff9f7469000 	C:\WINDOWS\System32\DriverStore\FileRepository\igdlh64.inf_amd64_0745f11ce6fc197c\ig9icd64.dll
0x00007ffa31f50000 - 0x00007ffa31f63000 	C:\WINDOWS\SYSTEM32\WTSAPI32.dll
0x00007ffa27d60000 - 0x00007ffa28ebc000 	C:\WINDOWS\System32\DriverStore\FileRepository\igdlh64.inf_amd64_0745f11ce6fc197c\igc64.dll
0x0000000063810000 - 0x0000000063857000 	C:\Program Files\Java\jdk1.8.0_92\jre\bin\fontmanager.dll
0x00000000180d0000 - 0x0000000018112000 	C:\Program Files\Java\jdk1.8.0_92\jre\bin\t2k.dll
0x00007ffa38480000 - 0x00007ffa3851f000 	C:\WINDOWS\System32\clbcatq.dll
0x00007ffa2b320000 - 0x00007ffa2b4c8000 	C:\WINDOWS\SYSTEM32\WindowsCodecs.dll
0x00007ffa17b80000 - 0x00007ffa17bc9000 	C:\WINDOWS\system32\dataexchange.dll
0x00007ffa31b10000 - 0x00007ffa31dc6000 	C:\WINDOWS\system32\d3d11.dll
0x00007ffa2d5b0000 - 0x00007ffa2d701000 	C:\WINDOWS\system32\dcomp.dll
0x00007ffa33a20000 - 0x00007ffa33abf000 	C:\WINDOWS\system32\dxgi.dll
0x00007ffa33440000 - 0x00007ffa3355c000 	C:\WINDOWS\system32\twinapi.appcore.dll
0x00007ffa1cf20000 - 0x00007ffa1d0cb000 	C:\Windows\System32\uiautomationcore.dll
0x00007ffa34960000 - 0x00007ffa349f8000 	C:\WINDOWS\SYSTEM32\sxs.dll
0x00000000636c0000 - 0x00000000636cd000 	C:\Program Files\Java\jdk1.8.0_92\jre\bin\management.dll
0x00007ffa1c1a0000 - 0x00007ffa1c208000 	C:\Users\klemen\AppData\Local\Temp\libsodium1476460272156320990.lib
0x00007ffa30e00000 - 0x00007ffa30e17000 	C:\WINDOWS\SYSTEM32\VCRUNTIME140.dll
0x00007ffa0e300000 - 0x00007ffa0e3b3000 	C:\Users\klemen\AppData\Local\Temp\libzmq7342161854776750539.lib
0x00007ffa31060000 - 0x00007ffa3106d000 	C:\Users\klemen\AppData\Local\Temp\libjzmq1683432884124197078.lib
0x00007ffa1a090000 - 0x00007ffa1a0fc000 	c:\temp\natives\libzmq-v140-mt-4_2_0.dll
0x00007ffa15930000 - 0x00007ffa159cd000 	C:\WINDOWS\SYSTEM32\MSVCP140.dll
0x0000000065160000 - 0x000000006517c000 	C:\WINDOWS\SYSTEM32\dnssd.dll
0x00007ffa2a7d0000 - 0x00007ffa2a835000 	C:\Windows\System32\OLEACC.dll
0x00007ffa1e8b0000 - 0x00007ffa1e92d000 	C:\WINDOWS\SYSTEM32\twinapi.dll
0x00007ffa32580000 - 0x00007ffa32712000 	C:\WINDOWS\SYSTEM32\dbghelp.dll

VM Arguments:
jvm_args: -agentlib:jdwp=transport=dt_socket,suspend=y,address=localhost:54915 -XX:+UseParallelOldGC -Xms1g -Xmx1g -XX:NewRatio=3 -Djava.library.path=c:\temp\natives -Dfile.encoding=UTF-8 
java_command: com.kz.pipeCutter.SurfaceDemo
java_class_path (initial): C:\Users\klemen\git\PipeCutter\target\classes;C:\Users\klemen\.m2\repository\org\jzy3d\jzy3d-api\1.0.0-SNAPSHOT\jzy3d-api-1.0.0-SNAPSHOT.jar;C:\Users\klemen\.m2\repository\org\jzy3d\jzy3d-jdt-core\1.0.0-SNAPSHOT\jzy3d-jdt-core-1.0.0-SNAPSHOT.jar;C:\Users\klemen\.m2\repository\commons-io\commons-io\2.3\commons-io-2.3.jar;C:\Users\klemen\.m2\repository\org\apache\commons\commons-lang3\3.1\commons-lang3-3.1.jar;C:\Users\klemen\.m2\repository\org\jogamp\gluegen\gluegen-rt-main\2.3.2\gluegen-rt-main-2.3.2.jar;C:\Users\klemen\.m2\repository\org\jogamp\gluegen\gluegen-rt\2.3.2\gluegen-rt-2.3.2.jar;C:\Users\klemen\.m2\repository\org\jogamp\gluegen\gluegen-rt\2.3.2\gluegen-rt-2.3.2-natives-android-aarch64.jar;C:\Users\klemen\.m2\repository\org\jogamp\gluegen\gluegen-rt\2.3.2\gluegen-rt-2.3.2-natives-android-armv6.jar;C:\Users\klemen\.m2\repository\org\jogamp\gluegen\gluegen-rt\2.3.2\gluegen-rt-2.3.2-natives-linux-amd64.jar;C:\Users\klemen\.m2\repository\org\jogamp\gluegen\gluegen-rt\2.3.2\gluegen-rt-2.3.2-natives-linux-armv6.jar;C:\Users\klemen\.m2\repository\org\jogamp\gluegen\gluegen-rt\2.3.2\gluegen-rt-2.3.2-natives-linux-armv6hf.jar;C:\Users\klemen\.m2\repository\org\jogamp\gluegen\gluegen-rt\2.3.2\gluegen-rt-2.3.2-natives-linux-i586.jar;C:\Users\klemen\.m2\repository\org\jogamp\gluegen\gluegen-rt\2.3.2\gluegen-rt-2.3.2-natives-macosx-universal.jar;C:\Users\klemen\.m2\repository\org\jogamp\gluegen\gluegen-rt\2.3.2\gluegen-rt-2.3.2-natives-solaris-amd64.jar;C:\Users\klemen\.m2\repository\org\jogamp\gluegen\gluegen-rt\2.3.2\gluegen-rt-2.3.2-natives-solaris-i586.jar;C:\Users\klemen\.m2\repository\org\jogamp\gluegen\gluegen-rt\2.3.2\gluegen-rt-2.3.2-natives-windows-amd64.jar;C:\Users\klemen\.m2\repository\org\jogamp\gluegen\gluegen-rt\2.3.2\gluegen-rt-2.3.2-natives-windows-i586.jar;C:\Users\klemen\.m2\repository\org\jogamp\jogl\jogl-all-main\2.3.2\jogl-all-main-2.3.2.jar;C:\Users\klemen\.m2\repository\org\jogamp\jogl\jogl-all\2.3.2\jogl-all-2.3.2
Launcher Type: SUN_STANDARD

Environment Variables:
JAVA_HOME=c:\Program Files\Java\jdk1.8.0_92\
PATH=C:\Program Files\Java\jdk1.8.0_92\jre\bin;C:\ProgramData\Oracle\Java\javapath;C:\Program Files (x86)\Intel\iCLS Client\;C:\Program Files\Intel\iCLS Client\;C:\WINDOWS\system32;C:\WINDOWS;C:\WINDOWS\System32\Wbem;C:\WINDOWS\System32\WindowsPowerShell\v1.0\;c:\Program Files (x86)\ATI Technologies\ATI.ACE\Core-Static;C:\Program Files (x86)\Intel\Intel(R) Management Engine Components\DAL;C:\Program Files\Intel\Intel(R) Management Engine Components\DAL;C:\Program Files (x86)\Intel\Intel(R) Management Engine Components\IPT;C:\Program Files\Intel\Intel(R) Management Engine Components\IPT;C:\Program Files\Git\cmd;C:\Program Files (x86)\PuTTY\;c:\Program Files\ffmpeg-20160701-2a8dadb-win64-static\bin;C:\Program Files\Intel\WiFi\bin\;C:\Program Files\Common Files\Intel\WirelessCommon\;C:\Program Files (x86)\Skype\Phone\;c:\JavaLibraries\apache-maven-3.3.9\bin\;C:\Program Files (x86)\Windows Kits\10\Windows Performance Toolkit\;C:\Program Files\jEdit;C:\Program Files (x86)\Windows Kits\8.1\Windows Performance Toolkit\;C:\gcc-linaro\yagarto-tools-200703;C:\Users\klemen\AppData\Local\Microsoft\WindowsApps;c:\Program Files (x86)\CMake\bin;c:\Program Files (x86)\Microsoft Visual Studio 10.0\VC\bin;c:\Program Files\Java\jdk1.8.0_92\bin\;C:\Program Files\Docker Toolbox;c:\temp\natives
USERNAME=klemen
OS=Windows_NT
PROCESSOR_IDENTIFIER=Intel64 Family 6 Model 78 Stepping 3, GenuineIntel



---------------  S Y S T E M  ---------------

OS: Windows 10.0 , 64 bit Build 14393 (10.0.14393.0)

CPU:total 4 (2 cores per cpu, 2 threads per core) family 6 model 78 stepping 3, cmov, cx8, fxsr, mmx, sse, sse2, sse3, ssse3, sse4.1, sse4.2, popcnt, avx, avx2, aes, clmul, erms, 3dnowpref, lzcnt, ht, tsc, tscinvbit, bmi1, bmi2, adx

Memory: 4k page, physical 8280020k(2902860k free), swap 16406484k(8282824k free)

vm_info: Java HotSpot(TM) 64-Bit Server VM (25.92-b14) for windows-amd64 JRE (1.8.0_92-b14), built on Mar 31 2016 21:03:04 by "java_re" with MS VC++ 10.0 (VS2010)

time: Sun Nov 06 13:26:47 2016
elapsed time: 57 seconds (0d 0h 0m 57s)

