#
# A fatal error has been detected by the Java Runtime Environment:
#
#  Internal Error (0x40000015), pid=4848, tid=0x0000000000002504
#
# JRE version: Java(TM) SE Runtime Environment (8.0_92-b14) (build 1.8.0_92-b14)
# Java VM: Java HotSpot(TM) 64-Bit Server VM (25.92-b14 mixed mode windows-amd64 compressed oops)
# Problematic frame:
# C  [KERNELBASE.dll+0x17788]
#
# Failed to write core dump. Minidumps are not enabled by default on client versions of Windows
#
# If you would like to submit a bug report, please visit:
#   http://bugreport.java.com/bugreport/crash.jsp
# The crash happened outside the Java Virtual Machine in native code.
# See problematic frame for where to report the bug.
#

---------------  T H R E A D  ---------------

Current thread (0x0000000019a86800):  JavaThread "BBBHalRComp" [_thread_in_native, id=9476, stack(0x00000000233d0000,0x00000000234d0000)]

siginfo: ExceptionCode=0x40000015, ExceptionInformation=0x00007ffff7e6cc08 

Registers:
RAX=0x00007ff807b7be3c, RBX=0x00007ffff7e6cc08, RCX=0x00000000234ae910, RDX=0x00000000234ae910
RSP=0x00000000234aed90, RBP=0x0000000000000000, RSI=0x00000000234cefc0, RDI=0x0000000000000000
R8 =0x00000000234ae938, R9 =0x00000000234ae910, R10=0x00007ff807b7a423, R11=0x0000000000000000
R12=0x0000000000000000, R13=0x0000000002a7cd50, R14=0x00000000234cf0c0, R15=0x0000000019a86800
RIP=0x00007ff807d87788, EFLAGS=0x0000000000000202

Top of Stack: (sp=0x00000000234aed90)
0x00000000234aed90:   0000000000000002 00007ffff7e6cc08
0x00000000234aeda0:   00000000234cefc0 0000000000000000
0x00000000234aedb0:   0000000140000015 0000000000000000
0x00000000234aedc0:   00007ff807d87788 0000000000000001
0x00000000234aedd0:   00007ffff7e6cc08 00007ff807b08c8b
0x00000000234aede0:   00007ff800000002 00007ff807be5510
0x00000000234aedf0:   000000001ea9d1b0 00000000234aee00
0x00000000234aee00:   00000000234aeeb0 00007ff807b1ce63
0x00000000234aee10:   00007ff807be5510 00000000234cefc0
0x00000000234aee20:   00000000234aee58 00000000234aee60
0x00000000234aee30:   00000000234aeea8 00007ff807b0dac5
0x00000000234aee40:   0000000000000000 00007ffff7e22f6d
0x00000000234aee50:   00006d71aebdbd70 0000000000000004
0x00000000234aee60:   0000000000000000 00007ffff7e2e691
0x00000000234aee70:   00007ffff7e6cc08 00000000234cefc0
0x00000000234aee80:   0000000000000000 00000000234aeea8 

Instructions: (pc=0x00007ff807d87788)
0x00007ff807d87768:   49 8b d1 44 0f 47 c0 44 89 44 24 38 49 c1 e0 03
0x00007ff807d87778:   e8 57 54 06 00 48 8d 4c 24 20 ff 15 a0 08 13 00
0x00007ff807d87788:   48 8b 8c 24 c0 00 00 00 48 33 cc e8 e8 19 06 00
0x00007ff807d87798:   48 81 c4 d8 00 00 00 c3 83 64 24 38 00 eb d6 cc 


Register to memory mapping:

RAX=0x00007ff807b7be3c is an unknown value
RBX=0x00007ffff7e6cc08 is an unknown value
RCX=0x00000000234ae910 is pointing into the stack for thread: 0x0000000019a86800
RDX=0x00000000234ae910 is pointing into the stack for thread: 0x0000000019a86800
RSP=0x00000000234aed90 is pointing into the stack for thread: 0x0000000019a86800
RBP=0x0000000000000000 is an unknown value
RSI=0x00000000234cefc0 is pointing into the stack for thread: 0x0000000019a86800
RDI=0x0000000000000000 is an unknown value
R8 =0x00000000234ae938 is pointing into the stack for thread: 0x0000000019a86800
R9 =0x00000000234ae910 is pointing into the stack for thread: 0x0000000019a86800
R10=0x00007ff807b7a423 is an unknown value
R11=0x0000000000000000 is an unknown value
R12=0x0000000000000000 is an unknown value
R13=0x0000000002a7cd50 is at entry_point+-432 in (nmethod*)0x0000000002a7cd50
R14=0x00000000234cf0c0 is pointing into the stack for thread: 0x0000000019a86800
R15=0x0000000019a86800 is a thread


Stack: [0x00000000233d0000,0x00000000234d0000],  sp=0x00000000234aed90,  free space=891k
Native frames: (J=compiled Java code, j=interpreted, Vv=VM code, C=native code)

Java frames: (J=compiled Java code, j=interpreted, Vv=VM code)
J 1799  org.zeromq.ZMQ$Socket.recv(I)[B (0 bytes) @ 0x00000000029a88bb [0x00000000029a8880+0x3b]
J 1941% C2 com.kz.pipeCutter.BBB.BBBHalRComp.run()V (777 bytes) @ 0x0000000002a7d23c [0x0000000002a7cf00+0x33c]
j  java.lang.Thread.run()V+11
v  ~StubRoutines::call_stub

---------------  P R O C E S S  ---------------

Java Threads: ( => current thread )
  0x0000000019a83000 JavaThread "BBBError" [_thread_in_native, id=11008, stack(0x0000000027ba0000,0x0000000027ca0000)]
  0x0000000019a86000 JavaThread "JmDNS(_machinekit._tcp.local.).State.Timer" [_thread_blocked, id=5024, stack(0x00000000278a0000,0x00000000279a0000)]
  0x0000000019a83800 JavaThread "JmDNS(_machinekit._tcp.local.).Timer" daemon [_thread_blocked, id=11204, stack(0x00000000277a0000,0x00000000278a0000)]
  0x0000000019a85000 JavaThread "SocketListener(_machinekit._tcp.local.)" daemon [_thread_in_native, id=11184, stack(0x0000000026670000,0x0000000026770000)]
  0x0000000019a84800 JavaThread "Connect thread 192.168.7.2 session" [_thread_in_native, id=6320, stack(0x00000000244d0000,0x00000000245d0000)]
  0x0000000019a8c800 JavaThread "SwingWorker-pool-4-thread-10" daemon [_thread_blocked, id=9268, stack(0x00000000240d0000,0x00000000241d0000)]
  0x0000000019a8f800 JavaThread "SwingWorker-pool-4-thread-9" daemon [_thread_blocked, id=9260, stack(0x0000000023fd0000,0x00000000240d0000)]
  0x0000000019a8f000 JavaThread "SwingWorker-pool-4-thread-8" daemon [_thread_blocked, id=9364, stack(0x0000000023ed0000,0x0000000023fd0000)]
  0x0000000019a89800 JavaThread "SwingWorker-pool-4-thread-7" daemon [_thread_blocked, id=9356, stack(0x0000000023dd0000,0x0000000023ed0000)]
  0x0000000019a82000 JavaThread "SwingWorker-pool-4-thread-6" daemon [_thread_blocked, id=9360, stack(0x0000000023cd0000,0x0000000023dd0000)]
  0x0000000019a89000 JavaThread "SwingWorker-pool-4-thread-5" daemon [_thread_blocked, id=9392, stack(0x0000000023bd0000,0x0000000023cd0000)]
  0x0000000019a81800 JavaThread "SwingWorker-pool-4-thread-4" daemon [_thread_blocked, id=9400, stack(0x0000000023ad0000,0x0000000023bd0000)]
  0x0000000019a88000 JavaThread "SwingWorker-pool-4-thread-3" daemon [_thread_blocked, id=9408, stack(0x00000000239d0000,0x0000000023ad0000)]
  0x0000000019a80800 JavaThread "SwingWorker-pool-4-thread-2" daemon [_thread_blocked, id=9448, stack(0x00000000238d0000,0x00000000239d0000)]
  0x0000000019a87800 JavaThread "SwingWorker-pool-4-thread-1" daemon [_thread_blocked, id=9480, stack(0x00000000237d0000,0x00000000238d0000)]
=>0x0000000019a86800 JavaThread "BBBHalRComp" [_thread_in_native, id=9476, stack(0x00000000233d0000,0x00000000234d0000)]
  0x0000000014a80800 JavaThread "Thread-13" [_thread_blocked, id=9580, stack(0x00000000223c0000,0x00000000224c0000)]
  0x0000000014a83800 JavaThread "BBBHalCommand" [_thread_blocked, id=9540, stack(0x00000000222c0000,0x00000000223c0000)]
  0x0000000014a7e000 JavaThread "BBBStatus" [_thread_in_native, id=9620, stack(0x0000000021eb0000,0x0000000021fb0000)]
  0x0000000018f09800 JavaThread "TimerQueue" daemon [_thread_blocked, id=9824, stack(0x000000001f280000,0x000000001f380000)]
  0x0000000017711800 JavaThread "AWT-EventQueue-0-AWTAnimator#00" [_thread_blocked, id=9772, stack(0x000000001ef80000,0x000000001f080000)]
  0x00000000171df000 JavaThread "AWT-EventQueue-0-SharedResourceRunner" daemon [_thread_blocked, id=9792, stack(0x0000000019d80000,0x0000000019e80000)]
  0x0000000017421000 JavaThread "BBBDiscoverer" [_thread_blocked, id=5880, stack(0x0000000017ec0000,0x0000000017fc0000)]
  0x0000000017418000 JavaThread "AWT-Windows" daemon [_thread_in_native, id=8340, stack(0x0000000017c50000,0x0000000017d50000)]
  0x0000000017417800 JavaThread "AWT-Shutdown" [_thread_blocked, id=8348, stack(0x0000000017b50000,0x0000000017c50000)]
  0x000000001740f000 JavaThread "Java2D Disposer" daemon [_thread_blocked, id=5688, stack(0x0000000017a50000,0x0000000017b50000)]
  0x0000000002264000 JavaThread "DestroyJavaVM" [_thread_blocked, id=1364, stack(0x0000000002160000,0x0000000002260000)]
  0x0000000016a8a000 JavaThread "Service Thread" daemon [_thread_blocked, id=10260, stack(0x0000000016e20000,0x0000000016f20000)]
  0x0000000014a8a000 JavaThread "C1 CompilerThread2" daemon [_thread_blocked, id=3776, stack(0x0000000016920000,0x0000000016a20000)]
  0x0000000014a87000 JavaThread "C2 CompilerThread1" daemon [_thread_blocked, id=4228, stack(0x0000000016820000,0x0000000016920000)]
  0x0000000014a85800 JavaThread "C2 CompilerThread0" daemon [_thread_blocked, id=5892, stack(0x0000000016720000,0x0000000016820000)]
  0x0000000014a78000 JavaThread "JDWP Command Reader" daemon [_thread_in_native, id=748, stack(0x0000000016620000,0x0000000016720000)]
  0x0000000014a6a800 JavaThread "JDWP Event Helper Thread" daemon [_thread_blocked, id=5412, stack(0x0000000016520000,0x0000000016620000)]
  0x0000000014a5c800 JavaThread "JDWP Transport Listener: dt_socket" daemon [_thread_blocked, id=4212, stack(0x0000000016090000,0x0000000016190000)]
  0x0000000014a52000 JavaThread "Attach Listener" daemon [_thread_blocked, id=4616, stack(0x0000000015f90000,0x0000000016090000)]
  0x0000000014a50800 JavaThread "Signal Dispatcher" daemon [_thread_blocked, id=4208, stack(0x0000000015e90000,0x0000000015f90000)]
  0x0000000014a3a000 JavaThread "Finalizer" daemon [_thread_blocked, id=5256, stack(0x0000000015ca0000,0x0000000015da0000)]
  0x0000000014a19000 JavaThread "Reference Handler" daemon [_thread_blocked, id=5932, stack(0x0000000015ba0000,0x0000000015ca0000)]

Other Threads:
  0x0000000014a17000 VMThread [stack: 0x0000000015aa0000,0x0000000015ba0000] [id=5884]
  0x0000000016aa1800 WatcherThread [stack: 0x0000000016f20000,0x0000000017020000] [id=10664]

VM state:not at safepoint (normal execution)

VM Mutex/Monitor currently owned by a thread: None

Heap:
 PSYoungGen      total 261632K, used 186313K [0x00000000f0000000, 0x0000000100000000, 0x0000000100000000)
  eden space 261120K, 71% used [0x00000000f0000000,0x00000000fb5c5550,0x00000000fff00000)
  from space 512K, 35% used [0x00000000fff00000,0x00000000fff2d2a0,0x00000000fff80000)
  to   space 512K, 0% used [0x00000000fff80000,0x00000000fff80000,0x0000000100000000)
 ParOldGen       total 786432K, used 19010K [0x00000000c0000000, 0x00000000f0000000, 0x00000000f0000000)
  object space 786432K, 2% used [0x00000000c0000000,0x00000000c1290918,0x00000000f0000000)
 Metaspace       used 31952K, capacity 32224K, committed 32640K, reserved 1079296K
  class space    used 3626K, capacity 3710K, committed 3712K, reserved 1048576K

Card table byte_map: [0x0000000011720000,0x0000000011930000] byte_map_base: 0x0000000011120000

Marking Bits: (ParMarkBitMap*) 0x000000005fd764f0
 Begin Bits: [0x0000000011eb0000, 0x0000000012eb0000)
 End Bits:   [0x0000000012eb0000, 0x0000000013eb0000)

Polling page: 0x0000000000870000

CodeCache: size=245760Kb used=10576Kb max_used=10589Kb free=235183Kb
 bounds [0x0000000002360000, 0x0000000002de0000, 0x0000000011360000]
 total_blobs=3898 nmethods=2949 adapters=868
 compilation: enabled

Compilation events (10 events):
Event: 183.556 Thread 0x0000000014a8a000 3466       3       javax.swing.text.Segment::<init> (8 bytes)
Event: 183.556 Thread 0x0000000014a8a000 nmethod 3466 0x0000000002c17d90 code [0x0000000002c17f00, 0x0000000002c18130]
Event: 183.557 Thread 0x0000000014a8a000 3467       3       javax.swing.text.Segment::<init> (25 bytes)
Event: 183.557 Thread 0x0000000014a8a000 nmethod 3467 0x0000000002835950 code [0x0000000002835aa0, 0x0000000002835c70]
Event: 183.557 Thread 0x0000000014a8a000 3465       3       javax.swing.text.DefaultCaret::ensureValidPosition (38 bytes)
Event: 183.557 Thread 0x0000000014a87000 3468       4       org.zeromq.ZMsg::recvMsg (69 bytes)
Event: 183.557 Thread 0x0000000014a8a000 nmethod 3465 0x0000000002834c90 code [0x0000000002834e40, 0x0000000002835668]
Event: 183.564 Thread 0x0000000014a87000 nmethod 3468 0x0000000002c1a310 code [0x0000000002c1a4e0, 0x0000000002c1aab0]
Event: 183.582 Thread 0x0000000014a8a000 3469       3       javax.swing.JTextField$ScrollRepainter::stateChanged (8 bytes)
Event: 183.582 Thread 0x0000000014a8a000 nmethod 3469 0x00000000027df850 code [0x00000000027df9e0, 0x00000000027dfde8]

GC Heap History (10 events):
Event: 179.837 GC heap before
{Heap before GC invocations=188 (full 1):
 PSYoungGen      total 261632K, used 261248K [0x00000000f0000000, 0x0000000100000000, 0x0000000100000000)
  eden space 261120K, 100% used [0x00000000f0000000,0x00000000fff00000,0x00000000fff00000)
  from space 512K, 25% used [0x00000000fff80000,0x00000000fffa0000,0x0000000100000000)
  to   space 512K, 0% used [0x00000000fff00000,0x00000000fff00000,0x00000000fff80000)
 ParOldGen       total 786432K, used 18930K [0x00000000c0000000, 0x00000000f0000000, 0x00000000f0000000)
  object space 786432K, 2% used [0x00000000c0000000,0x00000000c127c918,0x00000000f0000000)
 Metaspace       used 31900K, capacity 32160K, committed 32640K, reserved 1079296K
  class space    used 3621K, capacity 3710K, committed 3712K, reserved 1048576K
Event: 179.838 GC heap after
Heap after GC invocations=188 (full 1):
 PSYoungGen      total 261632K, used 128K [0x00000000f0000000, 0x0000000100000000, 0x0000000100000000)
  eden space 261120K, 0% used [0x00000000f0000000,0x00000000f0000000,0x00000000fff00000)
  from space 512K, 25% used [0x00000000fff00000,0x00000000fff20000,0x00000000fff80000)
  to   space 512K, 0% used [0x00000000fff80000,0x00000000fff80000,0x0000000100000000)
 ParOldGen       total 786432K, used 18954K [0x00000000c0000000, 0x00000000f0000000, 0x00000000f0000000)
  object space 786432K, 2% used [0x00000000c0000000,0x00000000c1282918,0x00000000f0000000)
 Metaspace       used 31900K, capacity 32160K, committed 32640K, reserved 1079296K
  class space    used 3621K, capacity 3710K, committed 3712K, reserved 1048576K
}
Event: 180.546 GC heap before
{Heap before GC invocations=189 (full 1):
 PSYoungGen      total 261632K, used 261248K [0x00000000f0000000, 0x0000000100000000, 0x0000000100000000)
  eden space 261120K, 100% used [0x00000000f0000000,0x00000000fff00000,0x00000000fff00000)
  from space 512K, 25% used [0x00000000fff00000,0x00000000fff20000,0x00000000fff80000)
  to   space 512K, 0% used [0x00000000fff80000,0x00000000fff80000,0x0000000100000000)
 ParOldGen       total 786432K, used 18954K [0x00000000c0000000, 0x00000000f0000000, 0x00000000f0000000)
  object space 786432K, 2% used [0x00000000c0000000,0x00000000c1282918,0x00000000f0000000)
 Metaspace       used 31908K, capacity 32224K, committed 32640K, reserved 1079296K
  class space    used 3622K, capacity 3710K, committed 3712K, reserved 1048576K
Event: 180.547 GC heap after
Heap after GC invocations=189 (full 1):
 PSYoungGen      total 261632K, used 180K [0x00000000f0000000, 0x0000000100000000, 0x0000000100000000)
  eden space 261120K, 0% used [0x00000000f0000000,0x00000000f0000000,0x00000000fff00000)
  from space 512K, 35% used [0x00000000fff80000,0x00000000fffad2a0,0x0000000100000000)
  to   space 512K, 0% used [0x00000000fff00000,0x00000000fff00000,0x00000000fff80000)
 ParOldGen       total 786432K, used 18954K [0x00000000c0000000, 0x00000000f0000000, 0x00000000f0000000)
  object space 786432K, 2% used [0x00000000c0000000,0x00000000c1282918,0x00000000f0000000)
 Metaspace       used 31908K, capacity 32224K, committed 32640K, reserved 1079296K
  class space    used 3622K, capacity 3710K, committed 3712K, reserved 1048576K
}
Event: 181.210 GC heap before
{Heap before GC invocations=190 (full 1):
 PSYoungGen      total 261632K, used 261300K [0x00000000f0000000, 0x0000000100000000, 0x0000000100000000)
  eden space 261120K, 99% used [0x00000000f0000000,0x00000000ffeffff0,0x00000000fff00000)
  from space 512K, 35% used [0x00000000fff80000,0x00000000fffad2a0,0x0000000100000000)
  to   space 512K, 0% used [0x00000000fff00000,0x00000000fff00000,0x00000000fff80000)
 ParOldGen       total 786432K, used 18954K [0x00000000c0000000, 0x00000000f0000000, 0x00000000f0000000)
  object space 786432K, 2% used [0x00000000c0000000,0x00000000c1282918,0x00000000f0000000)
 Metaspace       used 31908K, capacity 32224K, committed 32640K, reserved 1079296K
  class space    used 3622K, capacity 3710K, committed 3712K, reserved 1048576K
Event: 181.211 GC heap after
Heap after GC invocations=190 (full 1):
 PSYoungGen      total 261632K, used 148K [0x00000000f0000000, 0x0000000100000000, 0x0000000100000000)
  eden space 261120K, 0% used [0x00000000f0000000,0x00000000f0000000,0x00000000fff00000)
  from space 512K, 29% used [0x00000000fff00000,0x00000000fff252a0,0x00000000fff80000)
  to   space 512K, 0% used [0x00000000fff80000,0x00000000fff80000,0x0000000100000000)
 ParOldGen       total 786432K, used 18986K [0x00000000c0000000, 0x00000000f0000000, 0x00000000f0000000)
  object space 786432K, 2% used [0x00000000c0000000,0x00000000c128a918,0x00000000f0000000)
 Metaspace       used 31908K, capacity 32224K, committed 32640K, reserved 1079296K
  class space    used 3622K, capacity 3710K, committed 3712K, reserved 1048576K
}
Event: 181.914 GC heap before
{Heap before GC invocations=191 (full 1):
 PSYoungGen      total 261632K, used 261268K [0x00000000f0000000, 0x0000000100000000, 0x0000000100000000)
  eden space 261120K, 100% used [0x00000000f0000000,0x00000000fff00000,0x00000000fff00000)
  from space 512K, 29% used [0x00000000fff00000,0x00000000fff252a0,0x00000000fff80000)
  to   space 512K, 0% used [0x00000000fff80000,0x00000000fff80000,0x0000000100000000)
 ParOldGen       total 786432K, used 18986K [0x00000000c0000000, 0x00000000f0000000, 0x00000000f0000000)
  object space 786432K, 2% used [0x00000000c0000000,0x00000000c128a918,0x00000000f0000000)
 Metaspace       used 31908K, capacity 32224K, committed 32640K, reserved 1079296K
  class space    used 3622K, capacity 3710K, committed 3712K, reserved 1048576K
Event: 181.915 GC heap after
Heap after GC invocations=191 (full 1):
 PSYoungGen      total 261632K, used 96K [0x00000000f0000000, 0x0000000100000000, 0x0000000100000000)
  eden space 261120K, 0% used [0x00000000f0000000,0x00000000f0000000,0x00000000fff00000)
  from space 512K, 18% used [0x00000000fff80000,0x00000000fff98000,0x0000000100000000)
  to   space 512K, 0% used [0x00000000fff00000,0x00000000fff00000,0x00000000fff80000)
 ParOldGen       total 786432K, used 19010K [0x00000000c0000000, 0x00000000f0000000, 0x00000000f0000000)
  object space 786432K, 2% used [0x00000000c0000000,0x00000000c1290918,0x00000000f0000000)
 Metaspace       used 31908K, capacity 32224K, committed 32640K, reserved 1079296K
  class space    used 3622K, capacity 3710K, committed 3712K, reserved 1048576K
}
Event: 182.577 GC heap before
{Heap before GC invocations=192 (full 1):
 PSYoungGen      total 261632K, used 261216K [0x00000000f0000000, 0x0000000100000000, 0x0000000100000000)
  eden space 261120K, 100% used [0x00000000f0000000,0x00000000fff00000,0x00000000fff00000)
  from space 512K, 18% used [0x00000000fff80000,0x00000000fff98000,0x0000000100000000)
  to   space 512K, 0% used [0x00000000fff00000,0x00000000fff00000,0x00000000fff80000)
 ParOldGen       total 786432K, used 19010K [0x00000000c0000000, 0x00000000f0000000, 0x00000000f0000000)
  object space 786432K, 2% used [0x00000000c0000000,0x00000000c1290918,0x00000000f0000000)
 Metaspace       used 31915K, capacity 32224K, committed 32640K, reserved 1079296K
  class space    used 3623K, capacity 3710K, committed 3712K, reserved 1048576K
Event: 182.578 GC heap after
Heap after GC invocations=192 (full 1):
 PSYoungGen      total 261632K, used 180K [0x00000000f0000000, 0x0000000100000000, 0x0000000100000000)
  eden space 261120K, 0% used [0x00000000f0000000,0x00000000f0000000,0x00000000fff00000)
  from space 512K, 35% used [0x00000000fff00000,0x00000000fff2d2a0,0x00000000fff80000)
  to   space 512K, 0% used [0x00000000fff80000,0x00000000fff80000,0x0000000100000000)
 ParOldGen       total 786432K, used 19010K [0x00000000c0000000, 0x00000000f0000000, 0x00000000f0000000)
  object space 786432K, 2% used [0x00000000c0000000,0x00000000c1290918,0x00000000f0000000)
 Metaspace       used 31915K, capacity 32224K, committed 32640K, reserved 1079296K
  class space    used 3623K, capacity 3710K, committed 3712K, reserved 1048576K
}

Deoptimization events (10 events):
Event: 84.372 Thread 0x0000000019a8a800 Uncommon trap: reason=predicate action=maybe_recompile pc=0x0000000002ada868 method=java.lang.String.regionMatches(ZILjava/lang/String;II)Z @ 63
Event: 176.899 Thread 0x0000000017421000 Uncommon trap: reason=unstable_if action=reinterpret pc=0x000000000255fad8 method=java.util.HashMap.removeNode(ILjava/lang/Object;Ljava/lang/Object;ZZ)Ljava/util/HashMap$Node; @ 58
Event: 182.990 Thread 0x0000000014a82000 Uncommon trap: reason=unstable_if action=reinterpret pc=0x0000000002a7bc48 method=com.kz.pipeCutter.BBB.BBBError.run()V @ 279
Event: 183.491 Thread 0x0000000017421000 Uncommon trap: reason=unstable_if action=reinterpret pc=0x0000000002bcc31c method=java.util.regex.Pattern$BitClass.isSatisfiedBy(I)Z @ 13
Event: 183.491 Thread 0x0000000017421000 Uncommon trap: reason=unstable_if action=reinterpret pc=0x0000000002b9c850 method=java.util.regex.Pattern.inRange(III)Z @ 2
Event: 183.491 Thread 0x0000000017421000 Uncommon trap: reason=unstable_if action=reinterpret pc=0x0000000002a4ef70 method=java.util.Formatter$Flags.parse(Ljava/lang/String;)Ljava/util/Formatter$Flags; @ 19
Event: 183.491 Thread 0x0000000017421000 Uncommon trap: reason=unstable_if action=reinterpret pc=0x0000000002c0d45c method=java.util.Formatter$FormatSpecifier.width(Ljava/lang/String;)I @ 6
Event: 183.491 Thread 0x0000000017421000 Uncommon trap: reason=unstable_if action=reinterpret pc=0x00000000026e7f94 method=java.util.Formatter$FormatSpecifier.checkNumeric()V @ 5
Event: 183.491 Thread 0x0000000017421000 Uncommon trap: reason=unstable_if action=reinterpret pc=0x0000000002483e68 method=java.util.regex.Pattern.inRange(III)Z @ 2
Event: 183.491 Thread 0x0000000017421000 Uncommon trap: reason=unstable_if action=reinterpret pc=0x0000000002a553e0 method=java.util.Formatter$Flags.parse(Ljava/lang/String;)Ljava/util/Formatter$Flags; @ 19

Internal exceptions (10 events):
Event: 164.191 Thread 0x0000000019a84800 Exception <a 'java/net/SocketTimeoutException': Read timed out> (0x00000000f2860ac0) thrown at [D:\re\workspace\8-2-build-windows-amd64-cygwin\jdk8u92\6642\hotspot\src\share\vm\prims\jni.cpp, line 735]
Event: 166.193 Thread 0x0000000019a84800 Exception <a 'java/net/SocketTimeoutException': Read timed out> (0x00000000f2860ea8) thrown at [D:\re\workspace\8-2-build-windows-amd64-cygwin\jdk8u92\6642\hotspot\src\share\vm\prims\jni.cpp, line 735]
Event: 168.195 Thread 0x0000000019a84800 Exception <a 'java/net/SocketTimeoutException': Read timed out> (0x00000000ffbcef80) thrown at [D:\re\workspace\8-2-build-windows-amd64-cygwin\jdk8u92\6642\hotspot\src\share\vm\prims\jni.cpp, line 735]
Event: 170.195 Thread 0x0000000019a84800 Exception <a 'java/net/SocketTimeoutException': Read timed out> (0x00000000f6750cc0) thrown at [D:\re\workspace\8-2-build-windows-amd64-cygwin\jdk8u92\6642\hotspot\src\share\vm\prims\jni.cpp, line 735]
Event: 172.198 Thread 0x0000000019a84800 Exception <a 'java/net/SocketTimeoutException': Read timed out> (0x00000000f67510a8) thrown at [D:\re\workspace\8-2-build-windows-amd64-cygwin\jdk8u92\6642\hotspot\src\share\vm\prims\jni.cpp, line 735]
Event: 174.199 Thread 0x0000000019a84800 Exception <a 'java/net/SocketTimeoutException': Read timed out> (0x00000000f3875d20) thrown at [D:\re\workspace\8-2-build-windows-amd64-cygwin\jdk8u92\6642\hotspot\src\share\vm\prims\jni.cpp, line 735]
Event: 176.203 Thread 0x0000000019a84800 Exception <a 'java/net/SocketTimeoutException': Read timed out> (0x00000000f3876108) thrown at [D:\re\workspace\8-2-build-windows-amd64-cygwin\jdk8u92\6642\hotspot\src\share\vm\prims\jni.cpp, line 735]
Event: 178.204 Thread 0x0000000019a84800 Exception <a 'java/net/SocketTimeoutException': Read timed out> (0x00000000fa302560) thrown at [D:\re\workspace\8-2-build-windows-amd64-cygwin\jdk8u92\6642\hotspot\src\share\vm\prims\jni.cpp, line 735]
Event: 180.205 Thread 0x0000000019a84800 Exception <a 'java/net/SocketTimeoutException': Read timed out> (0x00000000f7992e20) thrown at [D:\re\workspace\8-2-build-windows-amd64-cygwin\jdk8u92\6642\hotspot\src\share\vm\prims\jni.cpp, line 735]
Event: 182.207 Thread 0x0000000019a84800 Exception <a 'java/net/SocketTimeoutException': Read timed out> (0x00000000f7042f68) thrown at [D:\re\workspace\8-2-build-windows-amd64-cygwin\jdk8u92\6642\hotspot\src\share\vm\prims\jni.cpp, line 735]

Events (10 events):
Event: 183.491 Thread 0x0000000017421000 DEOPT UNPACKING pc=0x00000000023a582a sp=0x0000000017fbde50 mode 2
Event: 183.491 Thread 0x0000000017421000 Uncommon trap: trap_request=0xffffff65 fr.pc=0x0000000002483e68
Event: 183.491 Thread 0x0000000017421000 DEOPT PACKING pc=0x0000000002483e68 sp=0x0000000017fbd9b0
Event: 183.491 Thread 0x0000000017421000 DEOPT UNPACKING pc=0x00000000023a582a sp=0x0000000017fbd7f0 mode 2
Event: 183.491 Thread 0x0000000017421000 Uncommon trap: trap_request=0xffffff65 fr.pc=0x0000000002a553e0
Event: 183.491 Thread 0x0000000017421000 DEOPT PACKING pc=0x0000000002a553e0 sp=0x0000000017fbdf10
Event: 183.491 Thread 0x0000000017421000 DEOPT UNPACKING pc=0x00000000023a582a sp=0x0000000017fbde20 mode 2
Event: 183.505 Thread 0x0000000019a83000 Thread added: 0x0000000019a83000
Event: 183.557 Thread 0x0000000014a8a000 flushing nmethod 0x00000000026e2750
Event: 183.564 Thread 0x0000000014a87000 flushing nmethod 0x00000000027df550


Dynamic libraries:
0x00007ff632190000 - 0x00007ff6321c7000 	C:\Program Files\Java\jdk1.8.0_92\bin\javaw.exe
0x00007ff80aa00000 - 0x00007ff80abd1000 	C:\WINDOWS\SYSTEM32\ntdll.dll
0x00007ff809680000 - 0x00007ff80972b000 	C:\WINDOWS\System32\KERNEL32.DLL
0x00007ff807d70000 - 0x00007ff807f8d000 	C:\WINDOWS\System32\KERNELBASE.dll
0x00007ff80a650000 - 0x00007ff80a6f2000 	C:\WINDOWS\System32\ADVAPI32.dll
0x00007ff80a8a0000 - 0x00007ff80a93e000 	C:\WINDOWS\System32\msvcrt.dll
0x00007ff80a940000 - 0x00007ff80a999000 	C:\WINDOWS\System32\sechost.dll
0x00007ff8099c0000 - 0x00007ff809ae1000 	C:\WINDOWS\System32\RPCRT4.dll
0x00007ff809790000 - 0x00007ff8098f5000 	C:\WINDOWS\System32\USER32.dll
0x00007ff806ff0000 - 0x00007ff80700e000 	C:\WINDOWS\System32\win32u.dll
0x00007ff80a9c0000 - 0x00007ff80a9f4000 	C:\WINDOWS\System32\GDI32.dll
0x00007ff8078c0000 - 0x00007ff807a42000 	C:\WINDOWS\System32\gdi32full.dll
0x00007ff800300000 - 0x00007ff80057a000 	C:\WINDOWS\WinSxS\amd64_microsoft.windows.common-controls_6595b64144ccf1df_6.0.14393.351_none_4213128bc687e6d3\COMCTL32.dll
0x00007ff809b50000 - 0x00007ff809e17000 	C:\WINDOWS\System32\combase.dll
0x00007ff807b00000 - 0x00007ff807bf5000 	C:\WINDOWS\System32\ucrtbase.dll
0x00007ff807c00000 - 0x00007ff807c6a000 	C:\WINDOWS\System32\bcryptPrimitives.dll
0x00007ff80a700000 - 0x00007ff80a72e000 	C:\WINDOWS\System32\IMM32.DLL
0x000000005fe00000 - 0x000000005fed2000 	C:\Program Files\Java\jdk1.8.0_92\jre\bin\msvcr100.dll
0x000000005f560000 - 0x000000005fdf6000 	C:\Program Files\Java\jdk1.8.0_92\jre\bin\server\jvm.dll
0x00007ff809fc0000 - 0x00007ff809fc8000 	C:\WINDOWS\System32\PSAPI.DLL
0x00007ffff3a80000 - 0x00007ffff3a89000 	C:\WINDOWS\SYSTEM32\WSOCK32.dll
0x00007ff805220000 - 0x00007ff805243000 	C:\WINDOWS\SYSTEM32\WINMM.dll
0x00007ff80a830000 - 0x00007ff80a89a000 	C:\WINDOWS\System32\WS2_32.dll
0x00007ff800000000 - 0x00007ff80000a000 	C:\WINDOWS\SYSTEM32\VERSION.dll
0x00007ff8050b0000 - 0x00007ff8050db000 	C:\WINDOWS\SYSTEM32\WINMMBASE.dll
0x00007ff807d20000 - 0x00007ff807d62000 	C:\WINDOWS\System32\cfgmgr32.dll
0x000000005f550000 - 0x000000005f55f000 	C:\Program Files\Java\jdk1.8.0_92\jre\bin\verify.dll
0x000000005f520000 - 0x000000005f549000 	C:\Program Files\Java\jdk1.8.0_92\jre\bin\java.dll
0x000000005e7a0000 - 0x000000005e7d5000 	C:\Program Files\Java\jdk1.8.0_92\jre\bin\jdwp.dll
0x000000005e790000 - 0x000000005e798000 	C:\Program Files\Java\jdk1.8.0_92\jre\bin\npt.dll
0x000000005f500000 - 0x000000005f516000 	C:\Program Files\Java\jdk1.8.0_92\jre\bin\zip.dll
0x00007ff808030000 - 0x00007ff809539000 	C:\WINDOWS\System32\SHELL32.dll
0x00007ff807010000 - 0x00007ff8076ea000 	C:\WINDOWS\System32\windows.storage.dll
0x00007ff806e70000 - 0x00007ff806ebc000 	C:\WINDOWS\System32\powrprof.dll
0x00007ff80a560000 - 0x00007ff80a5b2000 	C:\WINDOWS\System32\shlwapi.dll
0x00007ff806e60000 - 0x00007ff806e6f000 	C:\WINDOWS\System32\kernel.appcore.dll
0x00007ff807c70000 - 0x00007ff807d19000 	C:\WINDOWS\System32\shcore.dll
0x00007ff806ed0000 - 0x00007ff806ee4000 	C:\WINDOWS\System32\profapi.dll
0x000000005e780000 - 0x000000005e789000 	C:\Program Files\Java\jdk1.8.0_92\jre\bin\dt_socket.dll
0x00007fffeecd0000 - 0x00007fffeece6000 	C:\WINDOWS\system32\napinsp.dll
0x00007fffeed10000 - 0x00007fffeed2a000 	C:\WINDOWS\system32\pnrpnsp.dll
0x00007ff804e80000 - 0x00007ff804e98000 	C:\WINDOWS\system32\NLAapi.dll
0x00007ff8065b0000 - 0x00007ff80660c000 	C:\WINDOWS\System32\mswsock.dll
0x00007ff8063a0000 - 0x00007ff806440000 	C:\WINDOWS\SYSTEM32\DNSAPI.dll
0x00007ff80a9b0000 - 0x00007ff80a9b8000 	C:\WINDOWS\System32\NSI.dll
0x00007ff806340000 - 0x00007ff806378000 	C:\WINDOWS\SYSTEM32\IPHLPAPI.DLL
0x00007fffeecf0000 - 0x00007fffeecfe000 	C:\WINDOWS\System32\winrnr.dll
0x00007fffeff70000 - 0x00007fffeff85000 	C:\WINDOWS\System32\wshbth.dll
0x0000000060710000 - 0x0000000060745000 	C:\Program Files\Bonjour\mdnsNSP.dll
0x00007ff802d10000 - 0x00007ff802d7a000 	C:\WINDOWS\System32\fwpuclnt.dll
0x00007ff806a40000 - 0x00007ff806a6b000 	C:\WINDOWS\SYSTEM32\bcrypt.dll
0x00007ff800010000 - 0x00007ff80001a000 	C:\Windows\System32\rasadhlp.dll
0x000000005f340000 - 0x000000005f4d8000 	C:\Program Files\Java\jdk1.8.0_92\jre\bin\awt.dll
0x00007ff809900000 - 0x00007ff8099bf000 	C:\WINDOWS\System32\OLEAUT32.dll
0x00007ff806f50000 - 0x00007ff806fec000 	C:\WINDOWS\System32\msvcp_win.dll
0x00007ff805450000 - 0x00007ff8054ca000 	C:\WINDOWS\SYSTEM32\apphelp.dll
0x00007ff805670000 - 0x00007ff805705000 	C:\WINDOWS\system32\uxtheme.dll
0x00007ff809fd0000 - 0x00007ff80a12b000 	C:\WINDOWS\System32\MSCTF.dll
0x00007fffec490000 - 0x00007fffec528000 	C:\Program Files\Common Files\microsoft shared\ink\tiptsf.dll
0x00007ff804120000 - 0x00007ff804146000 	C:\WINDOWS\system32\dwmapi.dll
0x00007ff809540000 - 0x00007ff809677000 	C:\WINDOWS\System32\ole32.dll
0x00007ff806930000 - 0x00007ff806947000 	C:\WINDOWS\SYSTEM32\CRYPTSP.dll
0x00007ff806810000 - 0x00007ff806843000 	C:\WINDOWS\system32\rsaenh.dll
0x00007ff806380000 - 0x00007ff80639f000 	C:\WINDOWS\SYSTEM32\USERENV.dll
0x00007ff806950000 - 0x00007ff80695b000 	C:\WINDOWS\SYSTEM32\CRYPTBASE.dll
0x000000005f4e0000 - 0x000000005f4fa000 	C:\Program Files\Java\jdk1.8.0_92\jre\bin\net.dll
0x00007ff8033c0000 - 0x00007ff8033d6000 	C:\WINDOWS\SYSTEM32\dhcpcsvc6.DLL
0x00007ff8033a0000 - 0x00007ff8033ba000 	C:\WINDOWS\SYSTEM32\dhcpcsvc.DLL
0x000000005f290000 - 0x000000005f2a1000 	C:\Program Files\Java\jdk1.8.0_92\jre\bin\nio.dll
0x00000000637c0000 - 0x00000000637cd000 	C:\Users\klemen\AppData\Local\Temp\jogamp_0000\file_cache\jln6892471620625323341\jln7789541319522119189\natives\windows-amd64\gluegen-rt.dll
0x000000005e770000 - 0x000000005e777000 	C:\Program Files\Java\jdk1.8.0_92\jre\bin\jawt.dll
0x000000006a440000 - 0x000000006a44d000 	C:\Users\klemen\AppData\Local\Temp\jogamp_0000\file_cache\jln6892471620625323341\jln7789541319522119189\natives\windows-amd64\nativewindow_awt.dll
0x000000006c100000 - 0x000000006c10f000 	C:\Users\klemen\AppData\Local\Temp\jogamp_0000\file_cache\jln6892471620625323341\jln7789541319522119189\natives\windows-amd64\nativewindow_win32.dll
0x00007fffee970000 - 0x00007fffeea93000 	C:\WINDOWS\SYSTEM32\OpenGL32.dll
0x00007fffe5660000 - 0x00007fffe5757000 	C:\WINDOWS\SYSTEM32\DDRAW.dll
0x00007fffee940000 - 0x00007fffee96d000 	C:\WINDOWS\SYSTEM32\GLU32.dll
0x00007ff804420000 - 0x00007ff804428000 	C:\WINDOWS\SYSTEM32\DCIMAN32.dll
0x0000000064500000 - 0x00000000645b1000 	C:\Users\klemen\AppData\Local\Temp\jogamp_0000\file_cache\jln6892471620625323341\jln7789541319522119189\natives\windows-amd64\jogl_desktop.dll
0x0000000064340000 - 0x00000000643a2000 	C:\Users\klemen\AppData\Local\Temp\jogamp_0000\file_cache\jln6892471620625323341\jln7789541319522119189\natives\windows-amd64\jogl_mobile.dll
0x00007fffd1c20000 - 0x00007fffd2969000 	C:\WINDOWS\System32\DriverStore\FileRepository\igdlh64.inf_amd64_0745f11ce6fc197c\ig9icd64.dll
0x00007ff804590000 - 0x00007ff8045a3000 	C:\WINDOWS\SYSTEM32\WTSAPI32.dll
0x00007ffffa4a0000 - 0x00007ffffb5fc000 	C:\WINDOWS\System32\DriverStore\FileRepository\igdlh64.inf_amd64_0745f11ce6fc197c\igc64.dll
0x000000005f2b0000 - 0x000000005f2f7000 	C:\Program Files\Java\jdk1.8.0_92\jre\bin\fontmanager.dll
0x000000005f240000 - 0x000000005f282000 	C:\Program Files\Java\jdk1.8.0_92\jre\bin\t2k.dll
0x00007ff807f90000 - 0x00007ff80802f000 	C:\WINDOWS\System32\clbcatq.dll
0x00007ff800f20000 - 0x00007ff8010c8000 	C:\WINDOWS\SYSTEM32\WindowsCodecs.dll
0x00007fffe8a30000 - 0x00007fffe8a79000 	C:\WINDOWS\system32\dataexchange.dll
0x00007ff8030e0000 - 0x00007ff803396000 	C:\WINDOWS\system32\d3d11.dll
0x00007ff8048e0000 - 0x00007ff804a31000 	C:\WINDOWS\system32\dcomp.dll
0x00007ff805ea0000 - 0x00007ff805f3f000 	C:\WINDOWS\system32\dxgi.dll
0x00007ff805810000 - 0x00007ff80592c000 	C:\WINDOWS\system32\twinapi.appcore.dll
0x00007fffe4230000 - 0x00007fffe43db000 	C:\Windows\System32\uiautomationcore.dll
0x00007ff806d30000 - 0x00007ff806dc8000 	C:\WINDOWS\SYSTEM32\sxs.dll
0x00007ffffce80000 - 0x00007ffffcee5000 	C:\Windows\System32\OLEACC.dll
0x00007fffec7e0000 - 0x00007fffec85d000 	C:\WINDOWS\SYSTEM32\twinapi.dll
0x000000005e760000 - 0x000000005e76d000 	C:\Program Files\Java\jdk1.8.0_92\jre\bin\management.dll
0x00007ffff83d0000 - 0x00007ffff8438000 	C:\Users\klemen\AppData\Local\Temp\libsodium8870565108269205059.lib
0x00007fffff740000 - 0x00007fffff757000 	C:\WINDOWS\SYSTEM32\VCRUNTIME140.dll
0x00007ffff8310000 - 0x00007ffff83c3000 	C:\Users\klemen\AppData\Local\Temp\libzmq4159268913343490415.lib
0x00007ff802fa0000 - 0x00007ff802fad000 	C:\Users\klemen\AppData\Local\Temp\libjzmq1026465023474902426.lib
0x00007ffff7e20000 - 0x00007ffff7e8c000 	c:\temp\natives\libzmq-v140-mt-4_2_0.dll
0x00007fffed800000 - 0x00007fffed89d000 	C:\WINDOWS\SYSTEM32\MSVCP140.dll
0x0000000060200000 - 0x000000006021c000 	C:\WINDOWS\SYSTEM32\dnssd.dll
0x000000005e730000 - 0x000000005e754000 	C:\Program Files\Java\jdk1.8.0_92\jre\bin\sunec.dll
0x000000005e720000 - 0x000000005e72b000 	C:\Program Files\Java\jdk1.8.0_92\jre\bin\sunmscapi.dll
0x00007ff8076f0000 - 0x00007ff8078b9000 	C:\WINDOWS\System32\CRYPT32.dll
0x00007ff806ec0000 - 0x00007ff806ed0000 	C:\WINDOWS\System32\MSASN1.dll
0x00007ff803730000 - 0x00007ff8038c2000 	C:\WINDOWS\SYSTEM32\dbghelp.dll

VM Arguments:
jvm_args: -agentlib:jdwp=transport=dt_socket,suspend=y,address=localhost:50376 -XX:+UseParallelOldGC -Xms1g -Xmx1g -XX:NewRatio=3 -Djava.library.path=c:\temp\natives -Dfile.encoding=UTF-8 
java_command: com.kz.pipeCutter.SurfaceDemo
java_class_path (initial): C:\Users\klemen\git\PipeCutter\target\classes;C:\Users\klemen\.m2\repository\org\jzy3d\jzy3d-api\1.0.0-SNAPSHOT\jzy3d-api-1.0.0-SNAPSHOT.jar;C:\Users\klemen\.m2\repository\org\jzy3d\jzy3d-jdt-core\1.0.0-SNAPSHOT\jzy3d-jdt-core-1.0.0-SNAPSHOT.jar;C:\Users\klemen\.m2\repository\commons-io\commons-io\2.3\commons-io-2.3.jar;C:\Users\klemen\.m2\repository\org\apache\commons\commons-lang3\3.1\commons-lang3-3.1.jar;C:\Users\klemen\.m2\repository\org\jogamp\gluegen\gluegen-rt-main\2.3.2\gluegen-rt-main-2.3.2.jar;C:\Users\klemen\.m2\repository\org\jogamp\gluegen\gluegen-rt\2.3.2\gluegen-rt-2.3.2.jar;C:\Users\klemen\.m2\repository\org\jogamp\gluegen\gluegen-rt\2.3.2\gluegen-rt-2.3.2-natives-android-aarch64.jar;C:\Users\klemen\.m2\repository\org\jogamp\gluegen\gluegen-rt\2.3.2\gluegen-rt-2.3.2-natives-android-armv6.jar;C:\Users\klemen\.m2\repository\org\jogamp\gluegen\gluegen-rt\2.3.2\gluegen-rt-2.3.2-natives-linux-amd64.jar;C:\Users\klemen\.m2\repository\org\jogamp\gluegen\gluegen-rt\2.3.2\gluegen-rt-2.3.2-natives-linux-armv6.jar;C:\Users\klemen\.m2\repository\org\jogamp\gluegen\gluegen-rt\2.3.2\gluegen-rt-2.3.2-natives-linux-armv6hf.jar;C:\Users\klemen\.m2\repository\org\jogamp\gluegen\gluegen-rt\2.3.2\gluegen-rt-2.3.2-natives-linux-i586.jar;C:\Users\klemen\.m2\repository\org\jogamp\gluegen\gluegen-rt\2.3.2\gluegen-rt-2.3.2-natives-macosx-universal.jar;C:\Users\klemen\.m2\repository\org\jogamp\gluegen\gluegen-rt\2.3.2\gluegen-rt-2.3.2-natives-solaris-amd64.jar;C:\Users\klemen\.m2\repository\org\jogamp\gluegen\gluegen-rt\2.3.2\gluegen-rt-2.3.2-natives-solaris-i586.jar;C:\Users\klemen\.m2\repository\org\jogamp\gluegen\gluegen-rt\2.3.2\gluegen-rt-2.3.2-natives-windows-amd64.jar;C:\Users\klemen\.m2\repository\org\jogamp\gluegen\gluegen-rt\2.3.2\gluegen-rt-2.3.2-natives-windows-i586.jar;C:\Users\klemen\.m2\repository\org\jogamp\jogl\jogl-all-main\2.3.2\jogl-all-main-2.3.2.jar;C:\Users\klemen\.m2\repository\org\jogamp\jogl\jogl-all\2.3.2\jogl-all-2.3.2
Launcher Type: SUN_STANDARD

Environment Variables:
JAVA_HOME=c:\Program Files\Java\jdk1.8.0_92\
PATH=C:\Program Files\Java\jdk1.8.0_92\jre\bin;C:\ProgramData\Oracle\Java\javapath;C:\Program Files (x86)\Intel\iCLS Client\;C:\Program Files\Intel\iCLS Client\;C:\WINDOWS\system32;C:\WINDOWS;C:\WINDOWS\System32\Wbem;C:\WINDOWS\System32\WindowsPowerShell\v1.0\;c:\Program Files (x86)\ATI Technologies\ATI.ACE\Core-Static;C:\Program Files (x86)\Intel\Intel(R) Management Engine Components\DAL;C:\Program Files\Intel\Intel(R) Management Engine Components\DAL;C:\Program Files (x86)\Intel\Intel(R) Management Engine Components\IPT;C:\Program Files\Intel\Intel(R) Management Engine Components\IPT;C:\Program Files\Git\cmd;C:\Program Files (x86)\PuTTY\;c:\Program Files\ffmpeg-20160701-2a8dadb-win64-static\bin;C:\Program Files\Intel\WiFi\bin\;C:\Program Files\Common Files\Intel\WirelessCommon\;C:\Program Files (x86)\Skype\Phone\;c:\JavaLibraries\apache-maven-3.3.9\bin\;C:\Program Files (x86)\Windows Kits\10\Windows Performance Toolkit\;C:\Program Files\jEdit;C:\Program Files (x86)\Windows Kits\8.1\Windows Performance Toolkit\;C:\gcc-linaro\yagarto-tools-200703;C:\Users\klemen\AppData\Local\Microsoft\WindowsApps;c:\Program Files (x86)\CMake\bin;c:\Program Files (x86)\Microsoft Visual Studio 10.0\VC\bin;c:\Program Files\Java\jdk1.8.0_92\bin\;C:\Program Files\Docker Toolbox;c:\temp\natives
USERNAME=klemen
OS=Windows_NT
PROCESSOR_IDENTIFIER=Intel64 Family 6 Model 78 Stepping 3, GenuineIntel



---------------  S Y S T E M  ---------------

OS: Windows 10.0 , 64 bit Build 14393 (10.0.14393.0)

CPU:total 4 (2 cores per cpu, 2 threads per core) family 6 model 78 stepping 3, cmov, cx8, fxsr, mmx, sse, sse2, sse3, ssse3, sse4.1, sse4.2, popcnt, avx, avx2, aes, clmul, erms, 3dnowpref, lzcnt, ht, tsc, tscinvbit, bmi1, bmi2, adx

Memory: 4k page, physical 8280020k(4856992k free), swap 15882196k(11415660k free)

vm_info: Java HotSpot(TM) 64-Bit Server VM (25.92-b14) for windows-amd64 JRE (1.8.0_92-b14), built on Mar 31 2016 21:03:04 by "java_re" with MS VC++ 10.0 (VS2010)

time: Thu Nov 10 11:27:48 2016
elapsed time: 183 seconds (0d 0h 3m 3s)

