#
# A fatal error has been detected by the Java Runtime Environment:
#
#  Internal Error (0x40000015), pid=8632, tid=0x00000000000022c4
#
# JRE version: Java(TM) SE Runtime Environment (8.0_92-b14) (build 1.8.0_92-b14)
# Java VM: Java HotSpot(TM) 64-Bit Server VM (25.92-b14 mixed mode windows-amd64 compressed oops)
# Problematic frame:
# C  [KERNELBASE.dll+0x17788]
#
# Failed to write core dump. Minidumps are not enabled by default on client versions of Windows
#
# If you would like to submit a bug report, please visit:
#   http://bugreport.java.com/bugreport/crash.jsp
# The crash happened outside the Java Virtual Machine in native code.
# See problematic frame for where to report the bug.
#

---------------  T H R E A D  ---------------

Current thread (0x0000000019c09800):  JavaThread "BBBHalRComp" [_thread_in_native, id=8900, stack(0x0000000025230000,0x0000000025330000)]

siginfo: ExceptionCode=0x40000015, ExceptionInformation=0x00007ffa035fcc08 

Registers:
RAX=0x00007ffa358bbe3c, RBX=0x00007ffa035fcc08, RCX=0x000000002530e640, RDX=0x000000002530e640
RSP=0x000000002530eac0, RBP=0x0000000000000000, RSI=0x000000002532ecc0, RDI=0x0000000000000000
R8 =0x000000002530e668, R9 =0x000000002530e640, R10=0x00007ffa358ba423, R11=0x0000000000000000
R12=0x0000000000000000, R13=0x000000000321c3d0, R14=0x000000002532edf0, R15=0x0000000019c09800
RIP=0x00007ffa355c7788, EFLAGS=0x0000000000000202

Top of Stack: (sp=0x000000002530eac0)
0x000000002530eac0:   0000000000000002 00007ffa035fcc08
0x000000002530ead0:   000000002532ecc0 0000000000000000
0x000000002530eae0:   0000000140000015 0000000000000000
0x000000002530eaf0:   00007ffa355c7788 0000000000000001
0x000000002530eb00:   00007ffa035fcc08 00007ffa35848c8b
0x000000002530eb10:   00007ffa00000002 00007ffa35925510
0x000000002530eb20:   000000001f2bf4a0 000000002530eb30
0x000000002530eb30:   000000002530ebe0 00007ffa3585ce63
0x000000002530eb40:   00007ffa35925510 000000002532ecc0
0x000000002530eb50:   000000002530eb88 000000002530eb90
0x000000002530eb60:   000000002530ebd8 00007ffa3584dac5
0x000000002530eb70:   0000000000000000 00007ffa035b2f6d
0x000000002530eb80:   00008d0a9f6da834 0000000000000004
0x000000002530eb90:   0000000000000000 00007ffa035be691
0x000000002530eba0:   00007ffa035fcc08 000000002532ecc0
0x000000002530ebb0:   0000000000000000 000000002530ebd8 

Instructions: (pc=0x00007ffa355c7788)
0x00007ffa355c7768:   49 8b d1 44 0f 47 c0 44 89 44 24 38 49 c1 e0 03
0x00007ffa355c7778:   e8 57 54 06 00 48 8d 4c 24 20 ff 15 a0 08 13 00
0x00007ffa355c7788:   48 8b 8c 24 c0 00 00 00 48 33 cc e8 e8 19 06 00
0x00007ffa355c7798:   48 81 c4 d8 00 00 00 c3 83 64 24 38 00 eb d6 cc 


Register to memory mapping:

RAX=0x00007ffa358bbe3c is an unknown value
RBX=0x00007ffa035fcc08 is an unknown value
RCX=0x000000002530e640 is pointing into the stack for thread: 0x0000000019c09800
RDX=0x000000002530e640 is pointing into the stack for thread: 0x0000000019c09800
RSP=0x000000002530eac0 is pointing into the stack for thread: 0x0000000019c09800
RBP=0x0000000000000000 is an unknown value
RSI=0x000000002532ecc0 is pointing into the stack for thread: 0x0000000019c09800
RDI=0x0000000000000000 is an unknown value
R8 =0x000000002530e668 is pointing into the stack for thread: 0x0000000019c09800
R9 =0x000000002530e640 is pointing into the stack for thread: 0x0000000019c09800
R10=0x00007ffa358ba423 is an unknown value
R11=0x0000000000000000 is an unknown value
R12=0x0000000000000000 is an unknown value
R13=0x000000000321c3d0 is at entry_point+-496 in (nmethod*)0x000000000321c3d0
R14=0x000000002532edf0 is pointing into the stack for thread: 0x0000000019c09800
R15=0x0000000019c09800 is a thread


Stack: [0x0000000025230000,0x0000000025330000],  sp=0x000000002530eac0,  free space=890k
Native frames: (J=compiled Java code, j=interpreted, Vv=VM code, C=native code)

Java frames: (J=compiled Java code, j=interpreted, Vv=VM code)
J 1874  org.zeromq.ZMQ$Socket.recv(I)[B (0 bytes) @ 0x0000000002c707fb [0x0000000002c707c0+0x3b]
J 1950% C2 com.kz.pipeCutter.BBB.BBBHalRComp.run()V (777 bytes) @ 0x000000000321c8fc [0x000000000321c5c0+0x33c]
j  java.lang.Thread.run()V+11
v  ~StubRoutines::call_stub

---------------  P R O C E S S  ---------------

Java Threads: ( => current thread )
  0x0000000019c15000 JavaThread "BBBError" [_thread_in_native, id=2332, stack(0x0000000029fa0000,0x000000002a0a0000)]
  0x0000000019c14000 JavaThread "BBBStatus" [_thread_in_native, id=4656, stack(0x0000000029ca0000,0x0000000029da0000)]
  0x0000000019c10800 JavaThread "JmDNS(_machinekit._tcp.local.).State.Timer" [_thread_blocked, id=6660, stack(0x0000000026630000,0x0000000026730000)]
  0x0000000019c16800 JavaThread "JmDNS(_machinekit._tcp.local.).Timer" daemon [_thread_blocked, id=6124, stack(0x0000000026530000,0x0000000026630000)]
  0x0000000019c0c800 JavaThread "SocketListener(_machinekit._tcp.local.)" daemon [_thread_in_native, id=932, stack(0x0000000026430000,0x0000000026530000)]
  0x0000000019c12000 JavaThread "SwingWorker-pool-4-thread-10" daemon [_thread_blocked, id=8408, stack(0x0000000026130000,0x0000000026230000)]
  0x0000000019c11000 JavaThread "SwingWorker-pool-4-thread-9" daemon [_thread_blocked, id=6828, stack(0x0000000026030000,0x0000000026130000)]
  0x0000000019c13800 JavaThread "SwingWorker-pool-4-thread-8" daemon [_thread_blocked, id=7108, stack(0x0000000025f30000,0x0000000026030000)]
  0x0000000019c09000 JavaThread "SwingWorker-pool-4-thread-7" daemon [_thread_blocked, id=6164, stack(0x0000000025e30000,0x0000000025f30000)]
  0x0000000019c0a800 JavaThread "SwingWorker-pool-4-thread-6" daemon [_thread_blocked, id=7244, stack(0x0000000025d30000,0x0000000025e30000)]
  0x0000000019c0f800 JavaThread "SwingWorker-pool-4-thread-5" daemon [_thread_blocked, id=7984, stack(0x0000000025c30000,0x0000000025d30000)]
  0x0000000019c0b000 JavaThread "Connect thread 192.168.7.2 session" [_thread_in_native, id=8804, stack(0x0000000025b30000,0x0000000025c30000)]
  0x0000000019c08000 JavaThread "SwingWorker-pool-4-thread-4" daemon [_thread_blocked, id=8796, stack(0x0000000025a30000,0x0000000025b30000)]
  0x0000000019c0f000 JavaThread "SwingWorker-pool-4-thread-3" daemon [_thread_blocked, id=8960, stack(0x0000000025730000,0x0000000025830000)]
  0x0000000019c07800 JavaThread "SwingWorker-pool-4-thread-2" daemon [_thread_blocked, id=8940, stack(0x0000000025330000,0x0000000025430000)]
=>0x0000000019c09800 JavaThread "BBBHalRComp" [_thread_in_native, id=8900, stack(0x0000000025230000,0x0000000025330000)]
  0x0000000019c0e000 JavaThread "SwingWorker-pool-4-thread-1" daemon [_thread_blocked, id=8884, stack(0x0000000025030000,0x0000000025130000)]
  0x0000000019c0c000 JavaThread "Thread-13" [_thread_blocked, id=8904, stack(0x0000000024a30000,0x0000000024b30000)]
  0x0000000019c0d800 JavaThread "BBBHalCommand" [_thread_blocked, id=8912, stack(0x0000000024930000,0x0000000024a30000)]
  0x0000000017558800 JavaThread "TimerQueue" daemon [_thread_blocked, id=7372, stack(0x000000001f800000,0x000000001f900000)]
  0x0000000017a91000 JavaThread "AWT-EventQueue-0-AWTAnimator#00" [_thread_blocked, id=8324, stack(0x000000001f500000,0x000000001f600000)]
  0x0000000017d13800 JavaThread "AWT-EventQueue-0-SharedResourceRunner" daemon [_thread_blocked, id=5980, stack(0x000000001a400000,0x000000001a500000)]
  0x0000000017b1a800 JavaThread "BBBDiscoverer" [_thread_blocked, id=8776, stack(0x0000000018740000,0x0000000018840000)]
  0x0000000017b33000 JavaThread "AWT-Windows" daemon [_thread_in_native, id=8772, stack(0x00000000184c0000,0x00000000185c0000)]
  0x0000000017b32000 JavaThread "AWT-Shutdown" [_thread_blocked, id=8768, stack(0x00000000183c0000,0x00000000184c0000)]
  0x0000000017b31800 JavaThread "Java2D Disposer" daemon [_thread_blocked, id=8764, stack(0x00000000182c0000,0x00000000183c0000)]
  0x0000000002a74000 JavaThread "DestroyJavaVM" [_thread_blocked, id=8664, stack(0x00000000027f0000,0x00000000028f0000)]
  0x00000000172e7000 JavaThread "Service Thread" daemon [_thread_blocked, id=8748, stack(0x0000000017690000,0x0000000017790000)]
  0x0000000015292000 JavaThread "C1 CompilerThread2" daemon [_thread_blocked, id=8744, stack(0x0000000017190000,0x0000000017290000)]
  0x000000001528d000 JavaThread "C2 CompilerThread1" daemon [_thread_blocked, id=8740, stack(0x0000000017090000,0x0000000017190000)]
  0x0000000015288000 JavaThread "C2 CompilerThread0" daemon [_thread_blocked, id=8736, stack(0x0000000016f90000,0x0000000017090000)]
  0x000000001527c000 JavaThread "JDWP Command Reader" daemon [_thread_in_native, id=8720, stack(0x0000000016e90000,0x0000000016f90000)]
  0x0000000015278800 JavaThread "JDWP Event Helper Thread" daemon [_thread_blocked, id=8716, stack(0x0000000016d90000,0x0000000016e90000)]
  0x0000000015275000 JavaThread "JDWP Transport Listener: dt_socket" daemon [_thread_blocked, id=8712, stack(0x0000000016c90000,0x0000000016d90000)]
  0x0000000015260800 JavaThread "Attach Listener" daemon [_thread_blocked, id=8704, stack(0x00000000167c0000,0x00000000168c0000)]
  0x000000001525f000 JavaThread "Signal Dispatcher" daemon [_thread_blocked, id=8700, stack(0x00000000166c0000,0x00000000167c0000)]
  0x000000001524a800 JavaThread "Finalizer" daemon [_thread_blocked, id=8696, stack(0x00000000164d0000,0x00000000165d0000)]
  0x0000000002b62000 JavaThread "Reference Handler" daemon [_thread_blocked, id=8692, stack(0x00000000163d0000,0x00000000164d0000)]

Other Threads:
  0x0000000015227800 VMThread [stack: 0x00000000162d0000,0x00000000163d0000] [id=8688]
  0x0000000017307800 WatcherThread [stack: 0x0000000017790000,0x0000000017890000] [id=8752]

VM state:not at safepoint (normal execution)

VM Mutex/Monitor currently owned by a thread: None

Heap:
 PSYoungGen      total 261632K, used 96988K [0x00000000f0000000, 0x0000000100000000, 0x0000000100000000)
  eden space 261120K, 37% used [0x00000000f0000000,0x00000000f5e8f040,0x00000000fff00000)
  from space 512K, 31% used [0x00000000fff80000,0x00000000fffa8000,0x0000000100000000)
  to   space 512K, 0% used [0x00000000fff00000,0x00000000fff00000,0x00000000fff80000)
 ParOldGen       total 786432K, used 24416K [0x00000000c0000000, 0x00000000f0000000, 0x00000000f0000000)
  object space 786432K, 3% used [0x00000000c0000000,0x00000000c17d8120,0x00000000f0000000)
 Metaspace       used 32835K, capacity 33102K, committed 33456K, reserved 1079296K
  class space    used 3645K, capacity 3743K, committed 3760K, reserved 1048576K

Card table byte_map: [0x0000000011f30000,0x0000000012140000] byte_map_base: 0x0000000011930000

Marking Bits: (ParMarkBitMap*) 0x00000000642d64f0
 Begin Bits: [0x00000000126c0000, 0x00000000136c0000)
 End Bits:   [0x00000000136c0000, 0x00000000146c0000)

Polling page: 0x0000000000d00000

CodeCache: size=245760Kb used=13052Kb max_used=13255Kb free=232707Kb
 bounds [0x0000000002b70000, 0x0000000003890000, 0x0000000011b70000]
 total_blobs=4449 nmethods=3500 adapters=868
 compilation: enabled

Compilation events (10 events):
Event: 2757.210 Thread 0x0000000015292000 4216       3       javax.swing.undo.CompoundEdit::<init> (21 bytes)
Event: 2757.211 Thread 0x0000000015292000 nmethod 4216 0x0000000003464f50 code [0x00000000034650e0, 0x0000000003465488]
Event: 2757.739 Thread 0x000000001528d000 4217 % !   4       com.kz.pipeCutter.BBB.BBBStatus::run @ 18 (700 bytes)
Event: 2757.752 Thread 0x000000001528d000 nmethod 4217% 0x000000000301aa50 code [0x000000000301ac60, 0x000000000301b760]
Event: 2757.821 Thread 0x0000000015288000 4218   !   4       com.kz.pipeCutter.BBB.BBBStatus::run (700 bytes)
Event: 2757.835 Thread 0x0000000015288000 nmethod 4218 0x0000000003665950 code [0x0000000003665b60, 0x0000000003666630]
Event: 2758.750 Thread 0x0000000015292000 4219       3       java.util.regex.Pattern$CharProperty::match (56 bytes)
Event: 2758.751 Thread 0x0000000015292000 nmethod 4219 0x00000000031ed1d0 code [0x00000000031ed360, 0x00000000031ed848]
Event: 2758.768 Thread 0x0000000015292000 4220       3       java.io.FileOutputStream::write (12 bytes)
Event: 2758.769 Thread 0x0000000015292000 nmethod 4220 0x0000000002fa6c50 code [0x0000000002fa6dc0, 0x0000000002fa6f88]

GC Heap History (10 events):
Event: 2748.885 GC heap before
{Heap before GC invocations=1965 (full 1):
 PSYoungGen      total 261632K, used 261268K [0x00000000f0000000, 0x0000000100000000, 0x0000000100000000)
  eden space 261120K, 100% used [0x00000000f0000000,0x00000000fff00000,0x00000000fff00000)
  from space 512K, 29% used [0x00000000fff00000,0x00000000fff252a0,0x00000000fff80000)
  to   space 512K, 0% used [0x00000000fff80000,0x00000000fff80000,0x0000000100000000)
 ParOldGen       total 786432K, used 24392K [0x00000000c0000000, 0x00000000f0000000, 0x00000000f0000000)
  object space 786432K, 3% used [0x00000000c0000000,0x00000000c17d2120,0x00000000f0000000)
 Metaspace       used 32795K, capacity 33102K, committed 33456K, reserved 1079296K
  class space    used 3640K, capacity 3743K, committed 3760K, reserved 1048576K
Event: 2748.886 GC heap after
Heap after GC invocations=1965 (full 1):
 PSYoungGen      total 261632K, used 169K [0x00000000f0000000, 0x0000000100000000, 0x0000000100000000)
  eden space 261120K, 0% used [0x00000000f0000000,0x00000000f0000000,0x00000000fff00000)
  from space 512K, 33% used [0x00000000fff80000,0x00000000fffaa540,0x0000000100000000)
  to   space 512K, 0% used [0x00000000fff00000,0x00000000fff00000,0x00000000fff80000)
 ParOldGen       total 786432K, used 24400K [0x00000000c0000000, 0x00000000f0000000, 0x00000000f0000000)
  object space 786432K, 3% used [0x00000000c0000000,0x00000000c17d4120,0x00000000f0000000)
 Metaspace       used 32795K, capacity 33102K, committed 33456K, reserved 1079296K
  class space    used 3640K, capacity 3743K, committed 3760K, reserved 1048576K
}
Event: 2750.314 GC heap before
{Heap before GC invocations=1966 (full 1):
 PSYoungGen      total 261632K, used 261289K [0x00000000f0000000, 0x0000000100000000, 0x0000000100000000)
  eden space 261120K, 100% used [0x00000000f0000000,0x00000000fff00000,0x00000000fff00000)
  from space 512K, 33% used [0x00000000fff80000,0x00000000fffaa540,0x0000000100000000)
  to   space 512K, 0% used [0x00000000fff00000,0x00000000fff00000,0x00000000fff80000)
 ParOldGen       total 786432K, used 24400K [0x00000000c0000000, 0x00000000f0000000, 0x00000000f0000000)
  object space 786432K, 3% used [0x00000000c0000000,0x00000000c17d4120,0x00000000f0000000)
 Metaspace       used 32795K, capacity 33102K, committed 33456K, reserved 1079296K
  class space    used 3640K, capacity 3743K, committed 3760K, reserved 1048576K
Event: 2750.316 GC heap after
Heap after GC invocations=1966 (full 1):
 PSYoungGen      total 261632K, used 148K [0x00000000f0000000, 0x0000000100000000, 0x0000000100000000)
  eden space 261120K, 0% used [0x00000000f0000000,0x00000000f0000000,0x00000000fff00000)
  from space 512K, 29% used [0x00000000fff00000,0x00000000fff252a0,0x00000000fff80000)
  to   space 512K, 0% used [0x00000000fff80000,0x00000000fff80000,0x0000000100000000)
 ParOldGen       total 786432K, used 24408K [0x00000000c0000000, 0x00000000f0000000, 0x00000000f0000000)
  object space 786432K, 3% used [0x00000000c0000000,0x00000000c17d6120,0x00000000f0000000)
 Metaspace       used 32795K, capacity 33102K, committed 33456K, reserved 1079296K
  class space    used 3640K, capacity 3743K, committed 3760K, reserved 1048576K
}
Event: 2751.659 GC heap before
{Heap before GC invocations=1967 (full 1):
 PSYoungGen      total 261632K, used 261268K [0x00000000f0000000, 0x0000000100000000, 0x0000000100000000)
  eden space 261120K, 100% used [0x00000000f0000000,0x00000000fff00000,0x00000000fff00000)
  from space 512K, 29% used [0x00000000fff00000,0x00000000fff252a0,0x00000000fff80000)
  to   space 512K, 0% used [0x00000000fff80000,0x00000000fff80000,0x0000000100000000)
 ParOldGen       total 786432K, used 24408K [0x00000000c0000000, 0x00000000f0000000, 0x00000000f0000000)
  object space 786432K, 3% used [0x00000000c0000000,0x00000000c17d6120,0x00000000f0000000)
 Metaspace       used 32795K, capacity 33102K, committed 33456K, reserved 1079296K
  class space    used 3640K, capacity 3743K, committed 3760K, reserved 1048576K
Event: 2751.661 GC heap after
Heap after GC invocations=1967 (full 1):
 PSYoungGen      total 261632K, used 148K [0x00000000f0000000, 0x0000000100000000, 0x0000000100000000)
  eden space 261120K, 0% used [0x00000000f0000000,0x00000000f0000000,0x00000000fff00000)
  from space 512K, 29% used [0x00000000fff80000,0x00000000fffa52a0,0x0000000100000000)
  to   space 512K, 0% used [0x00000000fff00000,0x00000000fff00000,0x00000000fff80000)
 ParOldGen       total 786432K, used 24416K [0x00000000c0000000, 0x00000000f0000000, 0x00000000f0000000)
  object space 786432K, 3% used [0x00000000c0000000,0x00000000c17d8120,0x00000000f0000000)
 Metaspace       used 32795K, capacity 33102K, committed 33456K, reserved 1079296K
  class space    used 3640K, capacity 3743K, committed 3760K, reserved 1048576K
}
Event: 2753.103 GC heap before
{Heap before GC invocations=1968 (full 1):
 PSYoungGen      total 261632K, used 261268K [0x00000000f0000000, 0x0000000100000000, 0x0000000100000000)
  eden space 261120K, 100% used [0x00000000f0000000,0x00000000fff00000,0x00000000fff00000)
  from space 512K, 29% used [0x00000000fff80000,0x00000000fffa52a0,0x0000000100000000)
  to   space 512K, 0% used [0x00000000fff00000,0x00000000fff00000,0x00000000fff80000)
 ParOldGen       total 786432K, used 24416K [0x00000000c0000000, 0x00000000f0000000, 0x00000000f0000000)
  object space 786432K, 3% used [0x00000000c0000000,0x00000000c17d8120,0x00000000f0000000)
 Metaspace       used 32795K, capacity 33102K, committed 33456K, reserved 1079296K
  class space    used 3640K, capacity 3743K, committed 3760K, reserved 1048576K
Event: 2753.105 GC heap after
Heap after GC invocations=1968 (full 1):
 PSYoungGen      total 261632K, used 169K [0x00000000f0000000, 0x0000000100000000, 0x0000000100000000)
  eden space 261120K, 0% used [0x00000000f0000000,0x00000000f0000000,0x00000000fff00000)
  from space 512K, 33% used [0x00000000fff00000,0x00000000fff2a540,0x00000000fff80000)
  to   space 512K, 0% used [0x00000000fff80000,0x00000000fff80000,0x0000000100000000)
 ParOldGen       total 786432K, used 24416K [0x00000000c0000000, 0x00000000f0000000, 0x00000000f0000000)
  object space 786432K, 3% used [0x00000000c0000000,0x00000000c17d8120,0x00000000f0000000)
 Metaspace       used 32795K, capacity 33102K, committed 33456K, reserved 1079296K
  class space    used 3640K, capacity 3743K, committed 3760K, reserved 1048576K
}
Event: 2755.498 GC heap before
{Heap before GC invocations=1969 (full 1):
 PSYoungGen      total 261632K, used 261289K [0x00000000f0000000, 0x0000000100000000, 0x0000000100000000)
  eden space 261120K, 100% used [0x00000000f0000000,0x00000000fff00000,0x00000000fff00000)
  from space 512K, 33% used [0x00000000fff00000,0x00000000fff2a540,0x00000000fff80000)
  to   space 512K, 0% used [0x00000000fff80000,0x00000000fff80000,0x0000000100000000)
 ParOldGen       total 786432K, used 24416K [0x00000000c0000000, 0x00000000f0000000, 0x00000000f0000000)
  object space 786432K, 3% used [0x00000000c0000000,0x00000000c17d8120,0x00000000f0000000)
 Metaspace       used 32827K, capacity 33102K, committed 33456K, reserved 1079296K
  class space    used 3645K, capacity 3743K, committed 3760K, reserved 1048576K
Event: 2755.500 GC heap after
Heap after GC invocations=1969 (full 1):
 PSYoungGen      total 261632K, used 160K [0x00000000f0000000, 0x0000000100000000, 0x0000000100000000)
  eden space 261120K, 0% used [0x00000000f0000000,0x00000000f0000000,0x00000000fff00000)
  from space 512K, 31% used [0x00000000fff80000,0x00000000fffa8000,0x0000000100000000)
  to   space 512K, 0% used [0x00000000fff00000,0x00000000fff00000,0x00000000fff80000)
 ParOldGen       total 786432K, used 24416K [0x00000000c0000000, 0x00000000f0000000, 0x00000000f0000000)
  object space 786432K, 3% used [0x00000000c0000000,0x00000000c17d8120,0x00000000f0000000)
 Metaspace       used 32827K, capacity 33102K, committed 33456K, reserved 1079296K
  class space    used 3645K, capacity 3743K, committed 3760K, reserved 1048576K
}

Deoptimization events (10 events):
Event: 2754.630 Thread 0x0000000017b1a800 Uncommon trap: reason=class_check action=maybe_recompile pc=0x0000000002fdae5c method=java.util.Properties.load0(Ljava/util/Properties$LineReader;)V @ 242
Event: 2754.768 Thread 0x0000000017b1a800 Uncommon trap: reason=unstable_if action=reinterpret pc=0x0000000002efe69c method=java.util.regex.Pattern$BitClass.isSatisfiedBy(I)Z @ 13
Event: 2754.768 Thread 0x0000000017b1a800 Uncommon trap: reason=unstable_if action=reinterpret pc=0x00000000034d7d94 method=java.util.regex.Pattern.inRange(III)Z @ 2
Event: 2754.768 Thread 0x0000000017b1a800 Uncommon trap: reason=unstable_if action=reinterpret pc=0x000000000348a4b8 method=java.util.Formatter$Flags.parse(Ljava/lang/String;)Ljava/util/Formatter$Flags; @ 19
Event: 2754.768 Thread 0x0000000017b1a800 Uncommon trap: reason=unstable_if action=reinterpret pc=0x000000000348ff5c method=java.util.Formatter$Conversion.isValid(C)Z @ 11
Event: 2754.768 Thread 0x0000000017b1a800 Uncommon trap: reason=unstable_if action=reinterpret pc=0x0000000002f68428 method=java.util.regex.Pattern.inRange(III)Z @ 2
Event: 2754.768 Thread 0x0000000017b1a800 Uncommon trap: reason=unstable_if action=reinterpret pc=0x00000000034817e8 method=java.util.Formatter$Flags.parse(Ljava/lang/String;)Ljava/util/Formatter$Flags; @ 19
Event: 2755.000 Thread 0x0000000017ef0000 Uncommon trap: reason=unstable_if action=reinterpret pc=0x0000000002f88fd8 method=com.kz.pipeCutter.BBB.BBBStatus.run()V @ 696
Event: 2757.217 Thread 0x0000000017eed000 Uncommon trap: reason=unstable_if action=reinterpret pc=0x0000000002f581c8 method=com.kz.pipeCutter.BBB.BBBError.run()V @ 279
Event: 2758.750 Thread 0x0000000017b1a800 Uncommon trap: reason=class_check action=maybe_recompile pc=0x0000000002fdae5c method=java.util.Properties.load0(Ljava/util/Properties$LineReader;)V @ 242

Internal exceptions (10 events):
Event: 2739.540 Thread 0x0000000019c0b000 Exception <a 'java/net/SocketTimeoutException': Read timed out> (0x00000000f1448a10) thrown at [D:\re\workspace\8-2-build-windows-amd64-cygwin\jdk8u92\6642\hotspot\src\share\vm\prims\jni.cpp, line 735]
Event: 2741.543 Thread 0x0000000019c0b000 Exception <a 'java/net/SocketTimeoutException': Read timed out> (0x00000000f8681a80) thrown at [D:\re\workspace\8-2-build-windows-amd64-cygwin\jdk8u92\6642\hotspot\src\share\vm\prims\jni.cpp, line 735]
Event: 2743.547 Thread 0x0000000019c0b000 Exception <a 'java/net/SocketTimeoutException': Read timed out> (0x00000000ffb67748) thrown at [D:\re\workspace\8-2-build-windows-amd64-cygwin\jdk8u92\6642\hotspot\src\share\vm\prims\jni.cpp, line 735]
Event: 2745.550 Thread 0x0000000019c0b000 Exception <a 'java/net/SocketTimeoutException': Read timed out> (0x00000000f7007968) thrown at [D:\re\workspace\8-2-build-windows-amd64-cygwin\jdk8u92\6642\hotspot\src\share\vm\prims\jni.cpp, line 735]
Event: 2747.552 Thread 0x0000000019c0b000 Exception <a 'java/net/SocketTimeoutException': Read timed out> (0x00000000f0599518) thrown at [D:\re\workspace\8-2-build-windows-amd64-cygwin\jdk8u92\6642\hotspot\src\share\vm\prims\jni.cpp, line 735]
Event: 2749.555 Thread 0x0000000019c0b000 Exception <a 'java/net/SocketTimeoutException': Read timed out> (0x00000000f7a604d0) thrown at [D:\re\workspace\8-2-build-windows-amd64-cygwin\jdk8u92\6642\hotspot\src\share\vm\prims\jni.cpp, line 735]
Event: 2751.557 Thread 0x0000000019c0b000 Exception <a 'java/net/SocketTimeoutException': Read timed out> (0x00000000fe7dd160) thrown at [D:\re\workspace\8-2-build-windows-amd64-cygwin\jdk8u92\6642\hotspot\src\share\vm\prims\jni.cpp, line 735]
Event: 2753.560 Thread 0x0000000019c0b000 Exception <a 'java/net/SocketTimeoutException': Read timed out> (0x00000000f47f56f8) thrown at [D:\re\workspace\8-2-build-windows-amd64-cygwin\jdk8u92\6642\hotspot\src\share\vm\prims\jni.cpp, line 735]
Event: 2755.564 Thread 0x0000000019c0b000 Exception <a 'java/net/SocketTimeoutException': Read timed out> (0x00000000f0247678) thrown at [D:\re\workspace\8-2-build-windows-amd64-cygwin\jdk8u92\6642\hotspot\src\share\vm\prims\jni.cpp, line 735]
Event: 2757.566 Thread 0x0000000019c0b000 Exception <a 'java/net/SocketTimeoutException': Read timed out> (0x00000000f0247a60) thrown at [D:\re\workspace\8-2-build-windows-amd64-cygwin\jdk8u92\6642\hotspot\src\share\vm\prims\jni.cpp, line 735]

Events (10 events):
Event: 2757.752 Thread 0x000000001528d000 flushing nmethod 0x00000000036ce3d0
Event: 2757.752 Thread 0x000000001528d000 flushing nmethod 0x00000000037b8a50
Event: 2757.821 Thread 0x0000000019c14000 DEOPT PACKING pc=0x00000000031d87a8 sp=0x0000000029d9f5c0
Event: 2757.821 Thread 0x0000000019c14000 DEOPT UNPACKING pc=0x0000000002bb787f sp=0x0000000029d9f458 mode 0
Event: 2758.750 Thread 0x0000000019c15000 Thread added: 0x0000000019c15000
Event: 2758.750 Thread 0x0000000017b1a800 DEOPT PACKING pc=0x0000000002ec17e8 sp=0x000000001883dd70
Event: 2758.750 Thread 0x0000000017b1a800 DEOPT UNPACKING pc=0x0000000002bb787f sp=0x000000001883daa8 mode 0
Event: 2758.750 Thread 0x0000000017b1a800 Uncommon trap: trap_request=0xffffffde fr.pc=0x0000000002fdae5c
Event: 2758.750 Thread 0x0000000017b1a800 DEOPT PACKING pc=0x0000000002fdae5c sp=0x000000001883dd70
Event: 2758.750 Thread 0x0000000017b1a800 DEOPT UNPACKING pc=0x0000000002bb582a sp=0x000000001883dd20 mode 2


Dynamic libraries:
0x00007ff7cc120000 - 0x00007ff7cc157000 	C:\Program Files\Java\jdk1.8.0_92\bin\javaw.exe
0x00007ffa38630000 - 0x00007ffa38801000 	C:\WINDOWS\SYSTEM32\ntdll.dll
0x00007ffa36080000 - 0x00007ffa3612b000 	C:\WINDOWS\System32\KERNEL32.DLL
0x00007ffa355b0000 - 0x00007ffa357cd000 	C:\WINDOWS\System32\KERNELBASE.dll
0x00007ffa37f50000 - 0x00007ffa37ff2000 	C:\WINDOWS\System32\ADVAPI32.dll
0x00007ffa35e20000 - 0x00007ffa35ebe000 	C:\WINDOWS\System32\msvcrt.dll
0x00007ffa38520000 - 0x00007ffa38579000 	C:\WINDOWS\System32\sechost.dll
0x00007ffa382e0000 - 0x00007ffa38401000 	C:\WINDOWS\System32\RPCRT4.dll
0x00007ffa368d0000 - 0x00007ffa36a35000 	C:\WINDOWS\System32\USER32.dll
0x00007ffa357d0000 - 0x00007ffa357ee000 	C:\WINDOWS\System32\win32u.dll
0x00007ffa385f0000 - 0x00007ffa38624000 	C:\WINDOWS\System32\GDI32.dll
0x00007ffa34cd0000 - 0x00007ffa34e52000 	C:\WINDOWS\System32\gdi32full.dll
0x00007ffa29f20000 - 0x00007ffa2a19a000 	C:\WINDOWS\WinSxS\amd64_microsoft.windows.common-controls_6595b64144ccf1df_6.0.14393.351_none_4213128bc687e6d3\COMCTL32.dll
0x00007ffa38010000 - 0x00007ffa382d7000 	C:\WINDOWS\System32\combase.dll
0x00007ffa35840000 - 0x00007ffa35935000 	C:\WINDOWS\System32\ucrtbase.dll
0x00007ffa34e60000 - 0x00007ffa34eca000 	C:\WINDOWS\System32\bcryptPrimitives.dll
0x00007ffa36840000 - 0x00007ffa3686e000 	C:\WINDOWS\System32\IMM32.DLL
0x0000000064360000 - 0x0000000064432000 	C:\Program Files\Java\jdk1.8.0_92\jre\bin\msvcr100.dll
0x0000000063ac0000 - 0x0000000064356000 	C:\Program Files\Java\jdk1.8.0_92\jre\bin\server\jvm.dll
0x00007ffa38000000 - 0x00007ffa38008000 	C:\WINDOWS\System32\PSAPI.DLL
0x00007ffa21290000 - 0x00007ffa21299000 	C:\WINDOWS\SYSTEM32\WSOCK32.dll
0x00007ffa38580000 - 0x00007ffa385ea000 	C:\WINDOWS\System32\WS2_32.dll
0x00007ffa33140000 - 0x00007ffa33163000 	C:\WINDOWS\SYSTEM32\WINMM.dll
0x00007ffa2a7c0000 - 0x00007ffa2a7ca000 	C:\WINDOWS\SYSTEM32\VERSION.dll
0x00007ffa33110000 - 0x00007ffa3313b000 	C:\WINDOWS\SYSTEM32\WINMMBASE.dll
0x00007ffa357f0000 - 0x00007ffa35832000 	C:\WINDOWS\System32\cfgmgr32.dll
0x0000000063ab0000 - 0x0000000063abf000 	C:\Program Files\Java\jdk1.8.0_92\jre\bin\verify.dll
0x0000000063a80000 - 0x0000000063aa9000 	C:\Program Files\Java\jdk1.8.0_92\jre\bin\java.dll
0x00000000634b0000 - 0x00000000634e5000 	C:\Program Files\Java\jdk1.8.0_92\jre\bin\jdwp.dll
0x00000000634a0000 - 0x00000000634a8000 	C:\Program Files\Java\jdk1.8.0_92\jre\bin\npt.dll
0x0000000063a60000 - 0x0000000063a76000 	C:\Program Files\Java\jdk1.8.0_92\jre\bin\zip.dll
0x00007ffa36a40000 - 0x00007ffa37f49000 	C:\WINDOWS\System32\SHELL32.dll
0x00007ffa34ed0000 - 0x00007ffa355aa000 	C:\WINDOWS\System32\windows.storage.dll
0x00007ffa34ac0000 - 0x00007ffa34b0c000 	C:\WINDOWS\System32\powrprof.dll
0x00007ffa35ec0000 - 0x00007ffa35f12000 	C:\WINDOWS\System32\shlwapi.dll
0x00007ffa34a90000 - 0x00007ffa34a9f000 	C:\WINDOWS\System32\kernel.appcore.dll
0x00007ffa35b10000 - 0x00007ffa35bb9000 	C:\WINDOWS\System32\shcore.dll
0x00007ffa34aa0000 - 0x00007ffa34ab4000 	C:\WINDOWS\System32\profapi.dll
0x0000000063490000 - 0x0000000063499000 	C:\Program Files\Java\jdk1.8.0_92\jre\bin\dt_socket.dll
0x00007ffa31e10000 - 0x00007ffa31e26000 	C:\WINDOWS\system32\napinsp.dll
0x00007ffa31e50000 - 0x00007ffa31e6a000 	C:\WINDOWS\system32\pnrpnsp.dll
0x00007ffa329b0000 - 0x00007ffa329c8000 	C:\WINDOWS\system32\NLAapi.dll
0x00007ffa341e0000 - 0x00007ffa3423c000 	C:\WINDOWS\System32\mswsock.dll
0x00007ffa33fd0000 - 0x00007ffa34070000 	C:\WINDOWS\SYSTEM32\DNSAPI.dll
0x00007ffa36580000 - 0x00007ffa36588000 	C:\WINDOWS\System32\NSI.dll
0x00007ffa33f70000 - 0x00007ffa33fa8000 	C:\WINDOWS\SYSTEM32\IPHLPAPI.DLL
0x00007ffa31e70000 - 0x00007ffa31e7e000 	C:\WINDOWS\System32\winrnr.dll
0x00007ffa31e80000 - 0x00007ffa31e95000 	C:\WINDOWS\System32\wshbth.dll
0x0000000065320000 - 0x0000000065355000 	C:\Program Files\Bonjour\mdnsNSP.dll
0x00007ffa2b1e0000 - 0x00007ffa2b24a000 	C:\WINDOWS\System32\fwpuclnt.dll
0x00007ffa34670000 - 0x00007ffa3469b000 	C:\WINDOWS\SYSTEM32\bcrypt.dll
0x00007ffa2a7a0000 - 0x00007ffa2a7aa000 	C:\Windows\System32\rasadhlp.dll
0x00000000638a0000 - 0x0000000063a38000 	C:\Program Files\Java\jdk1.8.0_92\jre\bin\awt.dll
0x00007ffa35d60000 - 0x00007ffa35e1f000 	C:\WINDOWS\System32\OLEAUT32.dll
0x00007ffa34b80000 - 0x00007ffa34c1c000 	C:\WINDOWS\System32\msvcp_win.dll
0x00007ffa2dd50000 - 0x00007ffa2ddca000 	C:\WINDOWS\SYSTEM32\apphelp.dll
0x00007ffa332a0000 - 0x00007ffa33335000 	C:\WINDOWS\system32\uxtheme.dll
0x00007ffa36590000 - 0x00007ffa366eb000 	C:\WINDOWS\System32\MSCTF.dll
0x00007ffa1e570000 - 0x00007ffa1e608000 	C:\Program Files\Common Files\microsoft shared\ink\tiptsf.dll
0x00007ffa32df0000 - 0x00007ffa32e16000 	C:\WINDOWS\system32\dwmapi.dll
0x00007ffa366f0000 - 0x00007ffa36827000 	C:\WINDOWS\System32\ole32.dll
0x00007ffa34510000 - 0x00007ffa34527000 	C:\WINDOWS\SYSTEM32\CRYPTSP.dll
0x00007ffa343e0000 - 0x00007ffa34413000 	C:\WINDOWS\system32\rsaenh.dll
0x00007ffa33fb0000 - 0x00007ffa33fcf000 	C:\WINDOWS\SYSTEM32\USERENV.dll
0x00007ffa34500000 - 0x00007ffa3450b000 	C:\WINDOWS\SYSTEM32\CRYPTBASE.dll
0x0000000063a40000 - 0x0000000063a5a000 	C:\Program Files\Java\jdk1.8.0_92\jre\bin\net.dll
0x00007ffa2b7f0000 - 0x00007ffa2b806000 	C:\WINDOWS\SYSTEM32\dhcpcsvc6.DLL
0x00007ffa2b7d0000 - 0x00007ffa2b7ea000 	C:\WINDOWS\SYSTEM32\dhcpcsvc.DLL
0x00000000637f0000 - 0x0000000063801000 	C:\Program Files\Java\jdk1.8.0_92\jre\bin\nio.dll
0x00000000637c0000 - 0x00000000637cd000 	C:\Users\klemen\AppData\Local\Temp\jogamp_0000\file_cache\jln4900998401049175859\jln3152567356744249555\natives\windows-amd64\gluegen-rt.dll
0x0000000063480000 - 0x0000000063487000 	C:\Program Files\Java\jdk1.8.0_92\jre\bin\jawt.dll
0x000000006a440000 - 0x000000006a44d000 	C:\Users\klemen\AppData\Local\Temp\jogamp_0000\file_cache\jln4900998401049175859\jln3152567356744249555\natives\windows-amd64\nativewindow_awt.dll
0x000000006c100000 - 0x000000006c10f000 	C:\Users\klemen\AppData\Local\Temp\jogamp_0000\file_cache\jln4900998401049175859\jln3152567356744249555\natives\windows-amd64\nativewindow_win32.dll
0x00007ffa17ca0000 - 0x00007ffa17dc3000 	C:\WINDOWS\SYSTEM32\OpenGL32.dll
0x00007ffa17c70000 - 0x00007ffa17c9d000 	C:\WINDOWS\SYSTEM32\GLU32.dll
0x00007ffa12de0000 - 0x00007ffa12ed7000 	C:\WINDOWS\SYSTEM32\DDRAW.dll
0x00007ffa21630000 - 0x00007ffa21638000 	C:\WINDOWS\SYSTEM32\DCIMAN32.dll
0x0000000064500000 - 0x00000000645b1000 	C:\Users\klemen\AppData\Local\Temp\jogamp_0000\file_cache\jln4900998401049175859\jln3152567356744249555\natives\windows-amd64\jogl_desktop.dll
0x00000000028f0000 - 0x0000000002952000 	C:\Users\klemen\AppData\Local\Temp\jogamp_0000\file_cache\jln4900998401049175859\jln3152567356744249555\natives\windows-amd64\jogl_mobile.dll
0x00007ffa01fa0000 - 0x00007ffa02ce9000 	C:\WINDOWS\System32\DriverStore\FileRepository\igdlh64.inf_amd64_0745f11ce6fc197c\ig9icd64.dll
0x00007ffa31f50000 - 0x00007ffa31f63000 	C:\WINDOWS\SYSTEM32\WTSAPI32.dll
0x00007ffa27d60000 - 0x00007ffa28ebc000 	C:\WINDOWS\System32\DriverStore\FileRepository\igdlh64.inf_amd64_0745f11ce6fc197c\igc64.dll
0x0000000063810000 - 0x0000000063857000 	C:\Program Files\Java\jdk1.8.0_92\jre\bin\fontmanager.dll
0x00000000185c0000 - 0x0000000018602000 	C:\Program Files\Java\jdk1.8.0_92\jre\bin\t2k.dll
0x00007ffa38480000 - 0x00007ffa3851f000 	C:\WINDOWS\System32\clbcatq.dll
0x00007ffa2b320000 - 0x00007ffa2b4c8000 	C:\WINDOWS\SYSTEM32\WindowsCodecs.dll
0x00007ffa17b80000 - 0x00007ffa17bc9000 	C:\WINDOWS\system32\dataexchange.dll
0x00007ffa31b10000 - 0x00007ffa31dc6000 	C:\WINDOWS\system32\d3d11.dll
0x00007ffa2d5b0000 - 0x00007ffa2d701000 	C:\WINDOWS\system32\dcomp.dll
0x00007ffa33a20000 - 0x00007ffa33abf000 	C:\WINDOWS\system32\dxgi.dll
0x00007ffa33440000 - 0x00007ffa3355c000 	C:\WINDOWS\system32\twinapi.appcore.dll
0x00007ffa1cf20000 - 0x00007ffa1d0cb000 	C:\Windows\System32\uiautomationcore.dll
0x00007ffa34960000 - 0x00007ffa349f8000 	C:\WINDOWS\SYSTEM32\sxs.dll
0x00000000632c0000 - 0x00000000632cd000 	C:\Program Files\Java\jdk1.8.0_92\jre\bin\management.dll
0x00007ffa036e0000 - 0x00007ffa03748000 	C:\Users\klemen\AppData\Local\Temp\libsodium6540679197126861059.lib
0x00007ffa27300000 - 0x00007ffa27317000 	C:\WINDOWS\SYSTEM32\VCRUNTIME140.dll
0x00007ffa03620000 - 0x00007ffa036d3000 	C:\Users\klemen\AppData\Local\Temp\libzmq8401878852218859717.lib
0x00007ffa1e860000 - 0x00007ffa1e86d000 	C:\Users\klemen\AppData\Local\Temp\libjzmq5604100208730403444.lib
0x00007ffa035b0000 - 0x00007ffa0361c000 	c:\temp\natives\libzmq-v140-mt-4_2_0.dll
0x00007ffa120f0000 - 0x00007ffa1218d000 	C:\WINDOWS\SYSTEM32\MSVCP140.dll
0x0000000065160000 - 0x000000006517c000 	C:\WINDOWS\SYSTEM32\dnssd.dll
0x00007ffa2a7d0000 - 0x00007ffa2a835000 	C:\Windows\System32\OLEACC.dll
0x00007ffa1e8b0000 - 0x00007ffa1e92d000 	C:\WINDOWS\SYSTEM32\twinapi.dll
0x0000000063290000 - 0x00000000632b4000 	C:\Program Files\Java\jdk1.8.0_92\jre\bin\sunec.dll
0x0000000063280000 - 0x000000006328b000 	C:\Program Files\Java\jdk1.8.0_92\jre\bin\sunmscapi.dll
0x00007ffa35940000 - 0x00007ffa35b09000 	C:\WINDOWS\System32\CRYPT32.dll
0x00007ffa34b10000 - 0x00007ffa34b20000 	C:\WINDOWS\System32\MSASN1.dll
0x00007ffa32580000 - 0x00007ffa32712000 	C:\WINDOWS\SYSTEM32\dbghelp.dll

VM Arguments:
jvm_args: -agentlib:jdwp=transport=dt_socket,suspend=y,address=localhost:49835 -XX:+UseParallelOldGC -Xms1g -Xmx1g -XX:NewRatio=3 -Djava.library.path=c:\temp\natives -Dfile.encoding=UTF-8 
java_command: com.kz.pipeCutter.SurfaceDemo
java_class_path (initial): C:\Users\klemen\git\PipeCutter\target\classes;C:\Users\klemen\.m2\repository\org\jzy3d\jzy3d-api\1.0.0-SNAPSHOT\jzy3d-api-1.0.0-SNAPSHOT.jar;C:\Users\klemen\.m2\repository\org\jzy3d\jzy3d-jdt-core\1.0.0-SNAPSHOT\jzy3d-jdt-core-1.0.0-SNAPSHOT.jar;C:\Users\klemen\.m2\repository\commons-io\commons-io\2.3\commons-io-2.3.jar;C:\Users\klemen\.m2\repository\org\apache\commons\commons-lang3\3.1\commons-lang3-3.1.jar;C:\Users\klemen\.m2\repository\org\jogamp\gluegen\gluegen-rt-main\2.3.2\gluegen-rt-main-2.3.2.jar;C:\Users\klemen\.m2\repository\org\jogamp\gluegen\gluegen-rt\2.3.2\gluegen-rt-2.3.2.jar;C:\Users\klemen\.m2\repository\org\jogamp\gluegen\gluegen-rt\2.3.2\gluegen-rt-2.3.2-natives-android-aarch64.jar;C:\Users\klemen\.m2\repository\org\jogamp\gluegen\gluegen-rt\2.3.2\gluegen-rt-2.3.2-natives-android-armv6.jar;C:\Users\klemen\.m2\repository\org\jogamp\gluegen\gluegen-rt\2.3.2\gluegen-rt-2.3.2-natives-linux-amd64.jar;C:\Users\klemen\.m2\repository\org\jogamp\gluegen\gluegen-rt\2.3.2\gluegen-rt-2.3.2-natives-linux-armv6.jar;C:\Users\klemen\.m2\repository\org\jogamp\gluegen\gluegen-rt\2.3.2\gluegen-rt-2.3.2-natives-linux-armv6hf.jar;C:\Users\klemen\.m2\repository\org\jogamp\gluegen\gluegen-rt\2.3.2\gluegen-rt-2.3.2-natives-linux-i586.jar;C:\Users\klemen\.m2\repository\org\jogamp\gluegen\gluegen-rt\2.3.2\gluegen-rt-2.3.2-natives-macosx-universal.jar;C:\Users\klemen\.m2\repository\org\jogamp\gluegen\gluegen-rt\2.3.2\gluegen-rt-2.3.2-natives-solaris-amd64.jar;C:\Users\klemen\.m2\repository\org\jogamp\gluegen\gluegen-rt\2.3.2\gluegen-rt-2.3.2-natives-solaris-i586.jar;C:\Users\klemen\.m2\repository\org\jogamp\gluegen\gluegen-rt\2.3.2\gluegen-rt-2.3.2-natives-windows-amd64.jar;C:\Users\klemen\.m2\repository\org\jogamp\gluegen\gluegen-rt\2.3.2\gluegen-rt-2.3.2-natives-windows-i586.jar;C:\Users\klemen\.m2\repository\org\jogamp\jogl\jogl-all-main\2.3.2\jogl-all-main-2.3.2.jar;C:\Users\klemen\.m2\repository\org\jogamp\jogl\jogl-all\2.3.2\jogl-all-2.3.2
Launcher Type: SUN_STANDARD

Environment Variables:
JAVA_HOME=c:\Program Files\Java\jdk1.8.0_92\
PATH=C:\Program Files\Java\jdk1.8.0_92\jre\bin;C:\ProgramData\Oracle\Java\javapath;C:\Program Files (x86)\Intel\iCLS Client\;C:\Program Files\Intel\iCLS Client\;C:\WINDOWS\system32;C:\WINDOWS;C:\WINDOWS\System32\Wbem;C:\WINDOWS\System32\WindowsPowerShell\v1.0\;c:\Program Files (x86)\ATI Technologies\ATI.ACE\Core-Static;C:\Program Files (x86)\Intel\Intel(R) Management Engine Components\DAL;C:\Program Files\Intel\Intel(R) Management Engine Components\DAL;C:\Program Files (x86)\Intel\Intel(R) Management Engine Components\IPT;C:\Program Files\Intel\Intel(R) Management Engine Components\IPT;C:\Program Files\Git\cmd;C:\Program Files (x86)\PuTTY\;c:\Program Files\ffmpeg-20160701-2a8dadb-win64-static\bin;C:\Program Files\Intel\WiFi\bin\;C:\Program Files\Common Files\Intel\WirelessCommon\;C:\Program Files (x86)\Skype\Phone\;c:\JavaLibraries\apache-maven-3.3.9\bin\;C:\Program Files (x86)\Windows Kits\10\Windows Performance Toolkit\;C:\Program Files\jEdit;C:\Program Files (x86)\Windows Kits\8.1\Windows Performance Toolkit\;C:\gcc-linaro\yagarto-tools-200703;C:\Users\klemen\AppData\Local\Microsoft\WindowsApps;c:\Program Files (x86)\CMake\bin;c:\Program Files (x86)\Microsoft Visual Studio 10.0\VC\bin;c:\Program Files\Java\jdk1.8.0_92\bin\;C:\Program Files\Docker Toolbox;c:\temp\natives
USERNAME=klemen
OS=Windows_NT
PROCESSOR_IDENTIFIER=Intel64 Family 6 Model 78 Stepping 3, GenuineIntel



---------------  S Y S T E M  ---------------

OS: Windows 10.0 , 64 bit Build 14393 (10.0.14393.0)

CPU:total 4 (2 cores per cpu, 2 threads per core) family 6 model 78 stepping 3, cmov, cx8, fxsr, mmx, sse, sse2, sse3, ssse3, sse4.1, sse4.2, popcnt, avx, avx2, aes, clmul, erms, 3dnowpref, lzcnt, ht, tsc, tscinvbit, bmi1, bmi2, adx

Memory: 4k page, physical 8280020k(4480896k free), swap 16406484k(11509224k free)

vm_info: Java HotSpot(TM) 64-Bit Server VM (25.92-b14) for windows-amd64 JRE (1.8.0_92-b14), built on Mar 31 2016 21:03:04 by "java_re" with MS VC++ 10.0 (VS2010)

time: Sat Nov 05 17:42:42 2016
elapsed time: 2758 seconds (0d 0h 45m 58s)

