#
# A fatal error has been detected by the Java Runtime Environment:
#
#  SIGSEGV (0xb) at pc=0x00007f3288980751, pid=3355, tid=139855142258432
#
# JRE version: Java(TM) SE Runtime Environment (7.0_65-b17) (build 1.7.0_65-b17)
# Java VM: Java HotSpot(TM) 64-Bit Server VM (24.65-b04 mixed mode linux-amd64 compressed oops)
# Problematic frame:
# C  [fglrx_dri.so+0x5fa751]  ukiCreateContext+0x5fa751
#
# Failed to write core dump. Core dumps have been disabled. To enable core dumping, try "ulimit -c unlimited" before starting Java again
#
# If you would like to submit a bug report, please visit:
#   http://bugreport.sun.com/bugreport/crash.jsp
# The crash happened outside the Java Virtual Machine in native code.
# See problematic frame for where to report the bug.
#

---------------  T H R E A D  ---------------

Current thread (0x00007f32f8721000):  JavaThread "AWT-EventQueue-0" [_thread_in_native, id=3404, stack(0x00007f3290030000,0x00007f3290131000)]

siginfo:si_signo=SIGSEGV: si_errno=0, si_code=1 (SEGV_MAPERR), si_addr=0x00007f3b45376ae8

Registers:
RAX=0x00000008c52e7100, RBX=0x0000000000000003, RCX=0x0000000000000001, RDX=0x00007f328008da40
RSP=0x00007f329012db10, RBP=0x00007f329012dc50, RSI=0x00007f329012dc50, RDI=0x00007f328008f9d0
R8 =0x0000000000000000, R9 =0x0000000000000002, R10=0x0000000000000000, R11=0x0000000000000001
R12=0x00007f328008f9d0, R13=0x00007f32800b4ab8, R14=0x0000000000000001, R15=0x000000008c52e710
RIP=0x00007f3288980751, EFLAGS=0x0000000000010206, CSGSFS=0x0000000000000033, ERR=0x0000000000000004
  TRAPNO=0x000000000000000e

Top of Stack: (sp=0x00007f329012db10)
0x00007f329012db10:   0000000000000000 0000000000000000
0x00007f329012db20:   0000000000000000 0000000000000000
0x00007f329012db30:   00007f328008e168 0000000000000001
0x00007f329012db40:   00007f328008da00 00007f32888121f4
0x00007f329012db50:   00007f3200000039 0000000000000003
0x00007f329012db60:   0000000000000000 00007f328008da00
0x00007f329012db70:   00007f32800b4ab8 0000000000000001
0x00007f329012db80:   0000000000000000 00007f3288812bb1
0x00007f329012db90:   00007f329012dc74 0000000000000005
0x00007f329012dba0:   0000000000000008 00007f3280156c90
0x00007f329012dbb0:   00007f32800f1d60 0000000088fb73c8
0x00007f329012dbc0:   00007f3280248b38 00007f32803d81a0
0x00007f329012dbd0:   00007f328016bc48 00007f329012dc6c
0x00007f329012dbe0:   00007f328016bc48 0000000300000001
0x00007f329012dbf0:   00007f328016bc48 00007f328c016520
0x00007f329012dc00:   00007f328008da40 00007f32802dff70
0x00007f329012dc10:   00007f32802e0f90 00007f3200000001
0x00007f329012dc20:   3f80000042480000 00007f32803d80c0
0x00007f329012dc30:   0000000100000001 0000000000000000
0x00007f329012dc40:   00007f3200000000 000000008004f0c0
0x00007f329012dc50:   00007f328c791648 00007f328008da90
0x00007f329012dc60:   0000000000000005 00007f328008e290
0x00007f329012dc70:   0000000000000000 00007f328008ec40
0x00007f329012dc80:   0000000000000001 3f80000040c25983
0x00007f329012dc90:   00007f32802e0f90 00007f328004d490
0x00007f329012dca0:   00007f3280247c50 00007f3280157058
0x00007f329012dcb0:   00007f328011dd70 00007f329012df20
0x00007f329012dcc0:   00007f32803d80c0 00007f328980857d
0x00007f329012dcd0:   ffffffffffffff18 00000000440f0000
0x00007f329012dce0:   0000000044160000 0000000000000001
0x00007f329012dcf0:   00007f3280157070 0000000000000001
0x00007f329012dd00:   00007f3280248b38 00007f32803d81a0 

Instructions: (pc=0x00007f3288980751)
0x00007f3288980731:   57 41 56 41 55 41 54 49 89 fc 55 48 89 f5 53 48
0x00007f3288980741:   83 ec 48 48 8b 06 44 8b 38 4c 89 f8 48 c1 e0 04
0x00007f3288980751:   48 8b 74 07 18 83 87 f8 03 00 00 01 48 8b 7f 10
0x00007f3288980761:   48 85 ff 74 11 48 8b 55 00 48 3b 97 60 05 00 00 

Register to memory mapping:

RAX=0x00000008c52e7100 is an unknown value
RBX=0x0000000000000003 is an unknown value
RCX=0x0000000000000001 is an unknown value
RDX=0x00007f328008da40 is an unknown value
RSP=0x00007f329012db10 is pointing into the stack for thread: 0x00007f32f8721000
RBP=0x00007f329012dc50 is pointing into the stack for thread: 0x00007f32f8721000
RSI=0x00007f329012dc50 is pointing into the stack for thread: 0x00007f32f8721000
RDI=0x00007f328008f9d0 is an unknown value
R8 =0x0000000000000000 is an unknown value
R9 =0x0000000000000002 is an unknown value
R10=0x0000000000000000 is an unknown value
R11=0x0000000000000001 is an unknown value
R12=0x00007f328008f9d0 is an unknown value
R13=0x00007f32800b4ab8 is an unknown value
R14=0x0000000000000001 is an unknown value
R15=0x000000008c52e710 is an unknown value


Stack: [0x00007f3290030000,0x00007f3290131000],  sp=0x00007f329012db10,  free space=1014k
Native frames: (J=compiled Java code, j=interpreted, Vv=VM code, C=native code)
C  [fglrx_dri.so+0x5fa751]  ukiCreateContext+0x5fa751

Java frames: (J=compiled Java code, j=interpreted, Vv=VM code)
J 231  jogamp.opengl.gl4.GL4bcImpl.dispatch_glBegin1(IJ)V (0 bytes) @ 0x00007f32f5182e18 [0x00007f32f5182de0+0x38]
J 216 C2 org.jzy3d.plot3d.primitives.LineStrip.drawLineGL2(Ljavax/media/opengl/GL;)V (255 bytes) @ 0x00007f32f518ca9c [0x00007f32f518c9a0+0xfc]
J 252 C2 org.jzy3d.plot3d.primitives.LineStrip.draw(Ljavax/media/opengl/GL;Ljavax/media/opengl/glu/GLU;Lorg/jzy3d/plot3d/rendering/view/Camera;)V (18 bytes) @ 0x00007f32f51acb90 [0x00007f32f51aca40+0x150]
J 224 C2 org.jzy3d.plot3d.rendering.scene.Graph.drawDecomposition(Ljavax/media/opengl/GL;Ljavax/media/opengl/glu/GLU;Lorg/jzy3d/plot3d/rendering/view/Camera;)V (67 bytes) @ 0x00007f32f5163a2c [0x00007f32f5163900+0x12c]
j  org.jzy3d.plot3d.rendering.scene.Graph.draw(Ljavax/media/opengl/GL;Ljavax/media/opengl/glu/GLU;Lorg/jzy3d/plot3d/rendering/view/Camera;Ljava/util/List;Z)V+26
j  org.jzy3d.plot3d.rendering.scene.Graph.draw(Ljavax/media/opengl/GL;Ljavax/media/opengl/glu/GLU;Lorg/jzy3d/plot3d/rendering/view/Camera;)V+12
j  org.jzy3d.plot3d.rendering.view.View.renderSceneGraph(Ljavax/media/opengl/GL;Ljavax/media/opengl/glu/GLU;Z)V+64
j  org.jzy3d.plot3d.rendering.view.View.renderSceneGraph(Ljavax/media/opengl/GL;Ljavax/media/opengl/glu/GLU;)V+4
j  org.jzy3d.plot3d.rendering.view.View.renderScene(Ljavax/media/opengl/GL;Ljavax/media/opengl/glu/GLU;Lorg/jzy3d/plot3d/rendering/view/ViewportConfiguration;)V+29
j  org.jzy3d.plot3d.rendering.view.layout.ColorbarViewportLayout.render(Ljavax/media/opengl/GL;Ljavax/media/opengl/glu/GLU;Lorg/jzy3d/chart/Chart;)V+25
j  org.jzy3d.chart.ChartView.render(Ljavax/media/opengl/GL;Ljavax/media/opengl/glu/GLU;)V+28
j  org.jzy3d.plot3d.rendering.view.Renderer3d.display(Ljavax/media/opengl/GLAutoDrawable;)V+31
j  jogamp.opengl.GLDrawableHelper.displayImpl(Ljavax/media/opengl/GLAutoDrawable;)V+81
j  jogamp.opengl.GLDrawableHelper.display(Ljavax/media/opengl/GLAutoDrawable;)V+2
j  javax.media.opengl.awt.GLCanvas$10.run()V+118
j  jogamp.opengl.GLDrawableHelper.invokeGLImpl(Ljavax/media/opengl/GLDrawable;Ljavax/media/opengl/GLContext;Ljava/lang/Runnable;Ljava/lang/Runnable;)V+206
j  jogamp.opengl.GLDrawableHelper.invokeGL(Ljavax/media/opengl/GLDrawable;Ljavax/media/opengl/GLContext;Ljava/lang/Runnable;Ljava/lang/Runnable;)V+80
j  javax.media.opengl.awt.GLCanvas$11.run()V+73
j  java.awt.event.InvocationEvent.dispatch()V+11
j  java.awt.EventQueue.dispatchEventImpl(Ljava/awt/AWTEvent;Ljava/lang/Object;)V+21
j  java.awt.EventQueue.access$200(Ljava/awt/EventQueue;Ljava/awt/AWTEvent;Ljava/lang/Object;)V+3
j  java.awt.EventQueue$3.run()Ljava/lang/Void;+12
j  java.awt.EventQueue$3.run()Ljava/lang/Object;+1
v  ~StubRoutines::call_stub
j  java.security.AccessController.doPrivileged(Ljava/security/PrivilegedAction;Ljava/security/AccessControlContext;)Ljava/lang/Object;+0
j  java.security.ProtectionDomain$1.doIntersectionPrivilege(Ljava/security/PrivilegedAction;Ljava/security/AccessControlContext;Ljava/security/AccessControlContext;)Ljava/lang/Object;+28
j  java.awt.EventQueue.dispatchEvent(Ljava/awt/AWTEvent;)V+46
j  java.awt.EventDispatchThread.pumpOneEventForFilters(I)V+245
j  java.awt.EventDispatchThread.pumpEventsForFilter(ILjava/awt/Conditional;Ljava/awt/EventFilter;)V+35
j  java.awt.EventDispatchThread.pumpEventsForHierarchy(ILjava/awt/Conditional;Ljava/awt/Component;)V+11
j  java.awt.EventDispatchThread.pumpEvents(ILjava/awt/Conditional;)V+4
j  java.awt.EventDispatchThread.pumpEvents(Ljava/awt/Conditional;)V+3
j  java.awt.EventDispatchThread.run()V+9
v  ~StubRoutines::call_stub

---------------  P R O C E S S  ---------------

Java Threads: ( => current thread )
  0x00007f32c0005000 JavaThread "NativeWindowFactory_ShutdownHook" [_thread_blocked, id=3410, stack(0x00007f3285be8000,0x00007f3285ce9000)]
  0x00007f32c0003800 JavaThread "Thread-0" [_thread_in_native, id=3409, stack(0x00007f3285ce9000,0x00007f3285dea000)]
  0x00007f32c0002000 JavaThread "XToolkt-Shutdown-Thread" [_thread_in_native, id=3408, stack(0x00007f3285dea000,0x00007f3285eeb000)]
  0x00007f32c4001000 JavaThread "SIGTERM handler" daemon [_thread_blocked, id=3407, stack(0x00007f32ee627000,0x00007f32ee728000)]
  0x00007f32f800f000 JavaThread "DestroyJavaVM" [_thread_blocked, id=3357, stack(0x00007f3300536000,0x00007f3300637000)]
=>0x00007f32f8721000 JavaThread "AWT-EventQueue-0" [_thread_in_native, id=3404, stack(0x00007f3290030000,0x00007f3290131000)]
  0x00007f32f89e0800 JavaThread "AWT-Shutdown" [_thread_blocked, id=3403, stack(0x00007f32a36f0000,0x00007f32a37f1000)]
  0x00007f32f89c4800 JavaThread "main-AWTAnimator" [_thread_blocked, id=3402, stack(0x00007f32a35ef000,0x00007f32a36f0000)]
  0x00007f32f841d000 JavaThread "main-SharedResourceRunner" daemon [_thread_blocked, id=3394, stack(0x00007f32a2d2e000,0x00007f32a2e2f000)]
  0x00007f32f8330000 JavaThread "AWT-XAWT" daemon [_thread_blocked, id=3391, stack(0x00007f32ec0a1000,0x00007f32ec1a2000)]
  0x00007f32f8310000 JavaThread "Java2D Disposer" daemon [_thread_blocked, id=3390, stack(0x00007f32edc92000,0x00007f32edd93000)]
  0x00007f32f8255000 JavaThread "process reaper" daemon [_thread_blocked, id=3385, stack(0x00007f32ee1bb000,0x00007f32ee1f4000)]
  0x00007f32f80ac800 JavaThread "Service Thread" daemon [_thread_blocked, id=3380, stack(0x00007f32ee324000,0x00007f32ee425000)]
  0x00007f32f80aa000 JavaThread "C2 CompilerThread1" daemon [_thread_blocked, id=3379, stack(0x00007f32ee425000,0x00007f32ee526000)]
  0x00007f32f80a7000 JavaThread "C2 CompilerThread0" daemon [_thread_blocked, id=3378, stack(0x00007f32ee526000,0x00007f32ee627000)]
  0x00007f32f80a5000 JavaThread "JDWP Event Helper Thread" daemon [_thread_blocked, id=3373, stack(0x00007f32ee728000,0x00007f32ee829000)]
  0x00007f32f80a1800 JavaThread "JDWP Transport Listener: dt_socket" daemon [_thread_in_native, id=3372, stack(0x00007f32ee829000,0x00007f32ee92a000)]
  0x00007f32f8093800 JavaThread "Signal Dispatcher" daemon [_thread_blocked, id=3369, stack(0x00007f32eeb2e000,0x00007f32eec2f000)]
  0x00007f32f8075000 JavaThread "Finalizer" daemon [_thread_blocked, id=3368, stack(0x00007f32eec2f000,0x00007f32eed30000)]
  0x00007f32f8073000 JavaThread "Reference Handler" daemon [_thread_blocked, id=3367, stack(0x00007f32eed30000,0x00007f32eee31000)]

Other Threads:
  0x00007f32f806f000 VMThread [stack: 0x00007f32eee31000,0x00007f32eef32000] [id=3366]
  0x00007f32f80bf800 WatcherThread [stack: 0x00007f32ee223000,0x00007f32ee324000] [id=3381]

VM state:not at safepoint (normal execution)

VM Mutex/Monitor currently owned by a thread: None

Heap
 PSYoungGen      total 62976K, used 30944K [0x00000007acc00000, 0x00000007b1280000, 0x0000000800000000)
  eden space 55808K, 55% used [0x00000007acc00000,0x00000007aea201c0,0x00000007b0280000)
  from space 7168K, 1% used [0x00000007b0b80000,0x00000007b0b98000,0x00000007b1280000)
  to   space 8192K, 0% used [0x00000007b0280000,0x00000007b0280000,0x00000007b0a80000)
 ParOldGen       total 170496K, used 4171K [0x0000000706400000, 0x0000000710a80000, 0x00000007acc00000)
  object space 170496K, 2% used [0x0000000706400000,0x0000000706812f50,0x0000000710a80000)
 PSPermGen       total 21504K, used 17001K [0x0000000701200000, 0x0000000702700000, 0x0000000706400000)
  object space 21504K, 79% used [0x0000000701200000,0x000000070229a440,0x0000000702700000)

Card table byte_map: [0x00007f32fc3e9000,0x00007f32fcbe1000] byte_map_base: 0x00007f32f8be0000

Polling page: 0x00007f3300666000

Code Cache  [0x00007f32f5000000, 0x00007f32f5270000, 0x00007f32f8000000)
 total_blobs=1117 nmethods=268 adapters=810 free_code_cache=47543Kb largest_free_block=48506048

Compilation events (10 events):
Event: 13,354 Thread 0x00007f32f80a7000  278             java.lang.ThreadLocal::get (34 bytes)
Event: 13,356 Thread 0x00007f32f80a7000 nmethod 278 0x00007f32f50e8690 code [0x00007f32f50e8800, 0x00007f32f50e89b8]
Event: 13,475 Thread 0x00007f32f80aa000  279             java.util.regex.Pattern$Curly::match (86 bytes)
Event: 13,480 Thread 0x00007f32f80aa000 nmethod 279 0x00007f32f51b9dd0 code [0x00007f32f51b9f80, 0x00007f32f51ba570]
Event: 14,494 Thread 0x00007f32f80aa000  281             java.util.regex.ASCII::getType (17 bytes)
Event: 14,494 Thread 0x00007f32f80a7000  280             java.util.regex.ASCII::isType (15 bytes)
Event: 14,495 Thread 0x00007f32f80aa000 nmethod 281 0x00007f32f50f00d0 code [0x00007f32f50f0200, 0x00007f32f50f0278]
Event: 14,495 Thread 0x00007f32f80a7000 nmethod 280 0x00007f32f50efe50 code [0x00007f32f50eff80, 0x00007f32f50efff8]
Event: 14,987 Thread 0x00007f32f80a7000  282             org.jzy3d.plot3d.primitives.axes.AxeBox::drawCube (189 bytes)
Event: 15,008 Thread 0x00007f32f80a7000 nmethod 282 0x00007f32f5074750 code [0x00007f32f5074aa0, 0x00007f32f5076158]

GC Heap History (10 events):
Event: 12,193 GC heap before
{Heap before GC invocations=8 (full 0):
 PSYoungGen      total 61440K, used 61056K [0x00000007acc00000, 0x00000007b1680000, 0x0000000800000000)
  eden space 60928K, 100% used [0x00000007acc00000,0x00000007b0780000,0x00000007b0780000)
  from space 512K, 25% used [0x00000007b0880000,0x00000007b08a0000,0x00000007b0900000)
  to   space 7680K, 0% used [0x00000007b0f00000,0x00000007b0f00000,0x00000007b1680000)
 ParOldGen       total 170496K, used 4155K [0x0000000706400000, 0x0000000710a80000, 0x00000007acc00000)
  object space 170496K, 2% used [0x0000000706400000,0x000000070680ef50,0x0000000710a80000)
 PSPermGen       total 21504K, used 16975K [0x0000000701200000, 0x0000000702700000, 0x0000000706400000)
  object space 21504K, 78% used [0x0000000701200000,0x0000000702293f88,0x0000000702700000)
Event: 12,195 GC heap after
Heap after GC invocations=8 (full 0):
 PSYoungGen      total 67584K, used 96K [0x00000007acc00000, 0x00000007b1680000, 0x0000000800000000)
  eden space 59904K, 0% used [0x00000007acc00000,0x00000007acc00000,0x00000007b0680000)
  from space 7680K, 1% used [0x00000007b0f00000,0x00000007b0f18000,0x00000007b1680000)
  to   space 8192K, 0% used [0x00000007b0680000,0x00000007b0680000,0x00000007b0e80000)
 ParOldGen       total 170496K, used 4155K [0x0000000706400000, 0x0000000710a80000, 0x00000007acc00000)
  object space 170496K, 2% used [0x0000000706400000,0x000000070680ef50,0x0000000710a80000)
 PSPermGen       total 21504K, used 16975K [0x0000000701200000, 0x0000000702700000, 0x0000000706400000)
  object space 21504K, 78% used [0x0000000701200000,0x0000000702293f88,0x0000000702700000)
}
Event: 12,924 GC heap before
{Heap before GC invocations=9 (full 0):
 PSYoungGen      total 67584K, used 60000K [0x00000007acc00000, 0x00000007b1680000, 0x0000000800000000)
  eden space 59904K, 100% used [0x00000007acc00000,0x00000007b0680000,0x00000007b0680000)
  from space 7680K, 1% used [0x00000007b0f00000,0x00000007b0f18000,0x00000007b1680000)
  to   space 8192K, 0% used [0x00000007b0680000,0x00000007b0680000,0x00000007b0e80000)
 ParOldGen       total 170496K, used 4155K [0x0000000706400000, 0x0000000710a80000, 0x00000007acc00000)
  object space 170496K, 2% used [0x0000000706400000,0x000000070680ef50,0x0000000710a80000)
 PSPermGen       total 21504K, used 16976K [0x0000000701200000, 0x0000000702700000, 0x0000000706400000)
  object space 21504K, 78% used [0x0000000701200000,0x0000000702294250,0x0000000702700000)
Event: 12,925 GC heap after
Heap after GC invocations=9 (full 0):
 PSYoungGen      total 59392K, used 96K [0x00000007acc00000, 0x00000007b1580000, 0x0000000800000000)
  eden space 58880K, 0% used [0x00000007acc00000,0x00000007acc00000,0x00000007b0580000)
  from space 512K, 18% used [0x00000007b0680000,0x00000007b0698000,0x00000007b0700000)
  to   space 8192K, 0% used [0x00000007b0d80000,0x00000007b0d80000,0x00000007b1580000)
 ParOldGen       total 170496K, used 4163K [0x0000000706400000, 0x0000000710a80000, 0x00000007acc00000)
  object space 170496K, 2% used [0x0000000706400000,0x0000000706810f50,0x0000000710a80000)
 PSPermGen       total 21504K, used 16976K [0x0000000701200000, 0x0000000702700000, 0x0000000706400000)
  object space 21504K, 78% used [0x0000000701200000,0x0000000702294250,0x0000000702700000)
}
Event: 13,598 GC heap before
{Heap before GC invocations=10 (full 0):
 PSYoungGen      total 59392K, used 58976K [0x00000007acc00000, 0x00000007b1580000, 0x0000000800000000)
  eden space 58880K, 100% used [0x00000007acc00000,0x00000007b0580000,0x00000007b0580000)
  from space 512K, 18% used [0x00000007b0680000,0x00000007b0698000,0x00000007b0700000)
  to   space 8192K, 0% used [0x00000007b0d80000,0x00000007b0d80000,0x00000007b1580000)
 ParOldGen       total 170496K, used 4163K [0x0000000706400000, 0x0000000710a80000, 0x00000007acc00000)
  object space 170496K, 2% used [0x0000000706400000,0x0000000706810f50,0x0000000710a80000)
 PSPermGen       total 21504K, used 16976K [0x0000000701200000, 0x0000000702700000, 0x0000000706400000)
  object space 21504K, 78% used [0x0000000701200000,0x0000000702294358,0x0000000702700000)
Event: 13,600 GC heap after
Heap after GC invocations=10 (full 0):
 PSYoungGen      total 66048K, used 96K [0x00000007acc00000, 0x00000007b1580000, 0x0000000800000000)
  eden space 57856K, 0% used [0x00000007acc00000,0x00000007acc00000,0x00000007b0480000)
  from space 8192K, 1% used [0x00000007b0d80000,0x00000007b0d98000,0x00000007b1580000)
  to   space 8704K, 0% used [0x00000007b0480000,0x00000007b0480000,0x00000007b0d00000)
 ParOldGen       total 170496K, used 4171K [0x0000000706400000, 0x0000000710a80000, 0x00000007acc00000)
  object space 170496K, 2% used [0x0000000706400000,0x0000000706812f50,0x0000000710a80000)
 PSPermGen       total 21504K, used 16976K [0x0000000701200000, 0x0000000702700000, 0x0000000706400000)
  object space 21504K, 78% used [0x0000000701200000,0x0000000702294358,0x0000000702700000)
}
Event: 14,300 GC heap before
{Heap before GC invocations=11 (full 0):
 PSYoungGen      total 66048K, used 57952K [0x00000007acc00000, 0x00000007b1580000, 0x0000000800000000)
  eden space 57856K, 100% used [0x00000007acc00000,0x00000007b0480000,0x00000007b0480000)
  from space 8192K, 1% used [0x00000007b0d80000,0x00000007b0d98000,0x00000007b1580000)
  to   space 8704K, 0% used [0x00000007b0480000,0x00000007b0480000,0x00000007b0d00000)
 ParOldGen       total 170496K, used 4171K [0x0000000706400000, 0x0000000710a80000, 0x00000007acc00000)
  object space 170496K, 2% used [0x0000000706400000,0x0000000706812f50,0x0000000710a80000)
 PSPermGen       total 21504K, used 16978K [0x0000000701200000, 0x0000000702700000, 0x0000000706400000)
  object space 21504K, 78% used [0x0000000701200000,0x0000000702294920,0x0000000702700000)
Event: 14,302 GC heap after
Heap after GC invocations=11 (full 0):
 PSYoungGen      total 57344K, used 128K [0x00000007acc00000, 0x00000007b1380000, 0x0000000800000000)
  eden space 56832K, 0% used [0x00000007acc00000,0x00000007acc00000,0x00000007b0380000)
  from space 512K, 25% used [0x00000007b0480000,0x00000007b04a0000,0x00000007b0500000)
  to   space 8192K, 0% used [0x00000007b0b80000,0x00000007b0b80000,0x00000007b1380000)
 ParOldGen       total 170496K, used 4171K [0x0000000706400000, 0x0000000710a80000, 0x00000007acc00000)
  object space 170496K, 2% used [0x0000000706400000,0x0000000706812f50,0x0000000710a80000)
 PSPermGen       total 21504K, used 16978K [0x0000000701200000, 0x0000000702700000, 0x0000000706400000)
  object space 21504K, 78% used [0x0000000701200000,0x0000000702294920,0x0000000702700000)
}
Event: 14,955 GC heap before
{Heap before GC invocations=12 (full 0):
 PSYoungGen      total 57344K, used 56960K [0x00000007acc00000, 0x00000007b1380000, 0x0000000800000000)
  eden space 56832K, 100% used [0x00000007acc00000,0x00000007b0380000,0x00000007b0380000)
  from space 512K, 25% used [0x00000007b0480000,0x00000007b04a0000,0x00000007b0500000)
  to   space 8192K, 0% used [0x00000007b0b80000,0x00000007b0b80000,0x00000007b1380000)
 ParOldGen       total 170496K, used 4171K [0x0000000706400000, 0x0000000710a80000, 0x00000007acc00000)
  object space 170496K, 2% used [0x0000000706400000,0x0000000706812f50,0x0000000710a80000)
 PSPermGen       total 21504K, used 16980K [0x0000000701200000, 0x0000000702700000, 0x0000000706400000)
  object space 21504K, 78% used [0x0000000701200000,0x00000007022953c8,0x0000000702700000)
Event: 14,956 GC heap after
Heap after GC invocations=12 (full 0):
 PSYoungGen      total 62976K, used 96K [0x00000007acc00000, 0x00000007b1280000, 0x0000000800000000)
  eden space 55808K, 0% used [0x00000007acc00000,0x00000007acc00000,0x00000007b0280000)
  from space 7168K, 1% used [0x00000007b0b80000,0x00000007b0b98000,0x00000007b1280000)
  to   space 8192K, 0% used [0x00000007b0280000,0x00000007b0280000,0x00000007b0a80000)
 ParOldGen       total 170496K, used 4171K [0x0000000706400000, 0x0000000710a80000, 0x00000007acc00000)
  object space 170496K, 2% used [0x0000000706400000,0x0000000706812f50,0x0000000710a80000)
 PSPermGen       total 21504K, used 16980K [0x0000000701200000, 0x0000000702700000, 0x0000000706400000)
  object space 21504K, 78% used [0x0000000701200000,0x00000007022953c8,0x0000000702700000)
}

Deoptimization events (10 events):
Event: 6,109 Thread 0x00007f32f800f000 Uncommon trap: reason=class_check action=maybe_recompile pc=0x00007f32f5118d18 method=java.util.ArrayList.indexOf(Ljava/lang/Object;)I @ 51
Event: 6,144 Thread 0x00007f32f89c4800 Uncommon trap: reason=unreached action=reinterpret pc=0x00007f32f50f2e00 method=java.awt.Component.isDisplayable()Z @ 4
Event: 6,144 Thread 0x00007f32f800f000 Uncommon trap: reason=unreached action=reinterpret pc=0x00007f32f50f51d4 method=java.awt.Component.isDisplayable()Z @ 4
Event: 6,144 Thread 0x00007f32f89c4800 Uncommon trap: reason=unreached action=reinterpret pc=0x00007f32f50eee74 method=java.awt.Component.isDisplayable()Z @ 4
Event: 6,214 Thread 0x00007f32f89c4800 Uncommon trap: reason=unloaded action=reinterpret pc=0x00007f32f510efd8 method=javax.media.opengl.awt.GLCanvas.display()V @ 64
Event: 6,303 Thread 0x00007f32f8721000 Uncommon trap: reason=class_check action=maybe_recompile pc=0x00007f32f5102748 method=java.util.regex.Pattern$Start.match(Ljava/util/regex/Matcher;ILjava/lang/CharSequence;)Z @ 44
Event: 6,327 Thread 0x00007f32f8721000 Uncommon trap: reason=class_check action=maybe_recompile pc=0x00007f32f5102748 method=java.util.regex.Pattern$Start.match(Ljava/util/regex/Matcher;ILjava/lang/CharSequence;)Z @ 44
Event: 6,327 Thread 0x00007f32f8721000 Uncommon trap: reason=class_check action=maybe_recompile pc=0x00007f32f5102748 method=java.util.regex.Pattern$Start.match(Ljava/util/regex/Matcher;ILjava/lang/CharSequence;)Z @ 44
Event: 6,328 Thread 0x00007f32f8721000 Uncommon trap: reason=class_check action=maybe_recompile pc=0x00007f32f5102748 method=java.util.regex.Pattern$Start.match(Ljava/util/regex/Matcher;ILjava/lang/CharSequence;)Z @ 44
Event: 6,328 Thread 0x00007f32f8721000 Uncommon trap: reason=class_check action=maybe_recompile pc=0x00007f32f5103854 method=java.util.regex.Pattern$Start.match(Ljava/util/regex/Matcher;ILjava/lang/CharSequence;)Z @ 44

Internal exceptions (10 events):
Event: 6,615 Thread 0x00007f32f8721000 Threw 0x00000007b098d510 at /HUDSON/workspace/7u-2-build-linux-amd64/jdk7u65/1224/hotspot/src/share/vm/runtime/reflection.cpp:1030
Event: 6,616 Thread 0x00007f32f8721000 Threw 0x00000007b098d8e0 at /HUDSON/workspace/7u-2-build-linux-amd64/jdk7u65/1224/hotspot/src/share/vm/runtime/reflection.cpp:1030
Event: 6,675 Thread 0x00007f32f8721000 Threw 0x00000007acc214e8 at /HUDSON/workspace/7u-2-build-linux-amd64/jdk7u65/1224/hotspot/src/share/vm/runtime/reflection.cpp:1030
Event: 6,675 Thread 0x00007f32f8721000 Threw 0x00000007acc21898 at /HUDSON/workspace/7u-2-build-linux-amd64/jdk7u65/1224/hotspot/src/share/vm/runtime/reflection.cpp:1030
Event: 6,719 Thread 0x00007f32f8721000 Threw 0x00000007ad0c9070 at /HUDSON/workspace/7u-2-build-linux-amd64/jdk7u65/1224/hotspot/src/share/vm/runtime/reflection.cpp:1030
Event: 7,457 Thread 0x00007f32f8721000 Threw 0x00000007afd1a758 at /HUDSON/workspace/7u-2-build-linux-amd64/jdk7u65/1224/hotspot/src/share/vm/prims/jvm.cpp:1244
Event: 7,458 Thread 0x00007f32f8721000 Threw 0x00000007afd1f7b0 at /HUDSON/workspace/7u-2-build-linux-amd64/jdk7u65/1224/hotspot/src/share/vm/prims/jvm.cpp:1244
Event: 7,554 Thread 0x00007f32f8721000 Threw 0x00000007afdf3b78 at /HUDSON/workspace/7u-2-build-linux-amd64/jdk7u65/1224/hotspot/src/share/vm/prims/jni.cpp:743
Event: 15,333 Thread 0x00007f32c0005000 Threw 0x00000007ae9094d0 at /HUDSON/workspace/7u-2-build-linux-amd64/jdk7u65/1224/hotspot/src/share/vm/prims/jvm.cpp:1244
Event: 15,334 Thread 0x00007f32c0005000 Threw 0x00000007ae9142f8 at /HUDSON/workspace/7u-2-build-linux-amd64/jdk7u65/1224/hotspot/src/share/vm/prims/jvm.cpp:1244

Events (10 events):
Event: 15,331 loading class 0x00007f32f8250980 done
Event: 15,332 Thread 0x00007f32c0002000 Thread added: 0x00007f32c0002000
Event: 15,332 Thread 0x00007f32c0003800 Thread added: 0x00007f32c0003800
Event: 15,332 Thread 0x00007f32c0005000 Thread added: 0x00007f32c0005000
Event: 15,332 loading class 0x00007f32f86356e0
Event: 15,332 loading class 0x00007f32f86356e0 done
Event: 15,333 loading class 0x00007f32f862b5d0
Event: 15,333 loading class 0x00007f32f862b5d0 done
Event: 15,334 loading class 0x00007f32f80b4f10
Event: 15,334 loading class 0x00007f32f824d450


Dynamic libraries:
00400000-00401000 r-xp 00000000 08:11 11544271                           /usr/lib/jvm/java-7-oracle/bin/java
00600000-00601000 rw-p 00000000 08:11 11544271                           /usr/lib/jvm/java-7-oracle/bin/java
00c32000-00c53000 rw-p 00000000 00:00 0                                  [heap]
701200000-702700000 rw-p 00000000 00:00 0 
702700000-706400000 rw-p 00000000 00:00 0 
706400000-710a80000 rw-p 00000000 00:00 0 
710a80000-7acc00000 rw-p 00000000 00:00 0 
7acc00000-7b1280000 rw-p 00000000 00:00 0 
7b1280000-7b1f80000 ---p 00000000 00:00 0 
7b1f80000-800000000 rw-p 00000000 00:00 0 
7f3270000000-7f3270021000 rw-p 00000000 00:00 0 
7f3270021000-7f3274000000 ---p 00000000 00:00 0 
7f3278000000-7f3278021000 rw-p 00000000 00:00 0 
7f3278021000-7f327c000000 ---p 00000000 00:00 0 
7f327c000000-7f327c021000 rw-p 00000000 00:00 0 
7f327c021000-7f3280000000 ---p 00000000 00:00 0 
7f3280000000-7f3280c54000 rw-p 00000000 00:00 0 
7f3280c54000-7f3284000000 ---p 00000000 00:00 0 
7f3285be8000-7f3285beb000 ---p 00000000 00:00 0 
7f3285beb000-7f3285ce9000 rw-p 00000000 00:00 0                          [stack:3410]
7f3285ce9000-7f3285cec000 ---p 00000000 00:00 0 
7f3285cec000-7f3285dea000 rw-p 00000000 00:00 0                          [stack:3409]
7f3285dea000-7f3285ded000 ---p 00000000 00:00 0 
7f3285ded000-7f3285eeb000 rw-p 00000000 00:00 0                          [stack:3408]
7f3285eeb000-7f3285f6b000 rw-s 00b11000 00:05 14359                      /dev/ati/card0
7f3285f6b000-7f328636c000 rw-s 00b0f000 00:05 14359                      /dev/ati/card0
7f328636c000-7f328676d000 rw-p 00000000 00:00 0 
7f328676d000-7f328776d000 rw-s 00b06000 00:05 14359                      /dev/ati/card0
7f328776d000-7f328786e000 rw-s 00b02000 00:05 14359                      /dev/ati/card0
7f328786e000-7f3287877000 r-xp 00000000 08:11 11148851                   /usr/lib/x86_64-linux-gnu/libXrandr.so.2.2.0
7f3287877000-7f3287a76000 ---p 00009000 08:11 11148851                   /usr/lib/x86_64-linux-gnu/libXrandr.so.2.2.0
7f3287a76000-7f3287a77000 r--p 00008000 08:11 11148851                   /usr/lib/x86_64-linux-gnu/libXrandr.so.2.2.0
7f3287a77000-7f3287a78000 rw-p 00009000 08:11 11148851                   /usr/lib/x86_64-linux-gnu/libXrandr.so.2.2.0
7f3287a78000-7f3287a86000 r-xp 00000000 08:11 7602882                    /tmp/jogamp_0000/file_cache/jln6617573808106681340/jln6370723354295853412/libnewt.so
7f3287a86000-7f3287c85000 ---p 0000e000 08:11 7602882                    /tmp/jogamp_0000/file_cache/jln6617573808106681340/jln6370723354295853412/libnewt.so
7f3287c85000-7f3287c86000 rw-p 0000d000 08:11 7602882                    /tmp/jogamp_0000/file_cache/jln6617573808106681340/jln6370723354295853412/libnewt.so
7f3287c86000-7f3288386000 rw-s 00006000 00:05 14359                      /dev/ati/card0
7f3288386000-7f328aa07000 r-xp 00000000 08:11 16520798                   /usr/lib/fglrx/dri/fglrx_dri.so
7f328aa07000-7f328ab06000 ---p 02681000 08:11 16520798                   /usr/lib/fglrx/dri/fglrx_dri.so
7f328ab06000-7f328acbb000 rwxp 02680000 08:11 16520798                   /usr/lib/fglrx/dri/fglrx_dri.so
7f328acbb000-7f328adfb000 rwxp 00000000 00:00 0 
7f328adfb000-7f328adfd000 r-xp 00000000 08:11 11148841                   /usr/lib/x86_64-linux-gnu/libXinerama.so.1.0.0
7f328adfd000-7f328affc000 ---p 00002000 08:11 11148841                   /usr/lib/x86_64-linux-gnu/libXinerama.so.1.0.0
7f328affc000-7f328affd000 r--p 00001000 08:11 11148841                   /usr/lib/x86_64-linux-gnu/libXinerama.so.1.0.0
7f328affd000-7f328affe000 rw-p 00002000 08:11 11148841                   /usr/lib/x86_64-linux-gnu/libXinerama.so.1.0.0
7f328affe000-7f328afff000 ---p 00000000 00:00 0 
7f328afff000-7f328b7ff000 rw-p 00000000 00:00 0                          [stack:3401]
7f328b7ff000-7f328b800000 ---p 00000000 00:00 0 
7f328b800000-7f328c000000 rw-p 00000000 00:00 0                          [stack:3400]
7f328c000000-7f328ccf1000 rw-p 00000000 00:00 0 
7f328ccf1000-7f3290000000 ---p 00000000 00:00 0 
7f3290030000-7f3290033000 ---p 00000000 00:00 0 
7f3290033000-7f3290131000 rw-p 00000000 00:00 0                          [stack:3404]
7f3290131000-7f3290168000 r-xp 00000000 08:11 11149766                   /usr/lib/x86_64-linux-gnu/libtxc_dxtn_s2tc.so.0.0.0
7f3290168000-7f3290367000 ---p 00037000 08:11 11149766                   /usr/lib/x86_64-linux-gnu/libtxc_dxtn_s2tc.so.0.0.0
7f3290367000-7f3290368000 r--p 00036000 08:11 11149766                   /usr/lib/x86_64-linux-gnu/libtxc_dxtn_s2tc.so.0.0.0
7f3290368000-7f3290369000 rw-p 00037000 08:11 11149766                   /usr/lib/x86_64-linux-gnu/libtxc_dxtn_s2tc.so.0.0.0
7f3290369000-7f329036a000 ---p 00000000 00:00 0 
7f329036a000-7f3290b6a000 rw-p 00000000 00:00 0                          [stack:3399]
7f3290b6a000-7f3290b6b000 ---p 00000000 00:00 0 
7f3290b6b000-7f329136b000 rw-p 00000000 00:00 0                          [stack:3398]
7f329136b000-7f3291392000 r-xp 00000000 08:11 5377913                    /lib/x86_64-linux-gnu/libexpat.so.1.6.0
7f3291392000-7f3291592000 ---p 00027000 08:11 5377913                    /lib/x86_64-linux-gnu/libexpat.so.1.6.0
7f3291592000-7f3291594000 r--p 00027000 08:11 5377913                    /lib/x86_64-linux-gnu/libexpat.so.1.6.0
7f3291594000-7f3291595000 rw-p 00029000 08:11 5377913                    /lib/x86_64-linux-gnu/libexpat.so.1.6.0
7f3291595000-7f32918c2000 r-xp 00000000 08:11 11539857                   /usr/lib/x86_64-linux-gnu/dri/swrast_dri.so
7f32918c2000-7f3291ac2000 ---p 0032d000 08:11 11539857                   /usr/lib/x86_64-linux-gnu/dri/swrast_dri.so
7f3291ac2000-7f3291ad1000 r--p 0032d000 08:11 11539857                   /usr/lib/x86_64-linux-gnu/dri/swrast_dri.so
7f3291ad1000-7f3291ad9000 rw-p 0033c000 08:11 11539857                   /usr/lib/x86_64-linux-gnu/dri/swrast_dri.so
7f3291ad9000-7f3291af9000 rw-p 00000000 00:00 0 
7f3291af9000-7f3291b1e000 r-xp 00000000 08:11 5378037                    /lib/x86_64-linux-gnu/libtinfo.so.5.9
7f3291b1e000-7f3291d1d000 ---p 00025000 08:11 5378037                    /lib/x86_64-linux-gnu/libtinfo.so.5.9
7f3291d1d000-7f3291d21000 r--p 00024000 08:11 5378037                    /lib/x86_64-linux-gnu/libtinfo.so.5.9
7f3291d21000-7f3291d22000 rw-p 00028000 08:11 5378037                    /lib/x86_64-linux-gnu/libtinfo.so.5.9
7f3291d22000-7f3291d38000 r-xp 00000000 08:11 5375742                    /lib/x86_64-linux-gnu/libgcc_s.so.1
7f3291d38000-7f3291f37000 ---p 00016000 08:11 5375742                    /lib/x86_64-linux-gnu/libgcc_s.so.1
7f3291f37000-7f3291f38000 rw-p 00015000 08:11 5375742                    /lib/x86_64-linux-gnu/libgcc_s.so.1
7f3291f38000-7f329201e000 r-xp 00000000 08:11 11149724                   /usr/lib/x86_64-linux-gnu/libstdc++.so.6.0.19
7f329201e000-7f329221d000 ---p 000e6000 08:11 11149724                   /usr/lib/x86_64-linux-gnu/libstdc++.so.6.0.19
7f329221d000-7f3292225000 r--p 000e5000 08:11 11149724                   /usr/lib/x86_64-linux-gnu/libstdc++.so.6.0.19
7f3292225000-7f3292227000 rw-p 000ed000 08:11 11149724                   /usr/lib/x86_64-linux-gnu/libstdc++.so.6.0.19
7f3292227000-7f329223c000 rw-p 00000000 00:00 0 
7f329223c000-7f3293a3a000 r-xp 00000000 08:11 11148690                   /usr/lib/x86_64-linux-gnu/libLLVM-3.4.so.1
7f3293a3a000-7f3293bc8000 r--p 017fd000 08:11 11148690                   /usr/lib/x86_64-linux-gnu/libLLVM-3.4.so.1
7f3293bc8000-7f3293bca000 rw-p 0198b000 08:11 11148690                   /usr/lib/x86_64-linux-gnu/libLLVM-3.4.so.1
7f3293bca000-7f3293bdd000 rw-p 00000000 00:00 0 
7f3293bdd000-7f3293be9000 r-xp 00000000 08:11 11149066                   /usr/lib/x86_64-linux-gnu/libdrm_radeon.so.1.0.1
7f3293be9000-7f3293de8000 ---p 0000c000 08:11 11149066                   /usr/lib/x86_64-linux-gnu/libdrm_radeon.so.1.0.1
7f3293de8000-7f3293de9000 r--p 0000b000 08:11 11149066                   /usr/lib/x86_64-linux-gnu/libdrm_radeon.so.1.0.1
7f3293de9000-7f3293dea000 rw-p 0000c000 08:11 11149066                   /usr/lib/x86_64-linux-gnu/libdrm_radeon.so.1.0.1
7f3293dea000-7f3293dff000 r-xp 00000000 08:11 11150821                   /usr/lib/x86_64-linux-gnu/libelf-0.158.so
7f3293dff000-7f3293ffe000 ---p 00015000 08:11 11150821                   /usr/lib/x86_64-linux-gnu/libelf-0.158.so
7f3293ffe000-7f3293fff000 r--p 00014000 08:11 11150821                   /usr/lib/x86_64-linux-gnu/libelf-0.158.so
7f3293fff000-7f3294000000 rw-p 00015000 08:11 11150821                   /usr/lib/x86_64-linux-gnu/libelf-0.158.so
7f3294000000-7f3294021000 rw-p 00000000 00:00 0 
7f3294021000-7f3298000000 ---p 00000000 00:00 0 
7f3298000000-7f329825b000 rw-p 00000000 00:00 0 
7f329825b000-7f329c000000 ---p 00000000 00:00 0 
7f329c000000-7f329c021000 rw-p 00000000 00:00 0 
7f329c021000-7f32a0000000 ---p 00000000 00:00 0 
7f32a002f000-7f32a00d7000 r-xp 00000000 08:11 16520802                   /usr/lib/fglrx/libatiadlxx.so
7f32a00d7000-7f32a01d7000 ---p 000a8000 08:11 16520802                   /usr/lib/fglrx/libatiadlxx.so
7f32a01d7000-7f32a01da000 rw-p 000a8000 08:11 16520802                   /usr/lib/fglrx/libatiadlxx.so
7f32a01da000-7f32a01ea000 rw-p 00000000 00:00 0 
7f32a01ea000-7f32a01ef000 r-xp 00000000 08:11 11149064                   /usr/lib/x86_64-linux-gnu/libdrm_nouveau.so.2.0.0
7f32a01ef000-7f32a03ee000 ---p 00005000 08:11 11149064                   /usr/lib/x86_64-linux-gnu/libdrm_nouveau.so.2.0.0
7f32a03ee000-7f32a03ef000 r--p 00004000 08:11 11149064                   /usr/lib/x86_64-linux-gnu/libdrm_nouveau.so.2.0.0
7f32a03ef000-7f32a03f0000 rw-p 00005000 08:11 11149064                   /usr/lib/x86_64-linux-gnu/libdrm_nouveau.so.2.0.0
7f32a03f0000-7f32a03f7000 r-xp 00000000 08:11 11539882                   /usr/lib/x86_64-linux-gnu/mesa-egl/libOpenVG.so.1.0.0
7f32a03f7000-7f32a05f6000 ---p 00007000 08:11 11539882                   /usr/lib/x86_64-linux-gnu/mesa-egl/libOpenVG.so.1.0.0
7f32a05f6000-7f32a05f7000 r--p 00006000 08:11 11539882                   /usr/lib/x86_64-linux-gnu/mesa-egl/libOpenVG.so.1.0.0
7f32a05f7000-7f32a05f8000 rw-p 00007000 08:11 11539882                   /usr/lib/x86_64-linux-gnu/mesa-egl/libOpenVG.so.1.0.0
7f32a05f8000-7f32a05fa000 rw-p 00000000 00:00 0 
7f32a05fa000-7f32a07e3000 r-xp 00000000 08:11 11152686                   /usr/lib/x86_64-linux-gnu/libgallium.so.0.0.0
7f32a07e3000-7f32a09e3000 ---p 001e9000 08:11 11152686                   /usr/lib/x86_64-linux-gnu/libgallium.so.0.0.0
7f32a09e3000-7f32a09f3000 r--p 001e9000 08:11 11152686                   /usr/lib/x86_64-linux-gnu/libgallium.so.0.0.0
7f32a09f3000-7f32a09f5000 rw-p 001f9000 08:11 11152686                   /usr/lib/x86_64-linux-gnu/libgallium.so.0.0.0
7f32a09f5000-7f32a0bbd000 rw-p 00000000 00:00 0 
7f32a0bbd000-7f32a11dd000 r-xp 00000000 08:11 11534875                   /usr/lib/x86_64-linux-gnu/egl/egl_gallium.so
7f32a11dd000-7f32a13dc000 ---p 00620000 08:11 11534875                   /usr/lib/x86_64-linux-gnu/egl/egl_gallium.so
7f32a13dc000-7f32a141d000 r--p 0061f000 08:11 11534875                   /usr/lib/x86_64-linux-gnu/egl/egl_gallium.so
7f32a141d000-7f32a142b000 rw-p 00660000 08:11 11534875                   /usr/lib/x86_64-linux-gnu/egl/egl_gallium.so
7f32a142b000-7f32a144b000 rw-p 00000000 00:00 0 
7f32a144b000-7f32a146d000 r-xp 00000000 08:11 11150174                   /usr/lib/x86_64-linux-gnu/libglapi.so.0.0.0
7f32a146d000-7f32a166d000 ---p 00022000 08:11 11150174                   /usr/lib/x86_64-linux-gnu/libglapi.so.0.0.0
7f32a166d000-7f32a1670000 r--p 00022000 08:11 11150174                   /usr/lib/x86_64-linux-gnu/libglapi.so.0.0.0
7f32a1670000-7f32a1671000 rw-p 00025000 08:11 11150174                   /usr/lib/x86_64-linux-gnu/libglapi.so.0.0.0
7f32a1671000-7f32a1672000 rw-p 00000000 00:00 0 
7f32a1672000-7f32a1678000 r-xp 00000000 08:11 11534876                   /usr/lib/x86_64-linux-gnu/mesa-egl/libGLESv2.so.2.0.0
7f32a1678000-7f32a1878000 ---p 00006000 08:11 11534876                   /usr/lib/x86_64-linux-gnu/mesa-egl/libGLESv2.so.2.0.0
7f32a1878000-7f32a1879000 r--p 00006000 08:11 11534876                   /usr/lib/x86_64-linux-gnu/mesa-egl/libGLESv2.so.2.0.0
7f32a1879000-7f32a187a000 rw-p 00007000 08:11 11534876                   /usr/lib/x86_64-linux-gnu/mesa-egl/libGLESv2.so.2.0.0
7f32a187a000-7f32a18c0000 r-xp 00000000 08:11 7602879                    /tmp/jogamp_0000/file_cache/jln6617573808106681340/jln6370723354295853412/libjogl_mobile.so
7f32a18c0000-7f32a1ac0000 ---p 00046000 08:11 7602879                    /tmp/jogamp_0000/file_cache/jln6617573808106681340/jln6370723354295853412/libjogl_mobile.so
7f32a1ac0000-7f32a1ac1000 rw-p 00046000 08:11 7602879                    /tmp/jogamp_0000/file_cache/jln6617573808106681340/jln6370723354295853412/libjogl_mobile.so
7f32a1ac1000-7f32a1ac8000 r-xp 00000000 08:11 11149096                   /usr/lib/x86_64-linux-gnu/libffi.so.6.0.1
7f32a1ac8000-7f32a1cc7000 ---p 00007000 08:11 11149096                   /usr/lib/x86_64-linux-gnu/libffi.so.6.0.1
7f32a1cc7000-7f32a1cc8000 r--p 00006000 08:11 11149096                   /usr/lib/x86_64-linux-gnu/libffi.so.6.0.1
7f32a1cc8000-7f32a1cc9000 rw-p 00007000 08:11 11149096                   /usr/lib/x86_64-linux-gnu/libffi.so.6.0.1
7f32a1cc9000-7f32a1cd4000 r-xp 00000000 08:11 11149060                   /usr/lib/x86_64-linux-gnu/libdrm.so.2.4.0
7f32a1cd4000-7f32a1ed3000 ---p 0000b000 08:11 11149060                   /usr/lib/x86_64-linux-gnu/libdrm.so.2.4.0
7f32a1ed3000-7f32a1ed4000 r--p 0000a000 08:11 11149060                   /usr/lib/x86_64-linux-gnu/libdrm.so.2.4.0
7f32a1ed4000-7f32a1ed5000 rw-p 0000b000 08:11 11149060                   /usr/lib/x86_64-linux-gnu/libdrm.so.2.4.0
7f32a1ed5000-7f32a1edc000 r-xp 00000000 08:11 11150276                   /usr/lib/x86_64-linux-gnu/libgbm.so.1.0.0
7f32a1edc000-7f32a20db000 ---p 00007000 08:11 11150276                   /usr/lib/x86_64-linux-gnu/libgbm.so.1.0.0
7f32a20db000-7f32a20dc000 r--p 00006000 08:11 11150276                   /usr/lib/x86_64-linux-gnu/libgbm.so.1.0.0
7f32a20dc000-7f32a20dd000 rw-p 00007000 08:11 11150276                   /usr/lib/x86_64-linux-gnu/libgbm.so.1.0.0
7f32a20dd000-7f32a20ec000 r-xp 00000000 08:11 11149834                   /usr/lib/x86_64-linux-gnu/libwayland-server.so.0.1.0
7f32a20ec000-7f32a22eb000 ---p 0000f000 08:11 11149834                   /usr/lib/x86_64-linux-gnu/libwayland-server.so.0.1.0
7f32a22eb000-7f32a22ed000 r--p 0000e000 08:11 11149834                   /usr/lib/x86_64-linux-gnu/libwayland-server.so.0.1.0
7f32a22ed000-7f32a22ee000 rw-p 00010000 08:11 11149834                   /usr/lib/x86_64-linux-gnu/libwayland-server.so.0.1.0
7f32a22ee000-7f32a22f9000 r-xp 00000000 08:11 11149828                   /usr/lib/x86_64-linux-gnu/libwayland-client.so.0.2.0
7f32a22f9000-7f32a24f8000 ---p 0000b000 08:11 11149828                   /usr/lib/x86_64-linux-gnu/libwayland-client.so.0.2.0
7f32a24f8000-7f32a24fa000 r--p 0000a000 08:11 11149828                   /usr/lib/x86_64-linux-gnu/libwayland-client.so.0.2.0
7f32a24fa000-7f32a24fb000 rw-p 0000c000 08:11 11149828                   /usr/lib/x86_64-linux-gnu/libwayland-client.so.0.2.0
7f32a24fb000-7f32a2500000 r-xp 00000000 08:11 11149882                   /usr/lib/x86_64-linux-gnu/libxcb-xfixes.so.0.0.0
7f32a2500000-7f32a2700000 ---p 00005000 08:11 11149882                   /usr/lib/x86_64-linux-gnu/libxcb-xfixes.so.0.0.0
7f32a2700000-7f32a2701000 r--p 00005000 08:11 11149882                   /usr/lib/x86_64-linux-gnu/libxcb-xfixes.so.0.0.0
7f32a2701000-7f32a2702000 rw-p 00006000 08:11 11149882                   /usr/lib/x86_64-linux-gnu/libxcb-xfixes.so.0.0.0
7f32a2702000-7f32a2705000 r-xp 00000000 08:11 11149856                   /usr/lib/x86_64-linux-gnu/libxcb-dri2.so.0.0.0
7f32a2705000-7f32a2905000 ---p 00003000 08:11 11149856                   /usr/lib/x86_64-linux-gnu/libxcb-dri2.so.0.0.0
7f32a2905000-7f32a2906000 r--p 00003000 08:11 11149856                   /usr/lib/x86_64-linux-gnu/libxcb-dri2.so.0.0.0
7f32a2906000-7f32a2907000 rw-p 00004000 08:11 11149856                   /usr/lib/x86_64-linux-gnu/libxcb-dri2.so.0.0.0
7f32a2907000-7f32a2908000 r-xp 00000000 08:11 11148812                   /usr/lib/x86_64-linux-gnu/libX11-xcb.so.1.0.0
7f32a2908000-7f32a2b07000 ---p 00001000 08:11 11148812                   /usr/lib/x86_64-linux-gnu/libX11-xcb.so.1.0.0
7f32a2b07000-7f32a2b08000 r--p 00000000 08:11 11148812                   /usr/lib/x86_64-linux-gnu/libX11-xcb.so.1.0.0
7f32a2b08000-7f32a2b09000 rw-p 00001000 08:11 11148812                   /usr/lib/x86_64-linux-gnu/libX11-xcb.so.1.0.0
7f32a2b09000-7f32a2b2c000 r-xp 00000000 08:11 11534883                   /usr/lib/x86_64-linux-gnu/mesa-egl/libEGL.so.1.0.0
7f32a2b2c000-7f32a2d2c000 ---p 00023000 08:11 11534883                   /usr/lib/x86_64-linux-gnu/mesa-egl/libEGL.so.1.0.0
7f32a2d2c000-7f32a2d2d000 r--p 00023000 08:11 11534883                   /usr/lib/x86_64-linux-gnu/mesa-egl/libEGL.so.1.0.0
7f32a2d2d000-7f32a2d2e000 rw-p 00024000 08:11 11534883                   /usr/lib/x86_64-linux-gnu/mesa-egl/libEGL.so.1.0.0
7f32a2d2e000-7f32a2d31000 ---p 00000000 00:00 0 
7f32a2d31000-7f32a2e2f000 rw-p 00000000 00:00 0                          [stack:3394]
7f32a2e2f000-7f32a2ed7000 r-xp 00000000 08:11 7602878                    /tmp/jogamp_0000/file_cache/jln6617573808106681340/jln6370723354295853412/libjogl_desktop.so
7f32a2ed7000-7f32a30d7000 ---p 000a8000 08:11 7602878                    /tmp/jogamp_0000/file_cache/jln6617573808106681340/jln6370723354295853412/libjogl_desktop.so
7f32a30d7000-7f32a30d8000 rw-p 000a8000 08:11 7602878                    /tmp/jogamp_0000/file_cache/jln6617573808106681340/jln6370723354295853412/libjogl_desktop.so
7f32a30d8000-7f32a30e8000 r-xp 00000000 08:11 16520801                   /usr/lib/fglrx/libatiuki.so.1.0
7f32a30e8000-7f32a31e7000 ---p 00010000 08:11 16520801                   /usr/lib/fglrx/libatiuki.so.1.0
7f32a31e7000-7f32a31f6000 rw-p 0000f000 08:11 16520801                   /usr/lib/fglrx/libatiuki.so.1.0
7f32a31f6000-7f32a31f7000 rw-p 00000000 00:00 0 
7f32a31f7000-7f32a3297000 r-xp 00000000 08:11 16520827                   /usr/lib/fglrx/libGL.so.1.2
7f32a3297000-7f32a3397000 ---p 000a0000 08:11 16520827                   /usr/lib/fglrx/libGL.so.1.2
7f32a3397000-7f32a33cb000 rwxp 000a0000 08:11 16520827                   /usr/lib/fglrx/libGL.so.1.2
7f32a33cb000-7f32a33e8000 rwxp 00000000 00:00 0 
7f32a33e8000-7f32a33ef000 r-xp 00000000 08:11 7602881                    /tmp/jogamp_0000/file_cache/jln6617573808106681340/jln6370723354295853412/libnativewindow_x11.so
7f32a33ef000-7f32a35ee000 ---p 00007000 08:11 7602881                    /tmp/jogamp_0000/file_cache/jln6617573808106681340/jln6370723354295853412/libnativewindow_x11.so
7f32a35ee000-7f32a35ef000 rw-p 00006000 08:11 7602881                    /tmp/jogamp_0000/file_cache/jln6617573808106681340/jln6370723354295853412/libnativewindow_x11.so
7f32a35ef000-7f32a35f2000 ---p 00000000 00:00 0 
7f32a35f2000-7f32a36f0000 rw-p 00000000 00:00 0                          [stack:3402]
7f32a36f0000-7f32a36f3000 ---p 00000000 00:00 0 
7f32a36f3000-7f32a37f1000 rw-p 00000000 00:00 0                          [stack:3403]
7f32a37f1000-7f32a37f5000 r-xp 00000000 08:11 11148869                   /usr/lib/x86_64-linux-gnu/libXxf86vm.so.1.0.0
7f32a37f5000-7f32a39f5000 ---p 00004000 08:11 11148869                   /usr/lib/x86_64-linux-gnu/libXxf86vm.so.1.0.0
7f32a39f5000-7f32a39f6000 r--p 00004000 08:11 11148869                   /usr/lib/x86_64-linux-gnu/libXxf86vm.so.1.0.0
7f32a39f6000-7f32a39f7000 rw-p 00005000 08:11 11148869                   /usr/lib/x86_64-linux-gnu/libXxf86vm.so.1.0.0
7f32a39f7000-7f32a39f9000 r-xp 00000000 08:11 7602880                    /tmp/jogamp_0000/file_cache/jln6617573808106681340/jln6370723354295853412/libnativewindow_awt.so
7f32a39f9000-7f32a3bf8000 ---p 00002000 08:11 7602880                    /tmp/jogamp_0000/file_cache/jln6617573808106681340/jln6370723354295853412/libnativewindow_awt.so
7f32a3bf8000-7f32a3bf9000 rw-p 00001000 08:11 7602880                    /tmp/jogamp_0000/file_cache/jln6617573808106681340/jln6370723354295853412/libnativewindow_awt.so
7f32a3bf9000-7f32a3bfa000 r-xp 00000000 08:11 13238537                   /usr/lib/jvm/java-7-oracle/jre/lib/amd64/libjawt.so
7f32a3bfa000-7f32a3df9000 ---p 00001000 08:11 13238537                   /usr/lib/jvm/java-7-oracle/jre/lib/amd64/libjawt.so
7f32a3df9000-7f32a3dfa000 rw-p 00000000 08:11 13238537                   /usr/lib/jvm/java-7-oracle/jre/lib/amd64/libjawt.so
7f32a3dfa000-7f32a3dff000 r-xp 00000000 08:11 11148833                   /usr/lib/x86_64-linux-gnu/libXfixes.so.3.1.0
7f32a3dff000-7f32a3ffe000 ---p 00005000 08:11 11148833                   /usr/lib/x86_64-linux-gnu/libXfixes.so.3.1.0
7f32a3ffe000-7f32a3fff000 r--p 00004000 08:11 11148833                   /usr/lib/x86_64-linux-gnu/libXfixes.so.3.1.0
7f32a3fff000-7f32a4000000 rw-p 00005000 08:11 11148833                   /usr/lib/x86_64-linux-gnu/libXfixes.so.3.1.0
7f32a4000000-7f32a4021000 rw-p 00000000 00:00 0 
7f32a4021000-7f32a8000000 ---p 00000000 00:00 0 
7f32a8000000-7f32a8021000 rw-p 00000000 00:00 0 
7f32a8021000-7f32ac000000 ---p 00000000 00:00 0 
7f32ac000000-7f32ac021000 rw-p 00000000 00:00 0 
7f32ac021000-7f32b0000000 ---p 00000000 00:00 0 
7f32b0000000-7f32b0021000 rw-p 00000000 00:00 0 
7f32b0021000-7f32b4000000 ---p 00000000 00:00 0 
7f32b4000000-7f32b4dc9000 rw-p 00000000 00:00 0 
7f32b4dc9000-7f32b8000000 ---p 00000000 00:00 0 
7f32b8000000-7f32b8f30000 rw-p 00000000 00:00 0 
7f32b8f30000-7f32bc000000 ---p 00000000 00:00 0 
7f32bc000000-7f32bc021000 rw-p 00000000 00:00 0 
7f32bc021000-7f32c0000000 ---p 00000000 00:00 0 
7f32c0000000-7f32c0021000 rw-p 00000000 00:00 0 
7f32c0021000-7f32c4000000 ---p 00000000 00:00 0 
7f32c4000000-7f32c4021000 rw-p 00000000 00:00 0 
7f32c4021000-7f32c8000000 ---p 00000000 00:00 0 
7f32c8000000-7f32c8021000 rw-p 00000000 00:00 0 
7f32c8021000-7f32cc000000 ---p 00000000 00:00 0 
7f32cc000000-7f32cc021000 rw-p 00000000 00:00 0 
7f32cc021000-7f32d0000000 ---p 00000000 00:00 0 
7f32d0000000-7f32d0021000 rw-p 00000000 00:00 0 
7f32d0021000-7f32d4000000 ---p 00000000 00:00 0 
7f32d4000000-7f32d4021000 rw-p 00000000 00:00 0 
7f32d4021000-7f32d8000000 ---p 00000000 00:00 0 
7f32d800f000-7f32d8090000 rw-s 00b10000 00:05 14359                      /dev/ati/card0
7f32d8090000-7f32e0000000 rw-p 00000000 00:00 0 
7f32e0000000-7f32e0021000 rw-p 00000000 00:00 0 
7f32e0021000-7f32e4000000 ---p 00000000 00:00 0 
7f32e4000000-7f32e4021000 rw-p 00000000 00:00 0 
7f32e4021000-7f32e8000000 ---p 00000000 00:00 0 
7f32e8000000-7f32e8021000 rw-p 00000000 00:00 0 
7f32e8021000-7f32ec000000 ---p 00000000 00:00 0 
7f32ec059000-7f32ec061000 rwxp 00000000 00:00 0 
7f32ec061000-7f32ec0a1000 rw-s 000cc000 00:05 14359                      /dev/ati/card0
7f32ec0a1000-7f32ec0a4000 ---p 00000000 00:00 0 
7f32ec0a4000-7f32ec1a2000 rw-p 00000000 00:00 0                          [stack:3391]
7f32ec1a2000-7f32ec1ab000 r-xp 00000000 08:11 11148825                   /usr/lib/x86_64-linux-gnu/libXcursor.so.1.0.2
7f32ec1ab000-7f32ec3aa000 ---p 00009000 08:11 11148825                   /usr/lib/x86_64-linux-gnu/libXcursor.so.1.0.2
7f32ec3aa000-7f32ec3ab000 r--p 00008000 08:11 11148825                   /usr/lib/x86_64-linux-gnu/libXcursor.so.1.0.2
7f32ec3ab000-7f32ec3ac000 rw-p 00009000 08:11 11148825                   /usr/lib/x86_64-linux-gnu/libXcursor.so.1.0.2
7f32ec3ac000-7f32ec3b1000 r-xp 00000000 08:11 11148829                   /usr/lib/x86_64-linux-gnu/libXdmcp.so.6.0.0
7f32ec3b1000-7f32ec5b0000 ---p 00005000 08:11 11148829                   /usr/lib/x86_64-linux-gnu/libXdmcp.so.6.0.0
7f32ec5b0000-7f32ec5b1000 r--p 00004000 08:11 11148829                   /usr/lib/x86_64-linux-gnu/libXdmcp.so.6.0.0
7f32ec5b1000-7f32ec5b2000 rw-p 00005000 08:11 11148829                   /usr/lib/x86_64-linux-gnu/libXdmcp.so.6.0.0
7f32ec5b2000-7f32ec5b4000 r-xp 00000000 08:11 11148818                   /usr/lib/x86_64-linux-gnu/libXau.so.6.0.0
7f32ec5b4000-7f32ec7b4000 ---p 00002000 08:11 11148818                   /usr/lib/x86_64-linux-gnu/libXau.so.6.0.0
7f32ec7b4000-7f32ec7b5000 r--p 00002000 08:11 11148818                   /usr/lib/x86_64-linux-gnu/libXau.so.6.0.0
7f32ec7b5000-7f32ec7b6000 rw-p 00003000 08:11 11148818                   /usr/lib/x86_64-linux-gnu/libXau.so.6.0.0
7f32ec7b6000-7f32ec7d3000 r-xp 00000000 08:11 11149886                   /usr/lib/x86_64-linux-gnu/libxcb.so.1.1.0
7f32ec7d3000-7f32ec9d3000 ---p 0001d000 08:11 11149886                   /usr/lib/x86_64-linux-gnu/libxcb.so.1.1.0
7f32ec9d3000-7f32ec9d4000 r--p 0001d000 08:11 11149886                   /usr/lib/x86_64-linux-gnu/libxcb.so.1.1.0
7f32ec9d4000-7f32ec9d5000 rw-p 0001e000 08:11 11149886                   /usr/lib/x86_64-linux-gnu/libxcb.so.1.1.0
7f32ec9d5000-7f32ec9e4000 r-xp 00000000 08:11 11148839                   /usr/lib/x86_64-linux-gnu/libXi.so.6.1.0
7f32ec9e4000-7f32ecbe3000 ---p 0000f000 08:11 11148839                   /usr/lib/x86_64-linux-gnu/libXi.so.6.1.0
7f32ecbe3000-7f32ecbe4000 r--p 0000e000 08:11 11148839                   /usr/lib/x86_64-linux-gnu/libXi.so.6.1.0
7f32ecbe4000-7f32ecbe5000 rw-p 0000f000 08:11 11148839                   /usr/lib/x86_64-linux-gnu/libXi.so.6.1.0
7f32ecbe5000-7f32ecbea000 r-xp 00000000 08:11 11148859                   /usr/lib/x86_64-linux-gnu/libXtst.so.6.1.0
7f32ecbea000-7f32ecde9000 ---p 00005000 08:11 11148859                   /usr/lib/x86_64-linux-gnu/libXtst.so.6.1.0
7f32ecde9000-7f32ecdea000 r--p 00004000 08:11 11148859                   /usr/lib/x86_64-linux-gnu/libXtst.so.6.1.0
7f32ecdea000-7f32ecdeb000 rw-p 00005000 08:11 11148859                   /usr/lib/x86_64-linux-gnu/libXtst.so.6.1.0
7f32ecdeb000-7f32ecdf4000 r-xp 00000000 08:11 11148853                   /usr/lib/x86_64-linux-gnu/libXrender.so.1.3.0
7f32ecdf4000-7f32ecff3000 ---p 00009000 08:11 11148853                   /usr/lib/x86_64-linux-gnu/libXrender.so.1.3.0
7f32ecff3000-7f32ecff4000 r--p 00008000 08:11 11148853                   /usr/lib/x86_64-linux-gnu/libXrender.so.1.3.0
7f32ecff4000-7f32ecff5000 rw-p 00009000 08:11 11148853                   /usr/lib/x86_64-linux-gnu/libXrender.so.1.3.0
7f32ecff5000-7f32ed125000 r-xp 00000000 08:11 11148814                   /usr/lib/x86_64-linux-gnu/libX11.so.6.3.0
7f32ed125000-7f32ed325000 ---p 00130000 08:11 11148814                   /usr/lib/x86_64-linux-gnu/libX11.so.6.3.0
7f32ed325000-7f32ed326000 r--p 00130000 08:11 11148814                   /usr/lib/x86_64-linux-gnu/libX11.so.6.3.0
7f32ed326000-7f32ed32a000 rw-p 00131000 08:11 11148814                   /usr/lib/x86_64-linux-gnu/libX11.so.6.3.0
7f32ed32a000-7f32ed33b000 r-xp 00000000 08:11 11148831                   /usr/lib/x86_64-linux-gnu/libXext.so.6.4.0
7f32ed33b000-7f32ed53a000 ---p 00011000 08:11 11148831                   /usr/lib/x86_64-linux-gnu/libXext.so.6.4.0
7f32ed53a000-7f32ed53b000 r--p 00010000 08:11 11148831                   /usr/lib/x86_64-linux-gnu/libXext.so.6.4.0
7f32ed53b000-7f32ed53c000 rw-p 00011000 08:11 11148831                   /usr/lib/x86_64-linux-gnu/libXext.so.6.4.0
7f32ed53c000-7f32ed53d000 rwxp 00000000 00:00 0 
7f32ed53d000-7f32ed53e000 rw-p 00000000 00:00 0 
7f32ed53e000-7f32ed53f000 rw-s 00005000 00:05 14359                      /dev/ati/card0
7f32ed53f000-7f32ed55f000 rw-s 00004000 00:05 14359                      /dev/ati/card0
7f32ed55f000-7f32ed566000 r--s 00000000 08:11 11535421                   /usr/lib/x86_64-linux-gnu/gconv/gconv-modules.cache
7f32ed566000-7f32ed568000 rw-s 00002000 00:05 14359                      /dev/ati/card0
7f32ed568000-7f32ed5b8000 r-xp 00000000 08:11 13238505                   /usr/lib/jvm/java-7-oracle/jre/lib/amd64/xawt/libmawt.so
7f32ed5b8000-7f32ed7b8000 ---p 00050000 08:11 13238505                   /usr/lib/jvm/java-7-oracle/jre/lib/amd64/xawt/libmawt.so
7f32ed7b8000-7f32ed7bc000 rw-p 00050000 08:11 13238505                   /usr/lib/jvm/java-7-oracle/jre/lib/amd64/xawt/libmawt.so
7f32ed7bc000-7f32ed7bd000 rw-p 00000000 00:00 0 
7f32ed7bd000-7f32ed85f000 r-xp 00000000 08:11 13238555                   /usr/lib/jvm/java-7-oracle/jre/lib/amd64/libawt.so
7f32ed85f000-7f32eda5f000 ---p 000a2000 08:11 13238555                   /usr/lib/jvm/java-7-oracle/jre/lib/amd64/libawt.so
7f32eda5f000-7f32eda6b000 rw-p 000a2000 08:11 13238555                   /usr/lib/jvm/java-7-oracle/jre/lib/amd64/libawt.so
7f32eda6b000-7f32eda8f000 rw-p 00000000 00:00 0 
7f32eda8f000-7f32eda91000 r-xp 00000000 08:11 7602877                    /tmp/jogamp_0000/file_cache/jln6617573808106681340/jln6370723354295853412/libgluegen-rt.so
7f32eda91000-7f32edc91000 ---p 00002000 08:11 7602877                    /tmp/jogamp_0000/file_cache/jln6617573808106681340/jln6370723354295853412/libgluegen-rt.so
7f32edc91000-7f32edc92000 rw-p 00002000 08:11 7602877                    /tmp/jogamp_0000/file_cache/jln6617573808106681340/jln6370723354295853412/libgluegen-rt.so
7f32edc92000-7f32edc95000 ---p 00000000 00:00 0 
7f32edc95000-7f32edd93000 rw-p 00000000 00:00 0                          [stack:3390]
7f32edd93000-7f32edda3000 r-xp 00000000 08:11 13238527                   /usr/lib/jvm/java-7-oracle/jre/lib/amd64/libnio.so
7f32edda3000-7f32edfa3000 ---p 00010000 08:11 13238527                   /usr/lib/jvm/java-7-oracle/jre/lib/amd64/libnio.so
7f32edfa3000-7f32edfa4000 rw-p 00010000 08:11 13238527                   /usr/lib/jvm/java-7-oracle/jre/lib/amd64/libnio.so
7f32edfa4000-7f32edfba000 r-xp 00000000 08:11 13238551                   /usr/lib/jvm/java-7-oracle/jre/lib/amd64/libnet.so
7f32edfba000-7f32ee1ba000 ---p 00016000 08:11 13238551                   /usr/lib/jvm/java-7-oracle/jre/lib/amd64/libnet.so
7f32ee1ba000-7f32ee1bb000 rw-p 00016000 08:11 13238551                   /usr/lib/jvm/java-7-oracle/jre/lib/amd64/libnet.so
7f32ee1bb000-7f32ee1be000 ---p 00000000 00:00 0 
7f32ee1be000-7f32ee1f4000 rw-p 00000000 00:00 0                          [stack:3385]
7f32ee1f4000-7f32ee1f5000 r--p 00000000 00:00 0 
7f32ee1f5000-7f32ee1f9000 r--s 0008a000 08:11 12453737                   /usr/lib/jvm/java-7-oracle/jre/lib/jsse.jar
7f32ee1f9000-7f32ee21c000 r--s 001ba000 08:11 16648404                   /home/klemen/.m2/repository/org/apache/commons/commons-math3/3.3/commons-math3-3.3.jar
7f32ee21c000-7f32ee221000 r--s 0002c000 08:11 16914633                   /home/klemen/.m2/repository/commons-net/commons-net/2.0/commons-net-2.0.jar
7f32ee221000-7f32ee223000 r--s 00045000 08:11 22152454                   /home/klemen/.m2/repository/java3d/vecmath/1.3.1/vecmath-1.3.1.jar
7f32ee223000-7f32ee224000 ---p 00000000 00:00 0 
7f32ee224000-7f32ee324000 rw-p 00000000 00:00 0                          [stack:3381]
7f32ee324000-7f32ee327000 ---p 00000000 00:00 0 
7f32ee327000-7f32ee425000 rw-p 00000000 00:00 0                          [stack:3380]
7f32ee425000-7f32ee428000 ---p 00000000 00:00 0 
7f32ee428000-7f32ee526000 rw-p 00000000 00:00 0                          [stack:3379]
7f32ee526000-7f32ee529000 ---p 00000000 00:00 0 
7f32ee529000-7f32ee627000 rw-p 00000000 00:00 0                          [stack:3378]
7f32ee627000-7f32ee62a000 ---p 00000000 00:00 0 
7f32ee62a000-7f32ee728000 rw-p 00000000 00:00 0                          [stack:3407]
7f32ee728000-7f32ee72b000 ---p 00000000 00:00 0 
7f32ee72b000-7f32ee829000 rw-p 00000000 00:00 0                          [stack:3373]
7f32ee829000-7f32ee82c000 ---p 00000000 00:00 0 
7f32ee82c000-7f32ee92a000 rw-p 00000000 00:00 0                          [stack:3372]
7f32ee92a000-7f32ee92e000 r-xp 00000000 08:11 13238508                   /usr/lib/jvm/java-7-oracle/jre/lib/amd64/libdt_socket.so
7f32ee92e000-7f32eeb2d000 ---p 00004000 08:11 13238508                   /usr/lib/jvm/java-7-oracle/jre/lib/amd64/libdt_socket.so
7f32eeb2d000-7f32eeb2e000 rw-p 00003000 08:11 13238508                   /usr/lib/jvm/java-7-oracle/jre/lib/amd64/libdt_socket.so
7f32eeb2e000-7f32eeb31000 ---p 00000000 00:00 0 
7f32eeb31000-7f32eec2f000 rw-p 00000000 00:00 0                          [stack:3369]
7f32eec2f000-7f32eec32000 ---p 00000000 00:00 0 
7f32eec32000-7f32eed30000 rw-p 00000000 00:00 0                          [stack:3368]
7f32eed30000-7f32eed33000 ---p 00000000 00:00 0 
7f32eed33000-7f32eee31000 rw-p 00000000 00:00 0                          [stack:3367]
7f32eee31000-7f32eee32000 ---p 00000000 00:00 0 
7f32eee32000-7f32efe41000 rw-p 00000000 00:00 0                          [stack:3366]
7f32efe41000-7f32f0000000 r--s 039e5000 08:11 12453718                   /usr/lib/jvm/java-7-oracle/jre/lib/rt.jar
7f32f0000000-7f32f0021000 rw-p 00000000 00:00 0 
7f32f0021000-7f32f4000000 ---p 00000000 00:00 0 
7f32f4000000-7f32f4002000 r--s 00007000 08:11 16263289                   /home/klemen/.m2/repository/org/apache/commons/commons-csv/1.0/commons-csv-1.0.jar
7f32f4002000-7f32f4006000 r--s 0002e000 08:11 22417953                   /home/klemen/.m2/repository/com/miglayout/miglayout/3.7.4/miglayout-3.7.4.jar
7f32f4006000-7f32f4008000 r--s 00009000 08:11 15337000                   /home/klemen/.m2/repository/org/hamcrest/hamcrest-core/1.3/hamcrest-core-1.3.jar
7f32f4008000-7f32f400e000 r--s 00036000 08:11 15336999                   /home/klemen/.m2/repository/junit/junit/4.11/junit-4.11.jar
7f32f400e000-7f32f4010000 r--s 00003000 08:11 16263287                   /home/klemen/.m2/repository/net/sf/opencsv/opencsv/2.1/opencsv-2.1.jar
7f32f4010000-7f32f4019000 r--s 0006d000 08:11 22417060                   /home/klemen/.m2/repository/log4j/log4j/1.2.16/log4j-1.2.16.jar
7f32f4019000-7f32f401a000 r--s 0002d000 08:11 16389455                   /home/klemen/.m2/repository/org/jogamp/jogl/jogl-all/2.1.5-01/jogl-all-2.1.5-01-natives-windows-i586.jar
7f32f401a000-7f32f401b000 r--s 00034000 08:11 16389454                   /home/klemen/.m2/repository/org/jogamp/jogl/jogl-all/2.1.5-01/jogl-all-2.1.5-01-natives-windows-amd64.jar
7f32f401b000-7f32f401c000 r--s 00021000 08:11 16389453                   /home/klemen/.m2/repository/org/jogamp/jogl/jogl-all/2.1.5-01/jogl-all-2.1.5-01-natives-solaris-i586.jar
7f32f401c000-7f32f401d000 r--s 0002e000 08:11 16389452                   /home/klemen/.m2/repository/org/jogamp/jogl/jogl-all/2.1.5-01/jogl-all-2.1.5-01-natives-solaris-amd64.jar
7f32f401d000-7f32f401e000 r--s 00063000 08:11 16389451                   /home/klemen/.m2/repository/org/jogamp/jogl/jogl-all/2.1.5-01/jogl-all-2.1.5-01-natives-macosx-universal.jar
7f32f401e000-7f32f4020000 r--s 00030000 08:11 16389450                   /home/klemen/.m2/repository/org/jogamp/jogl/jogl-all/2.1.5-01/jogl-all-2.1.5-01-natives-linux-i586.jar
7f32f4020000-7f32f4021000 r--s 00022000 08:11 16389449                   /home/klemen/.m2/repository/org/jogamp/jogl/jogl-all/2.1.5-01/jogl-all-2.1.5-01-natives-linux-armv6hf.jar
7f32f4021000-7f32f4023000 r--s 00021000 08:11 16389448                   /home/klemen/.m2/repository/org/jogamp/jogl/jogl-all/2.1.5-01/jogl-all-2.1.5-01-natives-linux-armv6.jar
7f32f4023000-7f32f4024000 r--s 00031000 08:11 16389447                   /home/klemen/.m2/repository/org/jogamp/jogl/jogl-all/2.1.5-01/jogl-all-2.1.5-01-natives-linux-amd64.jar
7f32f4024000-7f32f4025000 r--s 0000c000 08:11 16389446                   /home/klemen/.m2/repository/org/jogamp/jogl/jogl-all/2.1.5-01/jogl-all-2.1.5-01-natives-android-armv6.jar
7f32f4025000-7f32f4046000 r--s 002d0000 08:11 16389445                   /home/klemen/.m2/repository/org/jogamp/jogl/jogl-all/2.1.5-01/jogl-all-2.1.5-01.jar
7f32f4046000-7f32f4047000 r--s 00000000 08:11 16389444                   /home/klemen/.m2/repository/org/jogamp/jogl/jogl-all-main/2.1.5-01/jogl-all-main-2.1.5-01.jar
7f32f4047000-7f32f4048000 r--s 00001000 08:11 16389443                   /home/klemen/.m2/repository/org/jogamp/gluegen/gluegen-rt/2.1.5-01/gluegen-rt-2.1.5-01-natives-windows-i586.jar
7f32f4048000-7f32f4049000 r--s 00001000 08:11 16389442                   /home/klemen/.m2/repository/org/jogamp/gluegen/gluegen-rt/2.1.5-01/gluegen-rt-2.1.5-01-natives-windows-amd64.jar
7f32f4049000-7f32f404a000 r--s 00000000 08:11 16389441                   /home/klemen/.m2/repository/org/jogamp/gluegen/gluegen-rt/2.1.5-01/gluegen-rt-2.1.5-01-natives-solaris-i586.jar
7f32f404a000-7f32f404b000 r--s 00001000 08:11 16389440                   /home/klemen/.m2/repository/org/jogamp/gluegen/gluegen-rt/2.1.5-01/gluegen-rt-2.1.5-01-natives-solaris-amd64.jar
7f32f404b000-7f32f404c000 r--s 00001000 08:11 16389439                   /home/klemen/.m2/repository/org/jogamp/gluegen/gluegen-rt/2.1.5-01/gluegen-rt-2.1.5-01-natives-macosx-universal.jar
7f32f404c000-7f32f404d000 r--s 00000000 08:11 16389438                   /home/klemen/.m2/repository/org/jogamp/gluegen/gluegen-rt/2.1.5-01/gluegen-rt-2.1.5-01-natives-linux-i586.jar
7f32f404d000-7f32f404e000 r--s 00000000 08:11 16389437                   /home/klemen/.m2/repository/org/jogamp/gluegen/gluegen-rt/2.1.5-01/gluegen-rt-2.1.5-01-natives-linux-armv6hf.jar
7f32f404e000-7f32f404f000 r--s 00000000 08:11 16389436                   /home/klemen/.m2/repository/org/jogamp/gluegen/gluegen-rt/2.1.5-01/gluegen-rt-2.1.5-01-natives-linux-armv6.jar
7f32f404f000-7f32f4050000 r--s 00000000 08:11 16389435                   /home/klemen/.m2/repository/org/jogamp/gluegen/gluegen-rt/2.1.5-01/gluegen-rt-2.1.5-01-natives-linux-amd64.jar
7f32f4050000-7f32f4056000 r--s 00041000 08:11 16389433                   /home/klemen/.m2/repository/org/jogamp/gluegen/gluegen-rt/2.1.5-01/gluegen-rt-2.1.5-01.jar
7f32f4056000-7f32f4058000 r--s 0000b000 08:11 22284577                   /home/klemen/.m2/repository/org/hamcrest/hamcrest-library/1.3.RC2/hamcrest-library-1.3.RC2.jar
7f32f4058000-7f32f405e000 r--s 00033000 08:11 22284575                   /home/klemen/.m2/repository/org/yaml/snakeyaml/1.6/snakeyaml-1.6.jar
7f32f405e000-7f32f4063000 r--s 00040000 08:11 23478824                   /home/klemen/.m2/repository/org/beanshell/bsh/2.0b4/bsh-2.0b4.jar
7f32f4063000-7f32f406a000 r--s 00037000 08:11 15468013                   /home/klemen/.m2/repository/junit/junit/4.10/junit-4.10.jar
7f32f406a000-7f32f4076000 r--s 000a4000 08:11 22284573                   /home/klemen/.m2/repository/org/testng/testng/6.5.2/testng-6.5.2.jar
7f32f4076000-7f32f49cb000 rw-p 00000000 00:00 0 
7f32f49cb000-7f32f49cc000 ---p 00000000 00:00 0 
7f32f49cc000-7f32f4b20000 rw-p 00000000 00:00 0                          [stack:3365]
7f32f4b20000-7f32f5000000 rw-p 00000000 00:00 0 
7f32f5000000-7f32f5270000 rwxp 00000000 00:00 0 
7f32f5270000-7f32f8ae7000 rw-p 00000000 00:00 0 
7f32f8ae7000-7f32fc000000 ---p 00000000 00:00 0 
7f32fc000000-7f32fc001000 r--s 00001000 08:11 16389434                   /home/klemen/.m2/repository/org/jogamp/gluegen/gluegen-rt/2.1.5-01/gluegen-rt-2.1.5-01-natives-android-armv6.jar
7f32fc001000-7f32fc003000 r--s 00006000 08:11 22284574                   /home/klemen/.m2/repository/com/beust/jcommander/1.12/jcommander-1.12.jar
7f32fc003000-7f32fc0bd000 rw-p 00000000 00:00 0 
7f32fc0bd000-7f32fc0be000 ---p 00000000 00:00 0 
7f32fc0be000-7f32fc1be000 rw-p 00000000 00:00 0                          [stack:3364]
7f32fc1be000-7f32fc1bf000 ---p 00000000 00:00 0 
7f32fc1bf000-7f32fc2bf000 rw-p 00000000 00:00 0                          [stack:3363]
7f32fc2bf000-7f32fc2c0000 ---p 00000000 00:00 0 
7f32fc2c0000-7f32fc3cb000 rw-p 00000000 00:00 0                          [stack:3362]
7f32fc3cb000-7f32fc3e9000 rw-p 00000000 00:00 0 
7f32fc3e9000-7f32fc3f4000 rw-p 00000000 00:00 0 
7f32fc3f4000-7f32fc412000 rw-p 00000000 00:00 0 
7f32fc412000-7f32fc466000 rw-p 00000000 00:00 0 
7f32fc466000-7f32fc946000 rw-p 00000000 00:00 0 
7f32fc946000-7f32fc96a000 rw-p 00000000 00:00 0 
7f32fc96a000-7f32fc970000 ---p 00000000 00:00 0 
7f32fc970000-7f32fcbe0000 rw-p 00000000 00:00 0 
7f32fcbe0000-7f32fcbe1000 rw-p 00000000 00:00 0 
7f32fcbe1000-7f32fcbfb000 r-xp 00000000 08:11 13238557                   /usr/lib/jvm/java-7-oracle/jre/lib/amd64/libzip.so
7f32fcbfb000-7f32fcdfb000 ---p 0001a000 08:11 13238557                   /usr/lib/jvm/java-7-oracle/jre/lib/amd64/libzip.so
7f32fcdfb000-7f32fcdfc000 rw-p 0001a000 08:11 13238557                   /usr/lib/jvm/java-7-oracle/jre/lib/amd64/libzip.so
7f32fcdfc000-7f32fce07000 r-xp 00000000 08:11 5376907                    /lib/x86_64-linux-gnu/libnss_files-2.19.so
7f32fce07000-7f32fd006000 ---p 0000b000 08:11 5376907                    /lib/x86_64-linux-gnu/libnss_files-2.19.so
7f32fd006000-7f32fd007000 r--p 0000a000 08:11 5376907                    /lib/x86_64-linux-gnu/libnss_files-2.19.so
7f32fd007000-7f32fd008000 rw-p 0000b000 08:11 5376907                    /lib/x86_64-linux-gnu/libnss_files-2.19.so
7f32fd008000-7f32fd013000 r-xp 00000000 08:11 5376926                    /lib/x86_64-linux-gnu/libnss_nis-2.19.so
7f32fd013000-7f32fd212000 ---p 0000b000 08:11 5376926                    /lib/x86_64-linux-gnu/libnss_nis-2.19.so
7f32fd212000-7f32fd213000 r--p 0000a000 08:11 5376926                    /lib/x86_64-linux-gnu/libnss_nis-2.19.so
7f32fd213000-7f32fd214000 rw-p 0000b000 08:11 5376926                    /lib/x86_64-linux-gnu/libnss_nis-2.19.so
7f32fd214000-7f32fd22b000 r-xp 00000000 08:11 5374912                    /lib/x86_64-linux-gnu/libnsl-2.19.so
7f32fd22b000-7f32fd42a000 ---p 00017000 08:11 5374912                    /lib/x86_64-linux-gnu/libnsl-2.19.so
7f32fd42a000-7f32fd42b000 r--p 00016000 08:11 5374912                    /lib/x86_64-linux-gnu/libnsl-2.19.so
7f32fd42b000-7f32fd42c000 rw-p 00017000 08:11 5374912                    /lib/x86_64-linux-gnu/libnsl-2.19.so
7f32fd42c000-7f32fd42e000 rw-p 00000000 00:00 0 
7f32fd42e000-7f32fd437000 r-xp 00000000 08:11 5376917                    /lib/x86_64-linux-gnu/libnss_compat-2.19.so
7f32fd437000-7f32fd636000 ---p 00009000 08:11 5376917                    /lib/x86_64-linux-gnu/libnss_compat-2.19.so
7f32fd636000-7f32fd637000 r--p 00008000 08:11 5376917                    /lib/x86_64-linux-gnu/libnss_compat-2.19.so
7f32fd637000-7f32fd638000 rw-p 00009000 08:11 5376917                    /lib/x86_64-linux-gnu/libnss_compat-2.19.so
7f32fd638000-7f32fde4f000 r--p 00000000 08:11 11147858                   /usr/lib/locale/locale-archive
7f32fde4f000-7f32fde52000 r-xp 00000000 08:11 13238521                   /usr/lib/jvm/java-7-oracle/jre/lib/amd64/libnpt.so
7f32fde52000-7f32fe051000 ---p 00003000 08:11 13238521                   /usr/lib/jvm/java-7-oracle/jre/lib/amd64/libnpt.so
7f32fe051000-7f32fe052000 rw-p 00002000 08:11 13238521                   /usr/lib/jvm/java-7-oracle/jre/lib/amd64/libnpt.so
7f32fe052000-7f32fe08b000 r-xp 00000000 08:11 13238519                   /usr/lib/jvm/java-7-oracle/jre/lib/amd64/libjdwp.so
7f32fe08b000-7f32fe28b000 ---p 00039000 08:11 13238519                   /usr/lib/jvm/java-7-oracle/jre/lib/amd64/libjdwp.so
7f32fe28b000-7f32fe28c000 rw-p 00039000 08:11 13238519                   /usr/lib/jvm/java-7-oracle/jre/lib/amd64/libjdwp.so
7f32fe28c000-7f32fe28d000 rw-p 00000000 00:00 0 
7f32fe28d000-7f32fe2b6000 r-xp 00000000 08:11 13238539                   /usr/lib/jvm/java-7-oracle/jre/lib/amd64/libjava.so
7f32fe2b6000-7f32fe4b6000 ---p 00029000 08:11 13238539                   /usr/lib/jvm/java-7-oracle/jre/lib/amd64/libjava.so
7f32fe4b6000-7f32fe4b8000 rw-p 00029000 08:11 13238539                   /usr/lib/jvm/java-7-oracle/jre/lib/amd64/libjava.so
7f32fe4b8000-7f32fe4c5000 r-xp 00000000 08:11 13238544                   /usr/lib/jvm/java-7-oracle/jre/lib/amd64/libverify.so
7f32fe4c5000-7f32fe6c4000 ---p 0000d000 08:11 13238544                   /usr/lib/jvm/java-7-oracle/jre/lib/amd64/libverify.so
7f32fe6c4000-7f32fe6c6000 rw-p 0000c000 08:11 13238544                   /usr/lib/jvm/java-7-oracle/jre/lib/amd64/libverify.so
7f32fe6c6000-7f32fe6cd000 r-xp 00000000 08:11 5376932                    /lib/x86_64-linux-gnu/librt-2.19.so
7f32fe6cd000-7f32fe8cc000 ---p 00007000 08:11 5376932                    /lib/x86_64-linux-gnu/librt-2.19.so
7f32fe8cc000-7f32fe8cd000 r--p 00006000 08:11 5376932                    /lib/x86_64-linux-gnu/librt-2.19.so
7f32fe8cd000-7f32fe8ce000 rw-p 00007000 08:11 5376932                    /lib/x86_64-linux-gnu/librt-2.19.so
7f32fe8ce000-7f32fe9d3000 r-xp 00000000 08:11 5374051                    /lib/x86_64-linux-gnu/libm-2.19.so
7f32fe9d3000-7f32febd2000 ---p 00105000 08:11 5374051                    /lib/x86_64-linux-gnu/libm-2.19.so
7f32febd2000-7f32febd3000 r--p 00104000 08:11 5374051                    /lib/x86_64-linux-gnu/libm-2.19.so
7f32febd3000-7f32febd4000 rw-p 00105000 08:11 5374051                    /lib/x86_64-linux-gnu/libm-2.19.so
7f32febd4000-7f32ff744000 r-xp 00000000 08:11 13238524                   /usr/lib/jvm/java-7-oracle/jre/lib/amd64/server/libjvm.so
7f32ff744000-7f32ff943000 ---p 00b70000 08:11 13238524                   /usr/lib/jvm/java-7-oracle/jre/lib/amd64/server/libjvm.so
7f32ff943000-7f32ffa08000 rw-p 00b6f000 08:11 13238524                   /usr/lib/jvm/java-7-oracle/jre/lib/amd64/server/libjvm.so
7f32ffa08000-7f32ffa48000 rw-p 00000000 00:00 0 
7f32ffa48000-7f32ffc03000 r-xp 00000000 08:11 5376928                    /lib/x86_64-linux-gnu/libc-2.19.so
7f32ffc03000-7f32ffe03000 ---p 001bb000 08:11 5376928                    /lib/x86_64-linux-gnu/libc-2.19.so
7f32ffe03000-7f32ffe07000 r--p 001bb000 08:11 5376928                    /lib/x86_64-linux-gnu/libc-2.19.so
7f32ffe07000-7f32ffe09000 rw-p 001bf000 08:11 5376928                    /lib/x86_64-linux-gnu/libc-2.19.so
7f32ffe09000-7f32ffe0e000 rw-p 00000000 00:00 0 
7f32ffe0e000-7f32ffe11000 r-xp 00000000 08:11 5376911                    /lib/x86_64-linux-gnu/libdl-2.19.so
7f32ffe11000-7f3300010000 ---p 00003000 08:11 5376911                    /lib/x86_64-linux-gnu/libdl-2.19.so
7f3300010000-7f3300011000 r--p 00002000 08:11 5376911                    /lib/x86_64-linux-gnu/libdl-2.19.so
7f3300011000-7f3300012000 rw-p 00003000 08:11 5376911                    /lib/x86_64-linux-gnu/libdl-2.19.so
7f3300012000-7f3300028000 r-xp 00000000 08:11 12453596                   /usr/lib/jvm/java-7-oracle/lib/amd64/jli/libjli.so
7f3300028000-7f3300228000 ---p 00016000 08:11 12453596                   /usr/lib/jvm/java-7-oracle/lib/amd64/jli/libjli.so
7f3300228000-7f3300229000 rw-p 00016000 08:11 12453596                   /usr/lib/jvm/java-7-oracle/lib/amd64/jli/libjli.so
7f3300229000-7f3300242000 r-xp 00000000 08:11 5375752                    /lib/x86_64-linux-gnu/libpthread-2.19.so
7f3300242000-7f3300441000 ---p 00019000 08:11 5375752                    /lib/x86_64-linux-gnu/libpthread-2.19.so
7f3300441000-7f3300442000 r--p 00018000 08:11 5375752                    /lib/x86_64-linux-gnu/libpthread-2.19.so
7f3300442000-7f3300443000 rw-p 00019000 08:11 5375752                    /lib/x86_64-linux-gnu/libpthread-2.19.so
7f3300443000-7f3300447000 rw-p 00000000 00:00 0 
7f3300447000-7f330046a000 r-xp 00000000 08:11 5376922                    /lib/x86_64-linux-gnu/ld-2.19.so
7f330046a000-7f330046c000 r--s 00009000 08:11 22284576                   /home/klemen/.m2/repository/org/hamcrest/hamcrest-core/1.3.RC2/hamcrest-core-1.3.RC2.jar
7f330046c000-7f3300472000 r--s 00048000 08:11 15604130                   /home/klemen/.m2/repository/org/apache/commons/commons-lang3/3.1/commons-lang3-3.1.jar
7f3300472000-7f3300476000 r--s 00029000 08:11 16126969                   /home/klemen/.m2/repository/commons-io/commons-io/2.3/commons-io-2.3.jar
7f3300476000-7f3300480000 rw-p 00000000 00:00 0 
7f3300480000-7f3300536000 rw-p 00000000 00:00 0 
7f3300536000-7f3300539000 ---p 00000000 00:00 0 
7f3300539000-7f330063b000 rw-p 00000000 00:00 0                          [stack:3357]
7f330063b000-7f330063c000 r--s 00000000 08:11 16389432                   /home/klemen/.m2/repository/org/jogamp/gluegen/gluegen-rt-main/2.1.5-01/gluegen-rt-main-2.1.5-01.jar
7f330063c000-7f330065d000 rw-p 00000000 00:00 0 
7f330065d000-7f3300665000 rw-s 00000000 08:11 7602863                    /tmp/hsperfdata_klemen/3355
7f3300665000-7f3300666000 rw-p 00000000 00:00 0 
7f3300666000-7f3300667000 r--p 00000000 00:00 0 
7f3300667000-7f3300669000 rw-p 00000000 00:00 0 
7f3300669000-7f330066a000 r--p 00022000 08:11 5376922                    /lib/x86_64-linux-gnu/ld-2.19.so
7f330066a000-7f330066b000 rw-p 00023000 08:11 5376922                    /lib/x86_64-linux-gnu/ld-2.19.so
7f330066b000-7f330066c000 rw-p 00000000 00:00 0 
7fff43b09000-7fff43b2b000 rw-p 00000000 00:00 0                          [stack]
7fff43bfe000-7fff43c00000 r-xp 00000000 00:00 0                          [vdso]
ffffffffff600000-ffffffffff601000 r-xp 00000000 00:00 0                  [vsyscall]

VM Arguments:
jvm_args: -agentlib:jdwp=transport=dt_socket,suspend=y,address=localhost:47807 -Dfile.encoding=UTF-8 
java_command: com.kz.grbl.SurfaceDemo
Launcher Type: SUN_STANDARD

Environment Variables:
JAVA_HOME=/usr/lib/jvm/java-7-oracle
PATH=/home/klemen/bin:/usr/local/sbin:/usr/local/bin:/usr/sbin:/usr/bin:/sbin:/bin:/usr/games:/usr/local/games
LD_LIBRARY_PATH=/usr/lib32
SHELL=/bin/bash
DISPLAY=:0

Signal Handlers:
SIGSEGV: [libjvm.so+0x99f4a0], sa_mask[0]=0x7ffbfeff, sa_flags=0x10000004
SIGBUS: [libjvm.so+0x99f4a0], sa_mask[0]=0x7ffbfeff, sa_flags=0x10000004
SIGFPE: [libjvm.so+0x81a860], sa_mask[0]=0x7ffbfeff, sa_flags=0x10000004
SIGPIPE: [libjvm.so+0x81a860], sa_mask[0]=0x7ffbfeff, sa_flags=0x10000004
SIGXFSZ: [libjvm.so+0x81a860], sa_mask[0]=0x7ffbfeff, sa_flags=0x10000004
SIGILL: [libjvm.so+0x81a860], sa_mask[0]=0x7ffbfeff, sa_flags=0x10000004
SIGUSR1: SIG_DFL, sa_mask[0]=0x00000000, sa_flags=0x00000000
SIGUSR2: [libjvm.so+0x81c060], sa_mask[0]=0x00000004, sa_flags=0x10000004
SIGHUP: [libjvm.so+0x81d160], sa_mask[0]=0x7ffbfeff, sa_flags=0x10000004
SIGINT: [libjvm.so+0x81d160], sa_mask[0]=0x7ffbfeff, sa_flags=0x10000004
SIGTERM: [libjvm.so+0x81d160], sa_mask[0]=0x7ffbfeff, sa_flags=0x10000004
SIGQUIT: [libjvm.so+0x81d160], sa_mask[0]=0x7ffbfeff, sa_flags=0x10000004


---------------  S Y S T E M  ---------------

OS: